-- The C compiler identification is GNU 11.4.0
-- The CXX compiler identification is GNU 11.4.0
-- Detecting C compiler ABI info
-- Detecting C compiler ABI info - done
-- Check for working C compiler: /usr/bin/cc - skipped
-- Detecting C compile features
-- Detecting C compile features - done
-- Detecting CXX compiler ABI info
-- Detecting CXX compiler ABI info - done
-- Check for working CXX compiler: /usr/bin/c++ - skipped
-- Detecting CXX compile features
-- Detecting CXX compile features - done
-- Found ament_cmake: 1.3.8 (/opt/ros/humble/share/ament_cmake/cmake)
-- Found Python3: /usr/bin/python3 (found version "3.10.12") found components: Interpreter 
-- Found ament_lint_auto: 0.12.10 (/opt/ros/humble/share/ament_lint_auto/cmake)
-- Added test 'flake8' to check Python code syntax and style conventions
-- Added test 'lint_cmake' to check CMake code style
-- Added test 'pep257' to check Python code against some of the docstring style conventions in PEP 257
-- Added test 'xmllint' to check XML markup files
-- Configuring done
-- Generating done
-- Build files have been written to: /home/the-hassan-shahzad/ros2_ws/src/openbase2/build/openbase2_description
-- Install configuration: ""
-- Installing: /home/the-hassan-shahzad/ros2_ws/src/openbase2/install/openbase2_description/share/openbase2_description/urdf
-- Installing: /home/the-hassan-shahzad/ros2_ws/src/openbase2/install/openbase2_description/share/openbase2_description/urdf/openbase2.xacro
-- Installing: /home/the-hassan-shahzad/ros2_ws/src/openbase2/install/openbase2_description/share/openbase2_description/meshes
-- Installing: /home/the-hassan-shahzad/ros2_ws/src/openbase2/install/openbase2_description/share/openbase2_description/meshes/base_link_visual.stl
-- Installing: /home/the-hassan-shahzad/ros2_ws/src/openbase2/install/openbase2_description/share/openbase2_description/meshes/base_link_collision.stl.stl
-- Installing: /home/the-hassan-shahzad/ros2_ws/src/openbase2/install/openbase2_description/share/openbase2_description/launch
-- Installing: /home/the-hassan-shahzad/ros2_ws/src/openbase2/install/openbase2_description/share/openbase2_description/launch/display.launch.py
-- Installing: /home/the-hassan-shahzad/ros2_ws/src/openbase2/install/openbase2_description/share/openbase2_description/rviz
-- Installing: /home/the-hassan-shahzad/ros2_ws/src/openbase2/install/openbase2_description/share/openbase2_description/rviz/display_config.rviz
-- Installing: /home/the-hassan-shahzad/ros2_ws/src/openbase2/install/openbase2_description/share/ament_index/resource_index/package_run_dependencies/openbase2_description
-- Installing: /home/the-hassan-shahzad/ros2_ws/src/openbase2/install/openbase2_description/share/ament_index/resource_index/parent_prefix_path/openbase2_description
-- Installing: /home/the-hassan-shahzad/ros2_ws/src/openbase2/install/openbase2_description/share/openbase2_description/environment/ament_prefix_path.sh
-- Installing: /home/the-hassan-shahzad/ros2_ws/src/openbase2/install/openbase2_description/share/openbase2_description/environment/ament_prefix_path.dsv
-- Installing: /home/the-hassan-shahzad/ros2_ws/src/openbase2/install/openbase2_description/share/openbase2_description/environment/path.sh
-- Installing: /home/the-hassan-shahzad/ros2_ws/src/openbase2/install/openbase2_description/share/openbase2_description/environment/path.dsv
-- Installing: /home/the-hassan-shahzad/ros2_ws/src/openbase2/install/openbase2_description/share/openbase2_description/local_setup.bash
-- Installing: /home/the-hassan-shahzad/ros2_ws/src/openbase2/install/openbase2_description/share/openbase2_description/local_setup.sh
-- Installing: /home/the-hassan-shahzad/ros2_ws/src/openbase2/install/openbase2_description/share/openbase2_description/local_setup.zsh
-- Installing: /home/the-hassan-shahzad/ros2_ws/src/openbase2/install/openbase2_description/share/openbase2_description/local_setup.dsv
-- Installing: /home/the-hassan-shahzad/ros2_ws/src/openbase2/install/openbase2_description/share/openbase2_description/package.dsv
-- Installing: /home/the-hassan-shahzad/ros2_ws/src/openbase2/install/openbase2_description/share/ament_index/resource_index/packages/openbase2_description
-- Installing: /home/the-hassan-shahzad/ros2_ws/src/openbase2/install/openbase2_description/share/openbase2_description/cmake/openbase2_descriptionConfig.cmake
-- Installing: /home/the-hassan-shahzad/ros2_ws/src/openbase2/install/openbase2_description/share/openbase2_description/cmake/openbase2_descriptionConfig-version.cmake
-- Installing: /home/the-hassan-shahzad/ros2_ws/src/openbase2/install/openbase2_description/share/openbase2_description/package.xml
