[0.219s] Invoking command in '/home/the-hassan-shahzad/ros2_ws/src/openbase2/build/openbase2_msgs': CMAKE_PREFIX_PATH=/home/the-hassan-shahzad/ros2_ws/install/realsense2_description:/home/the-hassan-shahzad/ros2_ws/install/realsense2_camera:/home/the-hassan-shahzad/ros2_ws/install/realsense2_camera_msgs:/home/the-hassan-shahzad/ros2_ws/install/tello_msg:/home/the-hassan-shahzad/ros2_ws/install/tello_control:/home/the-hassan-shahzad/ros2_ws/install/simple_robot_arm_bringup:/home/the-hassan-shahzad/ros2_ws/install/serial_motor_demo_msgs:/home/the-hassan-shahzad/ros2_ws/install/sbus_serial:/home/the-hassan-shahzad/ros2_ws/install/z24_description:/home/the-hassan-shahzad/ros2_ws/install/true_a24_description:/home/the-hassan-shahzad/ros2_ws/install/tello:/home/the-hassan-shahzad/ros2_ws/install/simple_robot_arm_description:/home/the-hassan-shahzad/ros2_ws/install/serial_motor_demo:/home/the-hassan-shahzad/ros2_ws/install/rosshow:/home/the-hassan-shahzad/ros2_ws/install/rosboard:/home/the-hassan-shahzad/ros2_ws/install/radioROS:/home/the-hassan-shahzad/ros2_ws/install/pybullet_main_description:/home/the-hassan-shahzad/ros2_ws/install/openbase2_scripts:/home/the-hassan-shahzad/ros2_ws/install/m24_description:/home/the-hassan-shahzad/ros2_ws/install/bno055:/home/the-hassan-shahzad/ros2_ws/install/BiStable_scripts:/home/the-hassan-shahzad/ros2_ws/install/a24_scripts:/home/the-hassan-shahzad/ros2_ws/install/a24_description:/home/the-hassan-shahzad/ros2_ws/install/Versa4_description:/home/the-hassan-shahzad/ros2_ws/install/RoboPipe:/home/the-hassan-shahzad/ros2_ws/install/BiStable_description:/opt/ros/humble:/home/the-hassan-shahzad/ros2_ws/install/openbase2_msgs:/home/the-hassan-shahzad/ros2_ws/install/openbase2_description:/home/the-hassan-shahzad/ros2_ws/install/my_bot:/home/the-hassan-shahzad/ros2_ws/install/bistable_bringup:/home/the-hassan-shahzad/ros2_ws/install/micro_ros_agent:/home/the-hassan-shahzad/ros2_ws/install/bistable_interfaces:/home/the-hassan-shahzad/ros2_ws/install/a24_bringup /usr/bin/cmake --build /home/the-hassan-shahzad/ros2_ws/src/openbase2/build/openbase2_msgs -- -j16 -l16
[0.243s] [35m[1mConsolidate compiler generated dependencies of target openbase2_msgs__rosidl_generator_c[0m
[0.249s] [  2%] Built target openbase2_msgs__cpp
[0.250s] [ 12%] Built target openbase2_msgs__rosidl_generator_c
[0.257s] [35m[1mConsolidate compiler generated dependencies of target openbase2_msgs__rosidl_typesupport_fastrtps_cpp[0m
[0.257s] [35m[1mConsolidate compiler generated dependencies of target openbase2_msgs__rosidl_typesupport_fastrtps_c[0m
[0.258s] [ 12%] Built target ament_cmake_python_copy_openbase2_msgs
[0.261s] [35m[1mConsolidate compiler generated dependencies of target openbase2_msgs__rosidl_typesupport_cpp[0m
[0.261s] [35m[1mConsolidate compiler generated dependencies of target openbase2_msgs__rosidl_typesupport_introspection_cpp[0m
[0.261s] [35m[1mConsolidate compiler generated dependencies of target openbase2_msgs__rosidl_typesupport_introspection_c[0m
[0.262s] [35m[1mConsolidate compiler generated dependencies of target openbase2_msgs__rosidl_typesupport_c[0m
[0.265s] [ 23%] Built target openbase2_msgs__rosidl_typesupport_fastrtps_cpp
[0.266s] [ 33%] Built target openbase2_msgs__rosidl_typesupport_fastrtps_c
[0.271s] [ 43%] Built target openbase2_msgs__rosidl_typesupport_introspection_c
[0.272s] [ 53%] Built target openbase2_msgs__rosidl_typesupport_cpp
[0.273s] [ 64%] Built target openbase2_msgs__rosidl_typesupport_c
[0.275s] [ 74%] Built target openbase2_msgs__rosidl_typesupport_introspection_cpp
[0.289s] [ 74%] Built target openbase2_msgs
[0.304s] [ 76%] Built target openbase2_msgs__py
[0.312s] [35m[1mConsolidate compiler generated dependencies of target openbase2_msgs__rosidl_generator_py[0m
[0.321s] [ 84%] Built target openbase2_msgs__rosidl_generator_py
[0.329s] [35m[1mConsolidate compiler generated dependencies of target openbase2_msgs__rosidl_typesupport_introspection_c__pyext[0m
[0.329s] [35m[1mConsolidate compiler generated dependencies of target openbase2_msgs__rosidl_typesupport_fastrtps_c__pyext[0m
[0.335s] [35m[1mConsolidate compiler generated dependencies of target openbase2_msgs__rosidl_typesupport_c__pyext[0m
[0.338s] [ 92%] Built target openbase2_msgs__rosidl_typesupport_introspection_c__pyext
[0.338s] [ 94%] Built target openbase2_msgs__rosidl_typesupport_fastrtps_c__pyext
[0.346s] [100%] Built target openbase2_msgs__rosidl_typesupport_c__pyext
[0.453s] running egg_info
[0.453s] writing openbase2_msgs.egg-info/PKG-INFO
[0.453s] writing dependency_links to openbase2_msgs.egg-info/dependency_links.txt
[0.453s] writing top-level names to openbase2_msgs.egg-info/top_level.txt
[0.453s] reading manifest file 'openbase2_msgs.egg-info/SOURCES.txt'
[0.454s] writing manifest file 'openbase2_msgs.egg-info/SOURCES.txt'
[0.473s] [100%] Built target ament_cmake_python_build_openbase2_msgs_egg
[0.481s] Invoked command in '/home/the-hassan-shahzad/ros2_ws/src/openbase2/build/openbase2_msgs' returned '0': CMAKE_PREFIX_PATH=/home/the-hassan-shahzad/ros2_ws/install/realsense2_description:/home/the-hassan-shahzad/ros2_ws/install/realsense2_camera:/home/the-hassan-shahzad/ros2_ws/install/realsense2_camera_msgs:/home/the-hassan-shahzad/ros2_ws/install/tello_msg:/home/the-hassan-shahzad/ros2_ws/install/tello_control:/home/the-hassan-shahzad/ros2_ws/install/simple_robot_arm_bringup:/home/the-hassan-shahzad/ros2_ws/install/serial_motor_demo_msgs:/home/the-hassan-shahzad/ros2_ws/install/sbus_serial:/home/the-hassan-shahzad/ros2_ws/install/z24_description:/home/the-hassan-shahzad/ros2_ws/install/true_a24_description:/home/the-hassan-shahzad/ros2_ws/install/tello:/home/the-hassan-shahzad/ros2_ws/install/simple_robot_arm_description:/home/the-hassan-shahzad/ros2_ws/install/serial_motor_demo:/home/the-hassan-shahzad/ros2_ws/install/rosshow:/home/the-hassan-shahzad/ros2_ws/install/rosboard:/home/the-hassan-shahzad/ros2_ws/install/radioROS:/home/the-hassan-shahzad/ros2_ws/install/pybullet_main_description:/home/the-hassan-shahzad/ros2_ws/install/openbase2_scripts:/home/the-hassan-shahzad/ros2_ws/install/m24_description:/home/the-hassan-shahzad/ros2_ws/install/bno055:/home/the-hassan-shahzad/ros2_ws/install/BiStable_scripts:/home/the-hassan-shahzad/ros2_ws/install/a24_scripts:/home/the-hassan-shahzad/ros2_ws/install/a24_description:/home/the-hassan-shahzad/ros2_ws/install/Versa4_description:/home/the-hassan-shahzad/ros2_ws/install/RoboPipe:/home/the-hassan-shahzad/ros2_ws/install/BiStable_description:/opt/ros/humble:/home/the-hassan-shahzad/ros2_ws/install/openbase2_msgs:/home/the-hassan-shahzad/ros2_ws/install/openbase2_description:/home/the-hassan-shahzad/ros2_ws/install/my_bot:/home/the-hassan-shahzad/ros2_ws/install/bistable_bringup:/home/the-hassan-shahzad/ros2_ws/install/micro_ros_agent:/home/the-hassan-shahzad/ros2_ws/install/bistable_interfaces:/home/the-hassan-shahzad/ros2_ws/install/a24_bringup /usr/bin/cmake --build /home/the-hassan-shahzad/ros2_ws/src/openbase2/build/openbase2_msgs -- -j16 -l16
[0.534s] Invoking command in '/home/the-hassan-shahzad/ros2_ws/src/openbase2/build/openbase2_msgs': CMAKE_PREFIX_PATH=/home/the-hassan-shahzad/ros2_ws/install/realsense2_description:/home/the-hassan-shahzad/ros2_ws/install/realsense2_camera:/home/the-hassan-shahzad/ros2_ws/install/realsense2_camera_msgs:/home/the-hassan-shahzad/ros2_ws/install/tello_msg:/home/the-hassan-shahzad/ros2_ws/install/tello_control:/home/the-hassan-shahzad/ros2_ws/install/simple_robot_arm_bringup:/home/the-hassan-shahzad/ros2_ws/install/serial_motor_demo_msgs:/home/the-hassan-shahzad/ros2_ws/install/sbus_serial:/home/the-hassan-shahzad/ros2_ws/install/z24_description:/home/the-hassan-shahzad/ros2_ws/install/true_a24_description:/home/the-hassan-shahzad/ros2_ws/install/tello:/home/the-hassan-shahzad/ros2_ws/install/simple_robot_arm_description:/home/the-hassan-shahzad/ros2_ws/install/serial_motor_demo:/home/the-hassan-shahzad/ros2_ws/install/rosshow:/home/the-hassan-shahzad/ros2_ws/install/rosboard:/home/the-hassan-shahzad/ros2_ws/install/radioROS:/home/the-hassan-shahzad/ros2_ws/install/pybullet_main_description:/home/the-hassan-shahzad/ros2_ws/install/openbase2_scripts:/home/the-hassan-shahzad/ros2_ws/install/m24_description:/home/the-hassan-shahzad/ros2_ws/install/bno055:/home/the-hassan-shahzad/ros2_ws/install/BiStable_scripts:/home/the-hassan-shahzad/ros2_ws/install/a24_scripts:/home/the-hassan-shahzad/ros2_ws/install/a24_description:/home/the-hassan-shahzad/ros2_ws/install/Versa4_description:/home/the-hassan-shahzad/ros2_ws/install/RoboPipe:/home/the-hassan-shahzad/ros2_ws/install/BiStable_description:/opt/ros/humble:/home/the-hassan-shahzad/ros2_ws/install/openbase2_msgs:/home/the-hassan-shahzad/ros2_ws/install/openbase2_description:/home/the-hassan-shahzad/ros2_ws/install/my_bot:/home/the-hassan-shahzad/ros2_ws/install/bistable_bringup:/home/the-hassan-shahzad/ros2_ws/install/micro_ros_agent:/home/the-hassan-shahzad/ros2_ws/install/bistable_interfaces:/home/the-hassan-shahzad/ros2_ws/install/a24_bringup /usr/bin/cmake --install /home/the-hassan-shahzad/ros2_ws/src/openbase2/build/openbase2_msgs
[0.541s] -- Install configuration: ""
[0.541s] -- Up-to-date: /home/the-hassan-shahzad/ros2_ws/src/openbase2/install/openbase2_msgs/share/ament_index/resource_index/rosidl_interfaces/openbase2_msgs
[0.541s] -- Up-to-date: /home/the-hassan-shahzad/ros2_ws/src/openbase2/install/openbase2_msgs/include/openbase2_msgs/openbase2_msgs
[0.541s] -- Up-to-date: /home/the-hassan-shahzad/ros2_ws/src/openbase2/install/openbase2_msgs/include/openbase2_msgs/openbase2_msgs/msg
[0.541s] -- Up-to-date: /home/the-hassan-shahzad/ros2_ws/src/openbase2/install/openbase2_msgs/include/openbase2_msgs/openbase2_msgs/msg/motor_vels.h
[0.541s] -- Up-to-date: /home/the-hassan-shahzad/ros2_ws/src/openbase2/install/openbase2_msgs/include/openbase2_msgs/openbase2_msgs/msg/detail
[0.541s] -- Up-to-date: /home/the-hassan-shahzad/ros2_ws/src/openbase2/install/openbase2_msgs/include/openbase2_msgs/openbase2_msgs/msg/detail/encoder_data__type_support.h
[0.541s] -- Up-to-date: /home/the-hassan-shahzad/ros2_ws/src/openbase2/install/openbase2_msgs/include/openbase2_msgs/openbase2_msgs/msg/detail/encoder_data__functions.c
[0.541s] -- Up-to-date: /home/the-hassan-shahzad/ros2_ws/src/openbase2/install/openbase2_msgs/include/openbase2_msgs/openbase2_msgs/msg/detail/motor_vels__functions.c
[0.541s] -- Up-to-date: /home/the-hassan-shahzad/ros2_ws/src/openbase2/install/openbase2_msgs/include/openbase2_msgs/openbase2_msgs/msg/detail/encoder_data__functions.h
[0.541s] -- Up-to-date: /home/the-hassan-shahzad/ros2_ws/src/openbase2/install/openbase2_msgs/include/openbase2_msgs/openbase2_msgs/msg/detail/motor_vels__functions.h
[0.541s] -- Up-to-date: /home/the-hassan-shahzad/ros2_ws/src/openbase2/install/openbase2_msgs/include/openbase2_msgs/openbase2_msgs/msg/detail/motor_vels__type_support.h
[0.541s] -- Up-to-date: /home/the-hassan-shahzad/ros2_ws/src/openbase2/install/openbase2_msgs/include/openbase2_msgs/openbase2_msgs/msg/detail/motor_vels__struct.h
[0.541s] -- Up-to-date: /home/the-hassan-shahzad/ros2_ws/src/openbase2/install/openbase2_msgs/include/openbase2_msgs/openbase2_msgs/msg/detail/encoder_data__struct.h
[0.541s] -- Up-to-date: /home/the-hassan-shahzad/ros2_ws/src/openbase2/install/openbase2_msgs/include/openbase2_msgs/openbase2_msgs/msg/rosidl_generator_c__visibility_control.h
[0.541s] -- Up-to-date: /home/the-hassan-shahzad/ros2_ws/src/openbase2/install/openbase2_msgs/include/openbase2_msgs/openbase2_msgs/msg/encoder_data.h
[0.541s] -- Up-to-date: /home/the-hassan-shahzad/ros2_ws/src/openbase2/install/openbase2_msgs/share/openbase2_msgs/environment/library_path.sh
[0.542s] -- Up-to-date: /home/the-hassan-shahzad/ros2_ws/src/openbase2/install/openbase2_msgs/share/openbase2_msgs/environment/library_path.dsv
[0.542s] -- Up-to-date: /home/the-hassan-shahzad/ros2_ws/src/openbase2/install/openbase2_msgs/lib/libopenbase2_msgs__rosidl_generator_c.so
[0.542s] -- Up-to-date: /home/the-hassan-shahzad/ros2_ws/src/openbase2/install/openbase2_msgs/include/openbase2_msgs/openbase2_msgs
[0.542s] -- Up-to-date: /home/the-hassan-shahzad/ros2_ws/src/openbase2/install/openbase2_msgs/include/openbase2_msgs/openbase2_msgs/msg
[0.542s] -- Up-to-date: /home/the-hassan-shahzad/ros2_ws/src/openbase2/install/openbase2_msgs/include/openbase2_msgs/openbase2_msgs/msg/rosidl_typesupport_fastrtps_c__visibility_control.h
[0.542s] -- Up-to-date: /home/the-hassan-shahzad/ros2_ws/src/openbase2/install/openbase2_msgs/include/openbase2_msgs/openbase2_msgs/msg/detail
[0.542s] -- Up-to-date: /home/the-hassan-shahzad/ros2_ws/src/openbase2/install/openbase2_msgs/include/openbase2_msgs/openbase2_msgs/msg/detail/encoder_data__rosidl_typesupport_fastrtps_c.h
[0.542s] -- Up-to-date: /home/the-hassan-shahzad/ros2_ws/src/openbase2/install/openbase2_msgs/include/openbase2_msgs/openbase2_msgs/msg/detail/motor_vels__rosidl_typesupport_fastrtps_c.h
[0.542s] -- Up-to-date: /home/the-hassan-shahzad/ros2_ws/src/openbase2/install/openbase2_msgs/lib/libopenbase2_msgs__rosidl_typesupport_fastrtps_c.so
[0.542s] -- Up-to-date: /home/the-hassan-shahzad/ros2_ws/src/openbase2/install/openbase2_msgs/include/openbase2_msgs/openbase2_msgs
[0.542s] -- Up-to-date: /home/the-hassan-shahzad/ros2_ws/src/openbase2/install/openbase2_msgs/include/openbase2_msgs/openbase2_msgs/msg
[0.542s] -- Up-to-date: /home/the-hassan-shahzad/ros2_ws/src/openbase2/install/openbase2_msgs/include/openbase2_msgs/openbase2_msgs/msg/rosidl_typesupport_introspection_c__visibility_control.h
[0.542s] -- Up-to-date: /home/the-hassan-shahzad/ros2_ws/src/openbase2/install/openbase2_msgs/include/openbase2_msgs/openbase2_msgs/msg/detail
[0.542s] -- Up-to-date: /home/the-hassan-shahzad/ros2_ws/src/openbase2/install/openbase2_msgs/include/openbase2_msgs/openbase2_msgs/msg/detail/encoder_data__rosidl_typesupport_introspection_c.h
[0.542s] -- Up-to-date: /home/the-hassan-shahzad/ros2_ws/src/openbase2/install/openbase2_msgs/include/openbase2_msgs/openbase2_msgs/msg/detail/encoder_data__type_support.c
[0.542s] -- Up-to-date: /home/the-hassan-shahzad/ros2_ws/src/openbase2/install/openbase2_msgs/include/openbase2_msgs/openbase2_msgs/msg/detail/motor_vels__rosidl_typesupport_introspection_c.h
[0.542s] -- Up-to-date: /home/the-hassan-shahzad/ros2_ws/src/openbase2/install/openbase2_msgs/include/openbase2_msgs/openbase2_msgs/msg/detail/motor_vels__type_support.c
[0.542s] -- Up-to-date: /home/the-hassan-shahzad/ros2_ws/src/openbase2/install/openbase2_msgs/lib/libopenbase2_msgs__rosidl_typesupport_introspection_c.so
[0.542s] -- Up-to-date: /home/the-hassan-shahzad/ros2_ws/src/openbase2/install/openbase2_msgs/lib/libopenbase2_msgs__rosidl_typesupport_c.so
[0.542s] -- Up-to-date: /home/the-hassan-shahzad/ros2_ws/src/openbase2/install/openbase2_msgs/include/openbase2_msgs/openbase2_msgs
[0.542s] -- Up-to-date: /home/the-hassan-shahzad/ros2_ws/src/openbase2/install/openbase2_msgs/include/openbase2_msgs/openbase2_msgs/msg
[0.542s] -- Up-to-date: /home/the-hassan-shahzad/ros2_ws/src/openbase2/install/openbase2_msgs/include/openbase2_msgs/openbase2_msgs/msg/motor_vels.hpp
[0.542s] -- Up-to-date: /home/the-hassan-shahzad/ros2_ws/src/openbase2/install/openbase2_msgs/include/openbase2_msgs/openbase2_msgs/msg/detail
[0.542s] -- Up-to-date: /home/the-hassan-shahzad/ros2_ws/src/openbase2/install/openbase2_msgs/include/openbase2_msgs/openbase2_msgs/msg/detail/encoder_data__builder.hpp
[0.542s] -- Up-to-date: /home/the-hassan-shahzad/ros2_ws/src/openbase2/install/openbase2_msgs/include/openbase2_msgs/openbase2_msgs/msg/detail/encoder_data__traits.hpp
[0.543s] -- Up-to-date: /home/the-hassan-shahzad/ros2_ws/src/openbase2/install/openbase2_msgs/include/openbase2_msgs/openbase2_msgs/msg/detail/motor_vels__builder.hpp
[0.543s] -- Up-to-date: /home/the-hassan-shahzad/ros2_ws/src/openbase2/install/openbase2_msgs/include/openbase2_msgs/openbase2_msgs/msg/detail/encoder_data__struct.hpp
[0.543s] -- Up-to-date: /home/the-hassan-shahzad/ros2_ws/src/openbase2/install/openbase2_msgs/include/openbase2_msgs/openbase2_msgs/msg/detail/motor_vels__traits.hpp
[0.543s] -- Up-to-date: /home/the-hassan-shahzad/ros2_ws/src/openbase2/install/openbase2_msgs/include/openbase2_msgs/openbase2_msgs/msg/detail/motor_vels__struct.hpp
[0.543s] -- Up-to-date: /home/the-hassan-shahzad/ros2_ws/src/openbase2/install/openbase2_msgs/include/openbase2_msgs/openbase2_msgs/msg/encoder_data.hpp
[0.543s] -- Up-to-date: /home/the-hassan-shahzad/ros2_ws/src/openbase2/install/openbase2_msgs/include/openbase2_msgs/openbase2_msgs
[0.543s] -- Up-to-date: /home/the-hassan-shahzad/ros2_ws/src/openbase2/install/openbase2_msgs/include/openbase2_msgs/openbase2_msgs/msg
[0.543s] -- Up-to-date: /home/the-hassan-shahzad/ros2_ws/src/openbase2/install/openbase2_msgs/include/openbase2_msgs/openbase2_msgs/msg/detail
[0.543s] -- Up-to-date: /home/the-hassan-shahzad/ros2_ws/src/openbase2/install/openbase2_msgs/include/openbase2_msgs/openbase2_msgs/msg/detail/motor_vels__rosidl_typesupport_fastrtps_cpp.hpp
[0.543s] -- Up-to-date: /home/the-hassan-shahzad/ros2_ws/src/openbase2/install/openbase2_msgs/include/openbase2_msgs/openbase2_msgs/msg/detail/encoder_data__rosidl_typesupport_fastrtps_cpp.hpp
[0.543s] -- Up-to-date: /home/the-hassan-shahzad/ros2_ws/src/openbase2/install/openbase2_msgs/include/openbase2_msgs/openbase2_msgs/msg/detail/dds_fastrtps
[0.543s] -- Up-to-date: /home/the-hassan-shahzad/ros2_ws/src/openbase2/install/openbase2_msgs/include/openbase2_msgs/openbase2_msgs/msg/rosidl_typesupport_fastrtps_cpp__visibility_control.h
[0.543s] -- Up-to-date: /home/the-hassan-shahzad/ros2_ws/src/openbase2/install/openbase2_msgs/lib/libopenbase2_msgs__rosidl_typesupport_fastrtps_cpp.so
[0.543s] -- Up-to-date: /home/the-hassan-shahzad/ros2_ws/src/openbase2/install/openbase2_msgs/include/openbase2_msgs/openbase2_msgs
[0.543s] -- Up-to-date: /home/the-hassan-shahzad/ros2_ws/src/openbase2/install/openbase2_msgs/include/openbase2_msgs/openbase2_msgs/msg
[0.543s] -- Up-to-date: /home/the-hassan-shahzad/ros2_ws/src/openbase2/install/openbase2_msgs/include/openbase2_msgs/openbase2_msgs/msg/detail
[0.543s] -- Up-to-date: /home/the-hassan-shahzad/ros2_ws/src/openbase2/install/openbase2_msgs/include/openbase2_msgs/openbase2_msgs/msg/detail/motor_vels__rosidl_typesupport_introspection_cpp.hpp
[0.543s] -- Up-to-date: /home/the-hassan-shahzad/ros2_ws/src/openbase2/install/openbase2_msgs/include/openbase2_msgs/openbase2_msgs/msg/detail/motor_vels__type_support.cpp
[0.543s] -- Up-to-date: /home/the-hassan-shahzad/ros2_ws/src/openbase2/install/openbase2_msgs/include/openbase2_msgs/openbase2_msgs/msg/detail/encoder_data__type_support.cpp
[0.543s] -- Up-to-date: /home/the-hassan-shahzad/ros2_ws/src/openbase2/install/openbase2_msgs/include/openbase2_msgs/openbase2_msgs/msg/detail/encoder_data__rosidl_typesupport_introspection_cpp.hpp
[0.543s] -- Up-to-date: /home/the-hassan-shahzad/ros2_ws/src/openbase2/install/openbase2_msgs/lib/libopenbase2_msgs__rosidl_typesupport_introspection_cpp.so
[0.543s] -- Up-to-date: /home/the-hassan-shahzad/ros2_ws/src/openbase2/install/openbase2_msgs/lib/libopenbase2_msgs__rosidl_typesupport_cpp.so
[0.543s] -- Up-to-date: /home/the-hassan-shahzad/ros2_ws/src/openbase2/install/openbase2_msgs/share/openbase2_msgs/environment/pythonpath.sh
[0.544s] -- Up-to-date: /home/the-hassan-shahzad/ros2_ws/src/openbase2/install/openbase2_msgs/share/openbase2_msgs/environment/pythonpath.dsv
[0.544s] -- Up-to-date: /home/the-hassan-shahzad/ros2_ws/src/openbase2/install/openbase2_msgs/local/lib/python3.10/dist-packages/openbase2_msgs-0.0.0-py3.10.egg-info
[0.544s] -- Installing: /home/the-hassan-shahzad/ros2_ws/src/openbase2/install/openbase2_msgs/local/lib/python3.10/dist-packages/openbase2_msgs-0.0.0-py3.10.egg-info/SOURCES.txt
[0.544s] -- Installing: /home/the-hassan-shahzad/ros2_ws/src/openbase2/install/openbase2_msgs/local/lib/python3.10/dist-packages/openbase2_msgs-0.0.0-py3.10.egg-info/PKG-INFO
[0.544s] -- Installing: /home/the-hassan-shahzad/ros2_ws/src/openbase2/install/openbase2_msgs/local/lib/python3.10/dist-packages/openbase2_msgs-0.0.0-py3.10.egg-info/dependency_links.txt
[0.544s] -- Installing: /home/the-hassan-shahzad/ros2_ws/src/openbase2/install/openbase2_msgs/local/lib/python3.10/dist-packages/openbase2_msgs-0.0.0-py3.10.egg-info/top_level.txt
[0.544s] -- Up-to-date: /home/the-hassan-shahzad/ros2_ws/src/openbase2/install/openbase2_msgs/local/lib/python3.10/dist-packages/openbase2_msgs
[0.544s] -- Up-to-date: /home/the-hassan-shahzad/ros2_ws/src/openbase2/install/openbase2_msgs/local/lib/python3.10/dist-packages/openbase2_msgs/openbase2_msgs_s__rosidl_typesupport_fastrtps_c.cpython-310-x86_64-linux-gnu.so
[0.544s] -- Up-to-date: /home/the-hassan-shahzad/ros2_ws/src/openbase2/install/openbase2_msgs/local/lib/python3.10/dist-packages/openbase2_msgs/_openbase2_msgs_s.ep.rosidl_typesupport_fastrtps_c.c
[0.544s] -- Up-to-date: /home/the-hassan-shahzad/ros2_ws/src/openbase2/install/openbase2_msgs/local/lib/python3.10/dist-packages/openbase2_msgs/_openbase2_msgs_s.ep.rosidl_typesupport_introspection_c.c
[0.544s] -- Up-to-date: /home/the-hassan-shahzad/ros2_ws/src/openbase2/install/openbase2_msgs/local/lib/python3.10/dist-packages/openbase2_msgs/openbase2_msgs_s__rosidl_typesupport_introspection_c.cpython-310-x86_64-linux-gnu.so
[0.544s] -- Up-to-date: /home/the-hassan-shahzad/ros2_ws/src/openbase2/install/openbase2_msgs/local/lib/python3.10/dist-packages/openbase2_msgs/__init__.py
[0.545s] -- Up-to-date: /home/the-hassan-shahzad/ros2_ws/src/openbase2/install/openbase2_msgs/local/lib/python3.10/dist-packages/openbase2_msgs/libopenbase2_msgs__rosidl_generator_py.so
[0.545s] -- Up-to-date: /home/the-hassan-shahzad/ros2_ws/src/openbase2/install/openbase2_msgs/local/lib/python3.10/dist-packages/openbase2_msgs/_openbase2_msgs_s.ep.rosidl_typesupport_c.c
[0.545s] -- Up-to-date: /home/the-hassan-shahzad/ros2_ws/src/openbase2/install/openbase2_msgs/local/lib/python3.10/dist-packages/openbase2_msgs/msg
[0.545s] -- Up-to-date: /home/the-hassan-shahzad/ros2_ws/src/openbase2/install/openbase2_msgs/local/lib/python3.10/dist-packages/openbase2_msgs/msg/_motor_vels_s.c
[0.545s] -- Up-to-date: /home/the-hassan-shahzad/ros2_ws/src/openbase2/install/openbase2_msgs/local/lib/python3.10/dist-packages/openbase2_msgs/msg/_encoder_data_s.c
[0.545s] -- Up-to-date: /home/the-hassan-shahzad/ros2_ws/src/openbase2/install/openbase2_msgs/local/lib/python3.10/dist-packages/openbase2_msgs/msg/_encoder_data.py
[0.545s] -- Up-to-date: /home/the-hassan-shahzad/ros2_ws/src/openbase2/install/openbase2_msgs/local/lib/python3.10/dist-packages/openbase2_msgs/msg/__init__.py
[0.545s] -- Up-to-date: /home/the-hassan-shahzad/ros2_ws/src/openbase2/install/openbase2_msgs/local/lib/python3.10/dist-packages/openbase2_msgs/msg/_motor_vels.py
[0.545s] -- Up-to-date: /home/the-hassan-shahzad/ros2_ws/src/openbase2/install/openbase2_msgs/local/lib/python3.10/dist-packages/openbase2_msgs/openbase2_msgs_s__rosidl_typesupport_c.cpython-310-x86_64-linux-gnu.so
[0.573s] Listing '/home/the-hassan-shahzad/ros2_ws/src/openbase2/install/openbase2_msgs/local/lib/python3.10/dist-packages/openbase2_msgs'...
[0.573s] Listing '/home/the-hassan-shahzad/ros2_ws/src/openbase2/install/openbase2_msgs/local/lib/python3.10/dist-packages/openbase2_msgs/msg'...
[0.576s] -- Up-to-date: /home/the-hassan-shahzad/ros2_ws/src/openbase2/install/openbase2_msgs/local/lib/python3.10/dist-packages/openbase2_msgs/openbase2_msgs_s__rosidl_typesupport_fastrtps_c.cpython-310-x86_64-linux-gnu.so
[0.576s] -- Up-to-date: /home/the-hassan-shahzad/ros2_ws/src/openbase2/install/openbase2_msgs/local/lib/python3.10/dist-packages/openbase2_msgs/openbase2_msgs_s__rosidl_typesupport_introspection_c.cpython-310-x86_64-linux-gnu.so
[0.576s] -- Up-to-date: /home/the-hassan-shahzad/ros2_ws/src/openbase2/install/openbase2_msgs/local/lib/python3.10/dist-packages/openbase2_msgs/openbase2_msgs_s__rosidl_typesupport_c.cpython-310-x86_64-linux-gnu.so
[0.577s] -- Up-to-date: /home/the-hassan-shahzad/ros2_ws/src/openbase2/install/openbase2_msgs/lib/libopenbase2_msgs__rosidl_generator_py.so
[0.577s] -- Up-to-date: /home/the-hassan-shahzad/ros2_ws/src/openbase2/install/openbase2_msgs/share/openbase2_msgs/msg/MotorVels.idl
[0.577s] -- Up-to-date: /home/the-hassan-shahzad/ros2_ws/src/openbase2/install/openbase2_msgs/share/openbase2_msgs/msg/EncoderData.idl
[0.577s] -- Up-to-date: /home/the-hassan-shahzad/ros2_ws/src/openbase2/install/openbase2_msgs/share/openbase2_msgs/msg/MotorVels.msg
[0.577s] -- Up-to-date: /home/the-hassan-shahzad/ros2_ws/src/openbase2/install/openbase2_msgs/share/openbase2_msgs/msg/EncoderData.msg
[0.577s] -- Up-to-date: /home/the-hassan-shahzad/ros2_ws/src/openbase2/install/openbase2_msgs/share/ament_index/resource_index/package_run_dependencies/openbase2_msgs
[0.577s] -- Up-to-date: /home/the-hassan-shahzad/ros2_ws/src/openbase2/install/openbase2_msgs/share/ament_index/resource_index/parent_prefix_path/openbase2_msgs
[0.577s] -- Up-to-date: /home/the-hassan-shahzad/ros2_ws/src/openbase2/install/openbase2_msgs/share/openbase2_msgs/environment/ament_prefix_path.sh
[0.577s] -- Up-to-date: /home/the-hassan-shahzad/ros2_ws/src/openbase2/install/openbase2_msgs/share/openbase2_msgs/environment/ament_prefix_path.dsv
[0.577s] -- Up-to-date: /home/the-hassan-shahzad/ros2_ws/src/openbase2/install/openbase2_msgs/share/openbase2_msgs/environment/path.sh
[0.577s] -- Up-to-date: /home/the-hassan-shahzad/ros2_ws/src/openbase2/install/openbase2_msgs/share/openbase2_msgs/environment/path.dsv
[0.577s] -- Up-to-date: /home/the-hassan-shahzad/ros2_ws/src/openbase2/install/openbase2_msgs/share/openbase2_msgs/local_setup.bash
[0.577s] -- Up-to-date: /home/the-hassan-shahzad/ros2_ws/src/openbase2/install/openbase2_msgs/share/openbase2_msgs/local_setup.sh
[0.577s] -- Up-to-date: /home/the-hassan-shahzad/ros2_ws/src/openbase2/install/openbase2_msgs/share/openbase2_msgs/local_setup.zsh
[0.577s] -- Up-to-date: /home/the-hassan-shahzad/ros2_ws/src/openbase2/install/openbase2_msgs/share/openbase2_msgs/local_setup.dsv
[0.578s] -- Installing: /home/the-hassan-shahzad/ros2_ws/src/openbase2/install/openbase2_msgs/share/openbase2_msgs/package.dsv
[0.578s] -- Up-to-date: /home/the-hassan-shahzad/ros2_ws/src/openbase2/install/openbase2_msgs/share/ament_index/resource_index/packages/openbase2_msgs
[0.578s] -- Up-to-date: /home/the-hassan-shahzad/ros2_ws/src/openbase2/install/openbase2_msgs/share/openbase2_msgs/cmake/export_openbase2_msgs__rosidl_generator_cExport.cmake
[0.578s] -- Up-to-date: /home/the-hassan-shahzad/ros2_ws/src/openbase2/install/openbase2_msgs/share/openbase2_msgs/cmake/export_openbase2_msgs__rosidl_generator_cExport-noconfig.cmake
[0.578s] -- Up-to-date: /home/the-hassan-shahzad/ros2_ws/src/openbase2/install/openbase2_msgs/share/openbase2_msgs/cmake/export_openbase2_msgs__rosidl_typesupport_fastrtps_cExport.cmake
[0.578s] -- Up-to-date: /home/the-hassan-shahzad/ros2_ws/src/openbase2/install/openbase2_msgs/share/openbase2_msgs/cmake/export_openbase2_msgs__rosidl_typesupport_fastrtps_cExport-noconfig.cmake
[0.578s] -- Up-to-date: /home/the-hassan-shahzad/ros2_ws/src/openbase2/install/openbase2_msgs/share/openbase2_msgs/cmake/openbase2_msgs__rosidl_typesupport_introspection_cExport.cmake
[0.578s] -- Up-to-date: /home/the-hassan-shahzad/ros2_ws/src/openbase2/install/openbase2_msgs/share/openbase2_msgs/cmake/openbase2_msgs__rosidl_typesupport_introspection_cExport-noconfig.cmake
[0.578s] -- Up-to-date: /home/the-hassan-shahzad/ros2_ws/src/openbase2/install/openbase2_msgs/share/openbase2_msgs/cmake/openbase2_msgs__rosidl_typesupport_cExport.cmake
[0.578s] -- Up-to-date: /home/the-hassan-shahzad/ros2_ws/src/openbase2/install/openbase2_msgs/share/openbase2_msgs/cmake/openbase2_msgs__rosidl_typesupport_cExport-noconfig.cmake
[0.578s] -- Up-to-date: /home/the-hassan-shahzad/ros2_ws/src/openbase2/install/openbase2_msgs/share/openbase2_msgs/cmake/export_openbase2_msgs__rosidl_generator_cppExport.cmake
[0.578s] -- Up-to-date: /home/the-hassan-shahzad/ros2_ws/src/openbase2/install/openbase2_msgs/share/openbase2_msgs/cmake/export_openbase2_msgs__rosidl_typesupport_fastrtps_cppExport.cmake
[0.579s] -- Up-to-date: /home/the-hassan-shahzad/ros2_ws/src/openbase2/install/openbase2_msgs/share/openbase2_msgs/cmake/export_openbase2_msgs__rosidl_typesupport_fastrtps_cppExport-noconfig.cmake
[0.579s] -- Up-to-date: /home/the-hassan-shahzad/ros2_ws/src/openbase2/install/openbase2_msgs/share/openbase2_msgs/cmake/openbase2_msgs__rosidl_typesupport_introspection_cppExport.cmake
[0.579s] -- Up-to-date: /home/the-hassan-shahzad/ros2_ws/src/openbase2/install/openbase2_msgs/share/openbase2_msgs/cmake/openbase2_msgs__rosidl_typesupport_introspection_cppExport-noconfig.cmake
[0.579s] -- Up-to-date: /home/the-hassan-shahzad/ros2_ws/src/openbase2/install/openbase2_msgs/share/openbase2_msgs/cmake/openbase2_msgs__rosidl_typesupport_cppExport.cmake
[0.579s] -- Up-to-date: /home/the-hassan-shahzad/ros2_ws/src/openbase2/install/openbase2_msgs/share/openbase2_msgs/cmake/openbase2_msgs__rosidl_typesupport_cppExport-noconfig.cmake
[0.579s] -- Up-to-date: /home/the-hassan-shahzad/ros2_ws/src/openbase2/install/openbase2_msgs/share/openbase2_msgs/cmake/export_openbase2_msgs__rosidl_generator_pyExport.cmake
[0.579s] -- Up-to-date: /home/the-hassan-shahzad/ros2_ws/src/openbase2/install/openbase2_msgs/share/openbase2_msgs/cmake/export_openbase2_msgs__rosidl_generator_pyExport-noconfig.cmake
[0.579s] -- Up-to-date: /home/the-hassan-shahzad/ros2_ws/src/openbase2/install/openbase2_msgs/share/openbase2_msgs/cmake/rosidl_cmake-extras.cmake
[0.579s] -- Up-to-date: /home/the-hassan-shahzad/ros2_ws/src/openbase2/install/openbase2_msgs/share/openbase2_msgs/cmake/ament_cmake_export_include_directories-extras.cmake
[0.579s] -- Up-to-date: /home/the-hassan-shahzad/ros2_ws/src/openbase2/install/openbase2_msgs/share/openbase2_msgs/cmake/ament_cmake_export_libraries-extras.cmake
[0.579s] -- Up-to-date: /home/the-hassan-shahzad/ros2_ws/src/openbase2/install/openbase2_msgs/share/openbase2_msgs/cmake/ament_cmake_export_targets-extras.cmake
[0.579s] -- Up-to-date: /home/the-hassan-shahzad/ros2_ws/src/openbase2/install/openbase2_msgs/share/openbase2_msgs/cmake/rosidl_cmake_export_typesupport_targets-extras.cmake
[0.579s] -- Up-to-date: /home/the-hassan-shahzad/ros2_ws/src/openbase2/install/openbase2_msgs/share/openbase2_msgs/cmake/ament_cmake_export_dependencies-extras.cmake
[0.579s] -- Up-to-date: /home/the-hassan-shahzad/ros2_ws/src/openbase2/install/openbase2_msgs/share/openbase2_msgs/cmake/rosidl_cmake_export_typesupport_libraries-extras.cmake
[0.579s] -- Up-to-date: /home/the-hassan-shahzad/ros2_ws/src/openbase2/install/openbase2_msgs/share/openbase2_msgs/cmake/openbase2_msgsConfig.cmake
[0.579s] -- Up-to-date: /home/the-hassan-shahzad/ros2_ws/src/openbase2/install/openbase2_msgs/share/openbase2_msgs/cmake/openbase2_msgsConfig-version.cmake
[0.579s] -- Up-to-date: /home/the-hassan-shahzad/ros2_ws/src/openbase2/install/openbase2_msgs/share/openbase2_msgs/package.xml
[0.581s] Invoked command in '/home/the-hassan-shahzad/ros2_ws/src/openbase2/build/openbase2_msgs' returned '0': CMAKE_PREFIX_PATH=/home/the-hassan-shahzad/ros2_ws/install/realsense2_description:/home/the-hassan-shahzad/ros2_ws/install/realsense2_camera:/home/the-hassan-shahzad/ros2_ws/install/realsense2_camera_msgs:/home/the-hassan-shahzad/ros2_ws/install/tello_msg:/home/the-hassan-shahzad/ros2_ws/install/tello_control:/home/the-hassan-shahzad/ros2_ws/install/simple_robot_arm_bringup:/home/the-hassan-shahzad/ros2_ws/install/serial_motor_demo_msgs:/home/the-hassan-shahzad/ros2_ws/install/sbus_serial:/home/the-hassan-shahzad/ros2_ws/install/z24_description:/home/the-hassan-shahzad/ros2_ws/install/true_a24_description:/home/the-hassan-shahzad/ros2_ws/install/tello:/home/the-hassan-shahzad/ros2_ws/install/simple_robot_arm_description:/home/the-hassan-shahzad/ros2_ws/install/serial_motor_demo:/home/the-hassan-shahzad/ros2_ws/install/rosshow:/home/the-hassan-shahzad/ros2_ws/install/rosboard:/home/the-hassan-shahzad/ros2_ws/install/radioROS:/home/the-hassan-shahzad/ros2_ws/install/pybullet_main_description:/home/the-hassan-shahzad/ros2_ws/install/openbase2_scripts:/home/the-hassan-shahzad/ros2_ws/install/m24_description:/home/the-hassan-shahzad/ros2_ws/install/bno055:/home/the-hassan-shahzad/ros2_ws/install/BiStable_scripts:/home/the-hassan-shahzad/ros2_ws/install/a24_scripts:/home/the-hassan-shahzad/ros2_ws/install/a24_description:/home/the-hassan-shahzad/ros2_ws/install/Versa4_description:/home/the-hassan-shahzad/ros2_ws/install/RoboPipe:/home/the-hassan-shahzad/ros2_ws/install/BiStable_description:/opt/ros/humble:/home/the-hassan-shahzad/ros2_ws/install/openbase2_msgs:/home/the-hassan-shahzad/ros2_ws/install/openbase2_description:/home/the-hassan-shahzad/ros2_ws/install/my_bot:/home/the-hassan-shahzad/ros2_ws/install/bistable_bringup:/home/the-hassan-shahzad/ros2_ws/install/micro_ros_agent:/home/the-hassan-shahzad/ros2_ws/install/bistable_interfaces:/home/the-hassan-shahzad/ros2_ws/install/a24_bringup /usr/bin/cmake --install /home/the-hassan-shahzad/ros2_ws/src/openbase2/build/openbase2_msgs
