[0.737s] Invoking command in '/home/the-hassan-shahzad/ros2_ws/src/openbase2/openbase2_bringup': PYTHONPATH=/home/the-hassan-shahzad/ros2_ws/src/openbase2/build/openbase2_bringup/prefix_override:/home/the-hassan-shahzad/ros2_ws/src/openbase2/install/openbase2_bringup/lib/python3.10/site-packages:${PYTHONPATH} /usr/bin/python3 -W ignore:setup.py install is deprecated setup.py egg_info --egg-base ../build/openbase2_bringup build --build-base /home/the-hassan-shahzad/ros2_ws/src/openbase2/build/openbase2_bringup/build install --record /home/the-hassan-shahzad/ros2_ws/src/openbase2/build/openbase2_bringup/install.log --single-version-externally-managed install_data
[0.922s] running egg_info
[0.922s] creating ../build/openbase2_bringup/openbase2_bringup.egg-info
[0.922s] writing ../build/openbase2_bringup/openbase2_bringup.egg-info/PKG-INFO
[0.922s] writing dependency_links to ../build/openbase2_bringup/openbase2_bringup.egg-info/dependency_links.txt
[0.923s] writing entry points to ../build/openbase2_bringup/openbase2_bringup.egg-info/entry_points.txt
[0.923s] writing requirements to ../build/openbase2_bringup/openbase2_bringup.egg-info/requires.txt
[0.923s] writing top-level names to ../build/openbase2_bringup/openbase2_bringup.egg-info/top_level.txt
[0.923s] writing manifest file '../build/openbase2_bringup/openbase2_bringup.egg-info/SOURCES.txt'
[0.924s] reading manifest file '../build/openbase2_bringup/openbase2_bringup.egg-info/SOURCES.txt'
[0.924s] writing manifest file '../build/openbase2_bringup/openbase2_bringup.egg-info/SOURCES.txt'
[0.924s] running build
[0.925s] running build_py
[0.925s] creating /home/the-hassan-shahzad/ros2_ws/src/openbase2/build/openbase2_bringup/build
[0.925s] creating /home/the-hassan-shahzad/ros2_ws/src/openbase2/build/openbase2_bringup/build/lib
[0.925s] creating /home/the-hassan-shahzad/ros2_ws/src/openbase2/build/openbase2_bringup/build/lib/openbase2_bringup
[0.925s] copying openbase2_bringup/__init__.py -> /home/the-hassan-shahzad/ros2_ws/src/openbase2/build/openbase2_bringup/build/lib/openbase2_bringup
[0.925s] running install
[0.925s] running install_lib
[0.925s] creating /home/the-hassan-shahzad/ros2_ws/src/openbase2/install/openbase2_bringup/lib/python3.10/site-packages/openbase2_bringup
[0.925s] copying /home/the-hassan-shahzad/ros2_ws/src/openbase2/build/openbase2_bringup/build/lib/openbase2_bringup/__init__.py -> /home/the-hassan-shahzad/ros2_ws/src/openbase2/install/openbase2_bringup/lib/python3.10/site-packages/openbase2_bringup
[0.926s] byte-compiling /home/the-hassan-shahzad/ros2_ws/src/openbase2/install/openbase2_bringup/lib/python3.10/site-packages/openbase2_bringup/__init__.py to __init__.cpython-310.pyc
[0.926s] running install_data
[0.926s] creating /home/the-hassan-shahzad/ros2_ws/src/openbase2/install/openbase2_bringup/share/ament_index
[0.926s] creating /home/the-hassan-shahzad/ros2_ws/src/openbase2/install/openbase2_bringup/share/ament_index/resource_index
[0.926s] creating /home/the-hassan-shahzad/ros2_ws/src/openbase2/install/openbase2_bringup/share/ament_index/resource_index/packages
[0.926s] copying resource/openbase2_bringup -> /home/the-hassan-shahzad/ros2_ws/src/openbase2/install/openbase2_bringup/share/ament_index/resource_index/packages
[0.926s] copying package.xml -> /home/the-hassan-shahzad/ros2_ws/src/openbase2/install/openbase2_bringup/share/openbase2_bringup
[0.926s] creating /home/the-hassan-shahzad/ros2_ws/src/openbase2/install/openbase2_bringup/share/openbase2_bringup/launch
[0.926s] copying launch/bringup.launch.py -> /home/the-hassan-shahzad/ros2_ws/src/openbase2/install/openbase2_bringup/share/openbase2_bringup/launch
[0.926s] running install_egg_info
[0.927s] Copying ../build/openbase2_bringup/openbase2_bringup.egg-info to /home/the-hassan-shahzad/ros2_ws/src/openbase2/install/openbase2_bringup/lib/python3.10/site-packages/openbase2_bringup-0.0.0-py3.10.egg-info
[0.927s] running install_scripts
[0.942s] writing list of installed files to '/home/the-hassan-shahzad/ros2_ws/src/openbase2/build/openbase2_bringup/install.log'
[0.958s] Invoked command in '/home/the-hassan-shahzad/ros2_ws/src/openbase2/openbase2_bringup' returned '0': PYTHONPATH=/home/the-hassan-shahzad/ros2_ws/src/openbase2/build/openbase2_bringup/prefix_override:/home/the-hassan-shahzad/ros2_ws/src/openbase2/install/openbase2_bringup/lib/python3.10/site-packages:${PYTHONPATH} /usr/bin/python3 -W ignore:setup.py install is deprecated setup.py egg_info --egg-base ../build/openbase2_bringup build --build-base /home/the-hassan-shahzad/ros2_ws/src/openbase2/build/openbase2_bringup/build install --record /home/the-hassan-shahzad/ros2_ws/src/openbase2/build/openbase2_bringup/install.log --single-version-externally-managed install_data
