-- Install configuration: ""
-- Up-to-date: /home/the-hassan-shahzad/ros2_ws/src/openbase2/install/openbase2_description/share/openbase2_description/urdf
-- Up-to-date: /home/the-hassan-shahzad/ros2_ws/src/openbase2/install/openbase2_description/share/openbase2_description/urdf/openbase2.xacro
-- Up-to-date: /home/the-hassan-shahzad/ros2_ws/src/openbase2/install/openbase2_description/share/openbase2_description/meshes
-- Installing: /home/the-hassan-shahzad/ros2_ws/src/openbase2/install/openbase2_description/share/openbase2_description/meshes/base_link_visual.stl
-- Up-to-date: /home/the-hassan-shahzad/ros2_ws/src/openbase2/install/openbase2_description/share/openbase2_description/meshes/base_link_collision.stl.stl
-- Installing: /home/the-hassan-shahzad/ros2_ws/src/openbase2/install/openbase2_description/share/openbase2_description/meshes/base_link_visual_old.stl
-- Up-to-date: /home/the-hassan-shahzad/ros2_ws/src/openbase2/install/openbase2_description/share/openbase2_description/launch
-- Up-to-date: /home/the-hassan-shahzad/ros2_ws/src/openbase2/install/openbase2_description/share/openbase2_description/launch/display.launch.py
-- Up-to-date: /home/the-hassan-shahzad/ros2_ws/src/openbase2/install/openbase2_description/share/openbase2_description/rviz
-- Up-to-date: /home/the-hassan-shahzad/ros2_ws/src/openbase2/install/openbase2_description/share/openbase2_description/rviz/display_config.rviz
-- Up-to-date: /home/the-hassan-shahzad/ros2_ws/src/openbase2/install/openbase2_description/share/ament_index/resource_index/package_run_dependencies/openbase2_description
-- Up-to-date: /home/the-hassan-shahzad/ros2_ws/src/openbase2/install/openbase2_description/share/ament_index/resource_index/parent_prefix_path/openbase2_description
-- Up-to-date: /home/the-hassan-shahzad/ros2_ws/src/openbase2/install/openbase2_description/share/openbase2_description/environment/ament_prefix_path.sh
-- Up-to-date: /home/the-hassan-shahzad/ros2_ws/src/openbase2/install/openbase2_description/share/openbase2_description/environment/ament_prefix_path.dsv
-- Up-to-date: /home/the-hassan-shahzad/ros2_ws/src/openbase2/install/openbase2_description/share/openbase2_description/environment/path.sh
-- Up-to-date: /home/the-hassan-shahzad/ros2_ws/src/openbase2/install/openbase2_description/share/openbase2_description/environment/path.dsv
-- Up-to-date: /home/the-hassan-shahzad/ros2_ws/src/openbase2/install/openbase2_description/share/openbase2_description/local_setup.bash
-- Up-to-date: /home/the-hassan-shahzad/ros2_ws/src/openbase2/install/openbase2_description/share/openbase2_description/local_setup.sh
-- Up-to-date: /home/the-hassan-shahzad/ros2_ws/src/openbase2/install/openbase2_description/share/openbase2_description/local_setup.zsh
-- Up-to-date: /home/the-hassan-shahzad/ros2_ws/src/openbase2/install/openbase2_description/share/openbase2_description/local_setup.dsv
-- Up-to-date: /home/the-hassan-shahzad/ros2_ws/src/openbase2/install/openbase2_description/share/openbase2_description/package.dsv
-- Up-to-date: /home/the-hassan-shahzad/ros2_ws/src/openbase2/install/openbase2_description/share/ament_index/resource_index/packages/openbase2_description
-- Up-to-date: /home/the-hassan-shahzad/ros2_ws/src/openbase2/install/openbase2_description/share/openbase2_description/cmake/openbase2_descriptionConfig.cmake
-- Up-to-date: /home/the-hassan-shahzad/ros2_ws/src/openbase2/install/openbase2_description/share/openbase2_description/cmake/openbase2_descriptionConfig-version.cmake
-- Up-to-date: /home/the-hassan-shahzad/ros2_ws/src/openbase2/install/openbase2_description/share/openbase2_description/package.xml
