running egg_info
writing ../build/openbase2_scripts/openbase2_scripts.egg-info/PKG-INFO
writing dependency_links to ../build/openbase2_scripts/openbase2_scripts.egg-info/dependency_links.txt
writing entry points to ../build/openbase2_scripts/openbase2_scripts.egg-info/entry_points.txt
writing requirements to ../build/openbase2_scripts/openbase2_scripts.egg-info/requires.txt
writing top-level names to ../build/openbase2_scripts/openbase2_scripts.egg-info/top_level.txt
reading manifest file '../build/openbase2_scripts/openbase2_scripts.egg-info/SOURCES.txt'
writing manifest file '../build/openbase2_scripts/openbase2_scripts.egg-info/SOURCES.txt'
running build
running build_py
running install
running install_lib
running install_data
running install_egg_info
removing '/home/the-hassan-shahzad/ros2_ws/src/openbase2/install/openbase2_scripts/lib/python3.10/site-packages/openbase2_scripts-0.0.0-py3.10.egg-info' (and everything under it)
Copying ../build/openbase2_scripts/openbase2_scripts.egg-info to /home/the-hassan-shahzad/ros2_ws/src/openbase2/install/openbase2_scripts/lib/python3.10/site-packages/openbase2_scripts-0.0.0-py3.10.egg-info
running install_scripts
Installing diff_drive_node script to /home/the-hassan-shahzad/ros2_ws/src/openbase2/install/openbase2_scripts/lib/openbase2_scripts
Installing hardware_driver script to /home/the-hassan-shahzad/ros2_ws/src/openbase2/install/openbase2_scripts/lib/openbase2_scripts
Installing odom_node script to /home/the-hassan-shahzad/ros2_ws/src/openbase2/install/openbase2_scripts/lib/openbase2_scripts
writing list of installed files to '/home/the-hassan-shahzad/ros2_ws/src/openbase2/build/openbase2_scripts/install.log'
