[0.733s] Invoking command in '/home/the-hassan-shahzad/ros2_ws/src/openbase2/openbase2_scripts': PYTHONPATH=/home/the-hassan-shahzad/ros2_ws/src/openbase2/build/openbase2_scripts/prefix_override:/home/the-hassan-shahzad/ros2_ws/src/openbase2/install/openbase2_scripts/lib/python3.10/site-packages:${PYTHONPATH} /usr/bin/python3 -W ignore:setup.py install is deprecated setup.py egg_info --egg-base ../build/openbase2_scripts build --build-base /home/the-hassan-shahzad/ros2_ws/src/openbase2/build/openbase2_scripts/build install --record /home/the-hassan-shahzad/ros2_ws/src/openbase2/build/openbase2_scripts/install.log --single-version-externally-managed install_data
[0.916s] running egg_info
[0.916s] writing ../build/openbase2_scripts/openbase2_scripts.egg-info/PKG-INFO
[0.916s] writing dependency_links to ../build/openbase2_scripts/openbase2_scripts.egg-info/dependency_links.txt
[0.916s] writing entry points to ../build/openbase2_scripts/openbase2_scripts.egg-info/entry_points.txt
[0.917s] writing requirements to ../build/openbase2_scripts/openbase2_scripts.egg-info/requires.txt
[0.917s] writing top-level names to ../build/openbase2_scripts/openbase2_scripts.egg-info/top_level.txt
[0.918s] reading manifest file '../build/openbase2_scripts/openbase2_scripts.egg-info/SOURCES.txt'
[0.918s] writing manifest file '../build/openbase2_scripts/openbase2_scripts.egg-info/SOURCES.txt'
[0.918s] running build
[0.918s] running build_py
[0.918s] running install
[0.919s] running install_lib
[0.919s] running install_data
[0.919s] running install_egg_info
[0.921s] removing '/home/the-hassan-shahzad/ros2_ws/src/openbase2/install/openbase2_scripts/lib/python3.10/site-packages/openbase2_scripts-0.0.0-py3.10.egg-info' (and everything under it)
[0.921s] Copying ../build/openbase2_scripts/openbase2_scripts.egg-info to /home/the-hassan-shahzad/ros2_ws/src/openbase2/install/openbase2_scripts/lib/python3.10/site-packages/openbase2_scripts-0.0.0-py3.10.egg-info
[0.921s] running install_scripts
[0.936s] Installing diff_drive_node script to /home/the-hassan-shahzad/ros2_ws/src/openbase2/install/openbase2_scripts/lib/openbase2_scripts
[0.936s] Installing hardware_driver script to /home/the-hassan-shahzad/ros2_ws/src/openbase2/install/openbase2_scripts/lib/openbase2_scripts
[0.936s] Installing odom_node script to /home/the-hassan-shahzad/ros2_ws/src/openbase2/install/openbase2_scripts/lib/openbase2_scripts
[0.936s] writing list of installed files to '/home/the-hassan-shahzad/ros2_ws/src/openbase2/build/openbase2_scripts/install.log'
[0.953s] Invoked command in '/home/the-hassan-shahzad/ros2_ws/src/openbase2/openbase2_scripts' returned '0': PYTHONPATH=/home/the-hassan-shahzad/ros2_ws/src/openbase2/build/openbase2_scripts/prefix_override:/home/the-hassan-shahzad/ros2_ws/src/openbase2/install/openbase2_scripts/lib/python3.10/site-packages:${PYTHONPATH} /usr/bin/python3 -W ignore:setup.py install is deprecated setup.py egg_info --egg-base ../build/openbase2_scripts build --build-base /home/the-hassan-shahzad/ros2_ws/src/openbase2/build/openbase2_scripts/build install --record /home/the-hassan-shahzad/ros2_ws/src/openbase2/build/openbase2_scripts/install.log --single-version-externally-managed install_data
