[0.213s] Invoking command in '/home/the-hassan-shahzad/ros2_ws/src/openbase2/build/openbase2_msgs': CMAKE_PREFIX_PATH=/home/the-hassan-shahzad/ros2_ws/install/realsense2_description:/home/the-hassan-shahzad/ros2_ws/install/realsense2_camera:/home/the-hassan-shahzad/ros2_ws/install/realsense2_camera_msgs:/home/the-hassan-shahzad/ros2_ws/install/tello_msg:/home/the-hassan-shahzad/ros2_ws/install/tello_control:/home/the-hassan-shahzad/ros2_ws/install/simple_robot_arm_bringup:/home/the-hassan-shahzad/ros2_ws/install/serial_motor_demo_msgs:/home/the-hassan-shahzad/ros2_ws/install/sbus_serial:/home/the-hassan-shahzad/ros2_ws/install/z24_description:/home/the-hassan-shahzad/ros2_ws/install/true_a24_description:/home/the-hassan-shahzad/ros2_ws/install/tello:/home/the-hassan-shahzad/ros2_ws/install/simple_robot_arm_description:/home/the-hassan-shahzad/ros2_ws/install/serial_motor_demo:/home/the-hassan-shahzad/ros2_ws/install/rosshow:/home/the-hassan-shahzad/ros2_ws/install/rosboard:/home/the-hassan-shahzad/ros2_ws/install/radioROS:/home/the-hassan-shahzad/ros2_ws/install/pybullet_main_description:/home/the-hassan-shahzad/ros2_ws/install/openbase2_scripts:/home/the-hassan-shahzad/ros2_ws/install/m24_description:/home/the-hassan-shahzad/ros2_ws/install/bno055:/home/the-hassan-shahzad/ros2_ws/install/BiStable_scripts:/home/the-hassan-shahzad/ros2_ws/install/a24_scripts:/home/the-hassan-shahzad/ros2_ws/install/a24_description:/home/the-hassan-shahzad/ros2_ws/install/Versa4_description:/home/the-hassan-shahzad/ros2_ws/install/RoboPipe:/home/the-hassan-shahzad/ros2_ws/install/BiStable_description:/opt/ros/humble:/home/the-hassan-shahzad/ros2_ws/install/openbase2_msgs:/home/the-hassan-shahzad/ros2_ws/install/openbase2_description:/home/the-hassan-shahzad/ros2_ws/install/my_bot:/home/the-hassan-shahzad/ros2_ws/install/bistable_bringup:/home/the-hassan-shahzad/ros2_ws/install/micro_ros_agent:/home/the-hassan-shahzad/ros2_ws/install/bistable_interfaces:/home/the-hassan-shahzad/ros2_ws/install/a24_bringup /usr/bin/cmake /home/the-hassan-shahzad/ros2_ws/src/openbase2/openbase2_msgs -DCMAKE_INSTALL_PREFIX=/home/the-hassan-shahzad/ros2_ws/src/openbase2/install/openbase2_msgs
[0.249s] -- The C compiler identification is GNU 11.4.0
[0.285s] -- The CXX compiler identification is GNU 11.4.0
[0.290s] -- Detecting C compiler ABI info
[0.335s] -- Detecting C compiler ABI info - done
[0.340s] -- Check for working C compiler: /usr/bin/cc - skipped
[0.340s] -- Detecting C compile features
[0.340s] -- Detecting C compile features - done
[0.343s] -- Detecting CXX compiler ABI info
[0.395s] -- Detecting CXX compiler ABI info - done
[0.400s] -- Check for working CXX compiler: /usr/bin/c++ - skipped
[0.400s] -- Detecting CXX compile features
[0.401s] -- Detecting CXX compile features - done
[0.404s] -- Found ament_cmake: 1.3.8 (/opt/ros/humble/share/ament_cmake/cmake)
[0.539s] -- Found Python3: /usr/bin/python3 (found version "3.10.12") found components: Interpreter 
[0.624s] -- Found rosidl_default_generators: 1.2.0 (/opt/ros/humble/share/rosidl_default_generators/cmake)
[0.630s] -- Using all available rosidl_typesupport_c: rosidl_typesupport_fastrtps_c;rosidl_typesupport_introspection_c
[0.638s] -- Found rosidl_adapter: 3.1.5 (/opt/ros/humble/share/rosidl_adapter/cmake)
[0.678s] -- Using all available rosidl_typesupport_cpp: rosidl_typesupport_fastrtps_cpp;rosidl_typesupport_introspection_cpp
[0.712s] -- Found ament_lint_auto: 0.12.10 (/opt/ros/humble/share/ament_lint_auto/cmake)
[0.921s] -- Found ament_cmake_ros: 0.10.0 (/opt/ros/humble/share/ament_cmake_ros/cmake)
[1.088s] -- Using all available rosidl_typesupport_c: rosidl_typesupport_fastrtps_c;rosidl_typesupport_introspection_c
[1.284s] -- Using all available rosidl_typesupport_cpp: rosidl_typesupport_fastrtps_cpp;rosidl_typesupport_introspection_cpp
[1.304s] -- Found PythonInterp: /usr/bin/python3 (found suitable version "3.10.12", minimum required is "3.6") 
[1.306s] -- Found python_cmake_module: 0.10.0 (/opt/ros/humble/share/python_cmake_module/cmake)
[1.328s] -- Found PythonLibs: /usr/lib/x86_64-linux-gnu/libpython3.10.so (found suitable version "3.10.12", minimum required is "3.5") 
[1.328s] -- Using PYTHON_EXECUTABLE: /usr/bin/python3
[1.328s] -- Using PYTHON_INCLUDE_DIRS: /usr/include/python3.10
[1.328s] -- Using PYTHON_LIBRARIES: /usr/lib/x86_64-linux-gnu/libpython3.10.so
[1.347s] -- Found PythonExtra: .so  
[1.382s] -- Configuring done
[1.397s] -- Generating done
[1.399s] -- Build files have been written to: /home/the-hassan-shahzad/ros2_ws/src/openbase2/build/openbase2_msgs
[1.404s] Invoked command in '/home/the-hassan-shahzad/ros2_ws/src/openbase2/build/openbase2_msgs' returned '0': CMAKE_PREFIX_PATH=/home/the-hassan-shahzad/ros2_ws/install/realsense2_description:/home/the-hassan-shahzad/ros2_ws/install/realsense2_camera:/home/the-hassan-shahzad/ros2_ws/install/realsense2_camera_msgs:/home/the-hassan-shahzad/ros2_ws/install/tello_msg:/home/the-hassan-shahzad/ros2_ws/install/tello_control:/home/the-hassan-shahzad/ros2_ws/install/simple_robot_arm_bringup:/home/the-hassan-shahzad/ros2_ws/install/serial_motor_demo_msgs:/home/the-hassan-shahzad/ros2_ws/install/sbus_serial:/home/the-hassan-shahzad/ros2_ws/install/z24_description:/home/the-hassan-shahzad/ros2_ws/install/true_a24_description:/home/the-hassan-shahzad/ros2_ws/install/tello:/home/the-hassan-shahzad/ros2_ws/install/simple_robot_arm_description:/home/the-hassan-shahzad/ros2_ws/install/serial_motor_demo:/home/the-hassan-shahzad/ros2_ws/install/rosshow:/home/the-hassan-shahzad/ros2_ws/install/rosboard:/home/the-hassan-shahzad/ros2_ws/install/radioROS:/home/the-hassan-shahzad/ros2_ws/install/pybullet_main_description:/home/the-hassan-shahzad/ros2_ws/install/openbase2_scripts:/home/the-hassan-shahzad/ros2_ws/install/m24_description:/home/the-hassan-shahzad/ros2_ws/install/bno055:/home/the-hassan-shahzad/ros2_ws/install/BiStable_scripts:/home/the-hassan-shahzad/ros2_ws/install/a24_scripts:/home/the-hassan-shahzad/ros2_ws/install/a24_description:/home/the-hassan-shahzad/ros2_ws/install/Versa4_description:/home/the-hassan-shahzad/ros2_ws/install/RoboPipe:/home/the-hassan-shahzad/ros2_ws/install/BiStable_description:/opt/ros/humble:/home/the-hassan-shahzad/ros2_ws/install/openbase2_msgs:/home/the-hassan-shahzad/ros2_ws/install/openbase2_description:/home/the-hassan-shahzad/ros2_ws/install/my_bot:/home/the-hassan-shahzad/ros2_ws/install/bistable_bringup:/home/the-hassan-shahzad/ros2_ws/install/micro_ros_agent:/home/the-hassan-shahzad/ros2_ws/install/bistable_interfaces:/home/the-hassan-shahzad/ros2_ws/install/a24_bringup /usr/bin/cmake /home/the-hassan-shahzad/ros2_ws/src/openbase2/openbase2_msgs -DCMAKE_INSTALL_PREFIX=/home/the-hassan-shahzad/ros2_ws/src/openbase2/install/openbase2_msgs
[1.405s] Invoking command in '/home/the-hassan-shahzad/ros2_ws/src/openbase2/build/openbase2_msgs': CMAKE_PREFIX_PATH=/home/the-hassan-shahzad/ros2_ws/install/realsense2_description:/home/the-hassan-shahzad/ros2_ws/install/realsense2_camera:/home/the-hassan-shahzad/ros2_ws/install/realsense2_camera_msgs:/home/the-hassan-shahzad/ros2_ws/install/tello_msg:/home/the-hassan-shahzad/ros2_ws/install/tello_control:/home/the-hassan-shahzad/ros2_ws/install/simple_robot_arm_bringup:/home/the-hassan-shahzad/ros2_ws/install/serial_motor_demo_msgs:/home/the-hassan-shahzad/ros2_ws/install/sbus_serial:/home/the-hassan-shahzad/ros2_ws/install/z24_description:/home/the-hassan-shahzad/ros2_ws/install/true_a24_description:/home/the-hassan-shahzad/ros2_ws/install/tello:/home/the-hassan-shahzad/ros2_ws/install/simple_robot_arm_description:/home/the-hassan-shahzad/ros2_ws/install/serial_motor_demo:/home/the-hassan-shahzad/ros2_ws/install/rosshow:/home/the-hassan-shahzad/ros2_ws/install/rosboard:/home/the-hassan-shahzad/ros2_ws/install/radioROS:/home/the-hassan-shahzad/ros2_ws/install/pybullet_main_description:/home/the-hassan-shahzad/ros2_ws/install/openbase2_scripts:/home/the-hassan-shahzad/ros2_ws/install/m24_description:/home/the-hassan-shahzad/ros2_ws/install/bno055:/home/the-hassan-shahzad/ros2_ws/install/BiStable_scripts:/home/the-hassan-shahzad/ros2_ws/install/a24_scripts:/home/the-hassan-shahzad/ros2_ws/install/a24_description:/home/the-hassan-shahzad/ros2_ws/install/Versa4_description:/home/the-hassan-shahzad/ros2_ws/install/RoboPipe:/home/the-hassan-shahzad/ros2_ws/install/BiStable_description:/opt/ros/humble:/home/the-hassan-shahzad/ros2_ws/install/openbase2_msgs:/home/the-hassan-shahzad/ros2_ws/install/openbase2_description:/home/the-hassan-shahzad/ros2_ws/install/my_bot:/home/the-hassan-shahzad/ros2_ws/install/bistable_bringup:/home/the-hassan-shahzad/ros2_ws/install/micro_ros_agent:/home/the-hassan-shahzad/ros2_ws/install/bistable_interfaces:/home/the-hassan-shahzad/ros2_ws/install/a24_bringup /usr/bin/cmake --build /home/the-hassan-shahzad/ros2_ws/src/openbase2/build/openbase2_msgs -- -j16 -l16
[1.441s] [  2%] [34m[1mGenerating C code for ROS interfaces[0m
[1.448s] [  5%] [34m[1mGenerating C++ code for ROS interfaces[0m
[1.453s] [  5%] Built target ament_cmake_python_copy_openbase2_msgs
[1.637s] [  5%] Built target openbase2_msgs__cpp
[1.642s] [ 10%] [32mBuilding C object CMakeFiles/openbase2_msgs__rosidl_generator_c.dir/rosidl_generator_c/openbase2_msgs/msg/detail/motor_vels__functions.c.o[0m
[1.642s] [ 10%] [32mBuilding C object CMakeFiles/openbase2_msgs__rosidl_generator_c.dir/rosidl_generator_c/openbase2_msgs/msg/detail/encoder_data__functions.c.o[0m
[1.643s] [ 12%] [34m[1mGenerating C++ type support for eProsima Fast-RTPS[0m
[1.649s] [ 17%] [34m[1mGenerating C++ introspection for ROS interfaces[0m
[1.649s] [ 17%] [34m[1mGenerating C++ type support dispatch for ROS interfaces[0m
[1.656s] running egg_info
[1.656s] creating openbase2_msgs.egg-info
[1.656s] writing openbase2_msgs.egg-info/PKG-INFO
[1.657s] writing dependency_links to openbase2_msgs.egg-info/dependency_links.txt
[1.657s] writing top-level names to openbase2_msgs.egg-info/top_level.txt
[1.657s] writing manifest file 'openbase2_msgs.egg-info/SOURCES.txt'
[1.658s] reading manifest file 'openbase2_msgs.egg-info/SOURCES.txt'
[1.658s] writing manifest file 'openbase2_msgs.egg-info/SOURCES.txt'
[1.672s] [ 20%] [32m[1mLinking C shared library libopenbase2_msgs__rosidl_generator_c.so[0m
[1.677s] [ 20%] Built target ament_cmake_python_build_openbase2_msgs_egg
[1.697s] [ 20%] Built target openbase2_msgs__rosidl_generator_c
[1.704s] [ 23%] [34m[1mGenerating C type support for eProsima Fast-RTPS[0m
[1.709s] [ 25%] [34m[1mGenerating C introspection for ROS interfaces[0m
[1.710s] [ 28%] [34m[1mGenerating C type support dispatch for ROS interfaces[0m
[1.825s] [ 33%] [32mBuilding CXX object CMakeFiles/openbase2_msgs__rosidl_typesupport_cpp.dir/rosidl_typesupport_cpp/openbase2_msgs/msg/encoder_data__type_support.cpp.o[0m
[1.825s] [ 33%] [32mBuilding CXX object CMakeFiles/openbase2_msgs__rosidl_typesupport_cpp.dir/rosidl_typesupport_cpp/openbase2_msgs/msg/motor_vels__type_support.cpp.o[0m
[1.827s] [ 35%] [32mBuilding CXX object CMakeFiles/openbase2_msgs__rosidl_typesupport_fastrtps_cpp.dir/rosidl_typesupport_fastrtps_cpp/openbase2_msgs/msg/detail/dds_fastrtps/motor_vels__type_support.cpp.o[0m
[1.831s] [ 38%] [32mBuilding CXX object CMakeFiles/openbase2_msgs__rosidl_typesupport_fastrtps_cpp.dir/rosidl_typesupport_fastrtps_cpp/openbase2_msgs/msg/detail/dds_fastrtps/encoder_data__type_support.cpp.o[0m
[1.841s] [ 43%] [32mBuilding CXX object CMakeFiles/openbase2_msgs__rosidl_typesupport_introspection_cpp.dir/rosidl_typesupport_introspection_cpp/openbase2_msgs/msg/detail/motor_vels__type_support.cpp.o[0m
[1.841s] [ 43%] [32mBuilding CXX object CMakeFiles/openbase2_msgs__rosidl_typesupport_introspection_cpp.dir/rosidl_typesupport_introspection_cpp/openbase2_msgs/msg/detail/encoder_data__type_support.cpp.o[0m
[1.888s] [ 46%] [32mBuilding CXX object CMakeFiles/openbase2_msgs__rosidl_typesupport_fastrtps_c.dir/rosidl_typesupport_fastrtps_c/openbase2_msgs/msg/detail/motor_vels__type_support_c.cpp.o[0m
[1.892s] [ 48%] [32mBuilding CXX object CMakeFiles/openbase2_msgs__rosidl_typesupport_fastrtps_c.dir/rosidl_typesupport_fastrtps_c/openbase2_msgs/msg/detail/encoder_data__type_support_c.cpp.o[0m
[1.986s] [ 51%] [32m[1mLinking CXX shared library libopenbase2_msgs__rosidl_typesupport_cpp.so[0m
[2.006s] [ 56%] [32mBuilding CXX object CMakeFiles/openbase2_msgs__rosidl_typesupport_c.dir/rosidl_typesupport_c/openbase2_msgs/msg/encoder_data__type_support.cpp.o[0m
[2.006s] [ 56%] [32mBuilding CXX object CMakeFiles/openbase2_msgs__rosidl_typesupport_c.dir/rosidl_typesupport_c/openbase2_msgs/msg/motor_vels__type_support.cpp.o[0m
[2.020s] [ 56%] Built target openbase2_msgs__rosidl_typesupport_cpp
[2.032s] [ 58%] [32mBuilding C object CMakeFiles/openbase2_msgs__rosidl_typesupport_introspection_c.dir/rosidl_typesupport_introspection_c/openbase2_msgs/msg/detail/motor_vels__type_support.c.o[0m
[2.036s] [ 61%] [32mBuilding C object CMakeFiles/openbase2_msgs__rosidl_typesupport_introspection_c.dir/rosidl_typesupport_introspection_c/openbase2_msgs/msg/detail/encoder_data__type_support.c.o[0m
[2.042s] [ 64%] [32m[1mLinking CXX shared library libopenbase2_msgs__rosidl_typesupport_c.so[0m
[2.071s] [ 66%] [32m[1mLinking C shared library libopenbase2_msgs__rosidl_typesupport_introspection_c.so[0m
[2.080s] [ 66%] Built target openbase2_msgs__rosidl_typesupport_c
[2.098s] [ 66%] Built target openbase2_msgs__rosidl_typesupport_introspection_c
[2.132s] [ 69%] [32m[1mLinking CXX shared library libopenbase2_msgs__rosidl_typesupport_fastrtps_c.so[0m
[2.175s] [ 71%] [32m[1mLinking CXX shared library libopenbase2_msgs__rosidl_typesupport_fastrtps_cpp.so[0m
[2.181s] [ 71%] Built target openbase2_msgs__rosidl_typesupport_fastrtps_c
[2.186s] [ 74%] [32m[1mLinking CXX shared library libopenbase2_msgs__rosidl_typesupport_introspection_cpp.so[0m
[2.214s] [ 74%] Built target openbase2_msgs__rosidl_typesupport_introspection_cpp
[2.223s] [ 74%] Built target openbase2_msgs__rosidl_typesupport_fastrtps_cpp
[2.239s] [ 74%] Built target openbase2_msgs
[2.254s] [ 76%] [34m[1mGenerating Python code for ROS interfaces[0m
[2.484s] [ 76%] Built target openbase2_msgs__py
[2.499s] [ 82%] [32mBuilding C object CMakeFiles/openbase2_msgs__rosidl_generator_py.dir/rosidl_generator_py/openbase2_msgs/msg/_encoder_data_s.c.o[0m
[2.499s] [ 82%] [32mBuilding C object CMakeFiles/openbase2_msgs__rosidl_generator_py.dir/rosidl_generator_py/openbase2_msgs/msg/_motor_vels_s.c.o[0m
[2.558s] [ 84%] [32m[1mLinking C shared library rosidl_generator_py/openbase2_msgs/libopenbase2_msgs__rosidl_generator_py.so[0m
[2.590s] [ 84%] Built target openbase2_msgs__rosidl_generator_py
[2.609s] [ 89%] [32mBuilding C object CMakeFiles/openbase2_msgs__rosidl_typesupport_introspection_c__pyext.dir/rosidl_generator_py/openbase2_msgs/_openbase2_msgs_s.ep.rosidl_typesupport_introspection_c.c.o[0m
[2.609s] [ 87%] [32mBuilding C object CMakeFiles/openbase2_msgs__rosidl_typesupport_fastrtps_c__pyext.dir/rosidl_generator_py/openbase2_msgs/_openbase2_msgs_s.ep.rosidl_typesupport_fastrtps_c.c.o[0m
[2.609s] [ 92%] [32mBuilding C object CMakeFiles/openbase2_msgs__rosidl_typesupport_c__pyext.dir/rosidl_generator_py/openbase2_msgs/_openbase2_msgs_s.ep.rosidl_typesupport_c.c.o[0m
[2.666s] [ 97%] [32m[1mLinking C shared library rosidl_generator_py/openbase2_msgs/openbase2_msgs_s__rosidl_typesupport_c.cpython-310-x86_64-linux-gnu.so[0m
[2.666s] [ 97%] [32m[1mLinking C shared library rosidl_generator_py/openbase2_msgs/openbase2_msgs_s__rosidl_typesupport_introspection_c.cpython-310-x86_64-linux-gnu.so[0m
[2.667s] [100%] [32m[1mLinking C shared library rosidl_generator_py/openbase2_msgs/openbase2_msgs_s__rosidl_typesupport_fastrtps_c.cpython-310-x86_64-linux-gnu.so[0m
[2.688s] [100%] Built target openbase2_msgs__rosidl_typesupport_c__pyext
[2.688s] [100%] Built target openbase2_msgs__rosidl_typesupport_introspection_c__pyext
[2.690s] [100%] Built target openbase2_msgs__rosidl_typesupport_fastrtps_c__pyext
[2.698s] Invoked command in '/home/the-hassan-shahzad/ros2_ws/src/openbase2/build/openbase2_msgs' returned '0': CMAKE_PREFIX_PATH=/home/the-hassan-shahzad/ros2_ws/install/realsense2_description:/home/the-hassan-shahzad/ros2_ws/install/realsense2_camera:/home/the-hassan-shahzad/ros2_ws/install/realsense2_camera_msgs:/home/the-hassan-shahzad/ros2_ws/install/tello_msg:/home/the-hassan-shahzad/ros2_ws/install/tello_control:/home/the-hassan-shahzad/ros2_ws/install/simple_robot_arm_bringup:/home/the-hassan-shahzad/ros2_ws/install/serial_motor_demo_msgs:/home/the-hassan-shahzad/ros2_ws/install/sbus_serial:/home/the-hassan-shahzad/ros2_ws/install/z24_description:/home/the-hassan-shahzad/ros2_ws/install/true_a24_description:/home/the-hassan-shahzad/ros2_ws/install/tello:/home/the-hassan-shahzad/ros2_ws/install/simple_robot_arm_description:/home/the-hassan-shahzad/ros2_ws/install/serial_motor_demo:/home/the-hassan-shahzad/ros2_ws/install/rosshow:/home/the-hassan-shahzad/ros2_ws/install/rosboard:/home/the-hassan-shahzad/ros2_ws/install/radioROS:/home/the-hassan-shahzad/ros2_ws/install/pybullet_main_description:/home/the-hassan-shahzad/ros2_ws/install/openbase2_scripts:/home/the-hassan-shahzad/ros2_ws/install/m24_description:/home/the-hassan-shahzad/ros2_ws/install/bno055:/home/the-hassan-shahzad/ros2_ws/install/BiStable_scripts:/home/the-hassan-shahzad/ros2_ws/install/a24_scripts:/home/the-hassan-shahzad/ros2_ws/install/a24_description:/home/the-hassan-shahzad/ros2_ws/install/Versa4_description:/home/the-hassan-shahzad/ros2_ws/install/RoboPipe:/home/the-hassan-shahzad/ros2_ws/install/BiStable_description:/opt/ros/humble:/home/the-hassan-shahzad/ros2_ws/install/openbase2_msgs:/home/the-hassan-shahzad/ros2_ws/install/openbase2_description:/home/the-hassan-shahzad/ros2_ws/install/my_bot:/home/the-hassan-shahzad/ros2_ws/install/bistable_bringup:/home/the-hassan-shahzad/ros2_ws/install/micro_ros_agent:/home/the-hassan-shahzad/ros2_ws/install/bistable_interfaces:/home/the-hassan-shahzad/ros2_ws/install/a24_bringup /usr/bin/cmake --build /home/the-hassan-shahzad/ros2_ws/src/openbase2/build/openbase2_msgs -- -j16 -l16
[2.777s] Invoking command in '/home/the-hassan-shahzad/ros2_ws/src/openbase2/build/openbase2_msgs': CMAKE_PREFIX_PATH=/home/the-hassan-shahzad/ros2_ws/install/realsense2_description:/home/the-hassan-shahzad/ros2_ws/install/realsense2_camera:/home/the-hassan-shahzad/ros2_ws/install/realsense2_camera_msgs:/home/the-hassan-shahzad/ros2_ws/install/tello_msg:/home/the-hassan-shahzad/ros2_ws/install/tello_control:/home/the-hassan-shahzad/ros2_ws/install/simple_robot_arm_bringup:/home/the-hassan-shahzad/ros2_ws/install/serial_motor_demo_msgs:/home/the-hassan-shahzad/ros2_ws/install/sbus_serial:/home/the-hassan-shahzad/ros2_ws/install/z24_description:/home/the-hassan-shahzad/ros2_ws/install/true_a24_description:/home/the-hassan-shahzad/ros2_ws/install/tello:/home/the-hassan-shahzad/ros2_ws/install/simple_robot_arm_description:/home/the-hassan-shahzad/ros2_ws/install/serial_motor_demo:/home/the-hassan-shahzad/ros2_ws/install/rosshow:/home/the-hassan-shahzad/ros2_ws/install/rosboard:/home/the-hassan-shahzad/ros2_ws/install/radioROS:/home/the-hassan-shahzad/ros2_ws/install/pybullet_main_description:/home/the-hassan-shahzad/ros2_ws/install/openbase2_scripts:/home/the-hassan-shahzad/ros2_ws/install/m24_description:/home/the-hassan-shahzad/ros2_ws/install/bno055:/home/the-hassan-shahzad/ros2_ws/install/BiStable_scripts:/home/the-hassan-shahzad/ros2_ws/install/a24_scripts:/home/the-hassan-shahzad/ros2_ws/install/a24_description:/home/the-hassan-shahzad/ros2_ws/install/Versa4_description:/home/the-hassan-shahzad/ros2_ws/install/RoboPipe:/home/the-hassan-shahzad/ros2_ws/install/BiStable_description:/opt/ros/humble:/home/the-hassan-shahzad/ros2_ws/install/openbase2_msgs:/home/the-hassan-shahzad/ros2_ws/install/openbase2_description:/home/the-hassan-shahzad/ros2_ws/install/my_bot:/home/the-hassan-shahzad/ros2_ws/install/bistable_bringup:/home/the-hassan-shahzad/ros2_ws/install/micro_ros_agent:/home/the-hassan-shahzad/ros2_ws/install/bistable_interfaces:/home/the-hassan-shahzad/ros2_ws/install/a24_bringup /usr/bin/cmake --install /home/the-hassan-shahzad/ros2_ws/src/openbase2/build/openbase2_msgs
[2.786s] -- Install configuration: ""
[2.786s] -- Installing: /home/the-hassan-shahzad/ros2_ws/src/openbase2/install/openbase2_msgs/share/ament_index/resource_index/rosidl_interfaces/openbase2_msgs
[2.787s] -- Installing: /home/the-hassan-shahzad/ros2_ws/src/openbase2/install/openbase2_msgs/include/openbase2_msgs/openbase2_msgs
[2.787s] -- Installing: /home/the-hassan-shahzad/ros2_ws/src/openbase2/install/openbase2_msgs/include/openbase2_msgs/openbase2_msgs/msg
[2.787s] -- Installing: /home/the-hassan-shahzad/ros2_ws/src/openbase2/install/openbase2_msgs/include/openbase2_msgs/openbase2_msgs/msg/motor_vels.h
[2.787s] -- Installing: /home/the-hassan-shahzad/ros2_ws/src/openbase2/install/openbase2_msgs/include/openbase2_msgs/openbase2_msgs/msg/detail
[2.787s] -- Installing: /home/the-hassan-shahzad/ros2_ws/src/openbase2/install/openbase2_msgs/include/openbase2_msgs/openbase2_msgs/msg/detail/encoder_data__type_support.h
[2.787s] -- Installing: /home/the-hassan-shahzad/ros2_ws/src/openbase2/install/openbase2_msgs/include/openbase2_msgs/openbase2_msgs/msg/detail/encoder_data__functions.c
[2.787s] -- Installing: /home/the-hassan-shahzad/ros2_ws/src/openbase2/install/openbase2_msgs/include/openbase2_msgs/openbase2_msgs/msg/detail/motor_vels__functions.c
[2.787s] -- Installing: /home/the-hassan-shahzad/ros2_ws/src/openbase2/install/openbase2_msgs/include/openbase2_msgs/openbase2_msgs/msg/detail/encoder_data__functions.h
[2.787s] -- Installing: /home/the-hassan-shahzad/ros2_ws/src/openbase2/install/openbase2_msgs/include/openbase2_msgs/openbase2_msgs/msg/detail/motor_vels__functions.h
[2.787s] -- Installing: /home/the-hassan-shahzad/ros2_ws/src/openbase2/install/openbase2_msgs/include/openbase2_msgs/openbase2_msgs/msg/detail/motor_vels__type_support.h
[2.788s] -- Installing: /home/the-hassan-shahzad/ros2_ws/src/openbase2/install/openbase2_msgs/include/openbase2_msgs/openbase2_msgs/msg/detail/motor_vels__struct.h
[2.788s] -- Installing: /home/the-hassan-shahzad/ros2_ws/src/openbase2/install/openbase2_msgs/include/openbase2_msgs/openbase2_msgs/msg/detail/encoder_data__struct.h
[2.788s] -- Installing: /home/the-hassan-shahzad/ros2_ws/src/openbase2/install/openbase2_msgs/include/openbase2_msgs/openbase2_msgs/msg/rosidl_generator_c__visibility_control.h
[2.788s] -- Installing: /home/the-hassan-shahzad/ros2_ws/src/openbase2/install/openbase2_msgs/include/openbase2_msgs/openbase2_msgs/msg/encoder_data.h
[2.788s] -- Installing: /home/the-hassan-shahzad/ros2_ws/src/openbase2/install/openbase2_msgs/share/openbase2_msgs/environment/library_path.sh
[2.788s] -- Installing: /home/the-hassan-shahzad/ros2_ws/src/openbase2/install/openbase2_msgs/share/openbase2_msgs/environment/library_path.dsv
[2.788s] -- Installing: /home/the-hassan-shahzad/ros2_ws/src/openbase2/install/openbase2_msgs/lib/libopenbase2_msgs__rosidl_generator_c.so
[2.788s] -- Set runtime path of "/home/the-hassan-shahzad/ros2_ws/src/openbase2/install/openbase2_msgs/lib/libopenbase2_msgs__rosidl_generator_c.so" to ""
[2.789s] -- Up-to-date: /home/the-hassan-shahzad/ros2_ws/src/openbase2/install/openbase2_msgs/include/openbase2_msgs/openbase2_msgs
[2.789s] -- Up-to-date: /home/the-hassan-shahzad/ros2_ws/src/openbase2/install/openbase2_msgs/include/openbase2_msgs/openbase2_msgs/msg
[2.789s] -- Installing: /home/the-hassan-shahzad/ros2_ws/src/openbase2/install/openbase2_msgs/include/openbase2_msgs/openbase2_msgs/msg/rosidl_typesupport_fastrtps_c__visibility_control.h
[2.789s] -- Up-to-date: /home/the-hassan-shahzad/ros2_ws/src/openbase2/install/openbase2_msgs/include/openbase2_msgs/openbase2_msgs/msg/detail
[2.789s] -- Installing: /home/the-hassan-shahzad/ros2_ws/src/openbase2/install/openbase2_msgs/include/openbase2_msgs/openbase2_msgs/msg/detail/encoder_data__rosidl_typesupport_fastrtps_c.h
[2.789s] -- Installing: /home/the-hassan-shahzad/ros2_ws/src/openbase2/install/openbase2_msgs/include/openbase2_msgs/openbase2_msgs/msg/detail/motor_vels__rosidl_typesupport_fastrtps_c.h
[2.789s] -- Installing: /home/the-hassan-shahzad/ros2_ws/src/openbase2/install/openbase2_msgs/lib/libopenbase2_msgs__rosidl_typesupport_fastrtps_c.so
[2.789s] -- Set runtime path of "/home/the-hassan-shahzad/ros2_ws/src/openbase2/install/openbase2_msgs/lib/libopenbase2_msgs__rosidl_typesupport_fastrtps_c.so" to ""
[2.789s] -- Up-to-date: /home/the-hassan-shahzad/ros2_ws/src/openbase2/install/openbase2_msgs/include/openbase2_msgs/openbase2_msgs
[2.789s] -- Up-to-date: /home/the-hassan-shahzad/ros2_ws/src/openbase2/install/openbase2_msgs/include/openbase2_msgs/openbase2_msgs/msg
[2.789s] -- Installing: /home/the-hassan-shahzad/ros2_ws/src/openbase2/install/openbase2_msgs/include/openbase2_msgs/openbase2_msgs/msg/rosidl_typesupport_introspection_c__visibility_control.h
[2.789s] -- Up-to-date: /home/the-hassan-shahzad/ros2_ws/src/openbase2/install/openbase2_msgs/include/openbase2_msgs/openbase2_msgs/msg/detail
[2.790s] -- Installing: /home/the-hassan-shahzad/ros2_ws/src/openbase2/install/openbase2_msgs/include/openbase2_msgs/openbase2_msgs/msg/detail/encoder_data__rosidl_typesupport_introspection_c.h
[2.790s] -- Installing: /home/the-hassan-shahzad/ros2_ws/src/openbase2/install/openbase2_msgs/include/openbase2_msgs/openbase2_msgs/msg/detail/encoder_data__type_support.c
[2.790s] -- Installing: /home/the-hassan-shahzad/ros2_ws/src/openbase2/install/openbase2_msgs/include/openbase2_msgs/openbase2_msgs/msg/detail/motor_vels__rosidl_typesupport_introspection_c.h
[2.790s] -- Installing: /home/the-hassan-shahzad/ros2_ws/src/openbase2/install/openbase2_msgs/include/openbase2_msgs/openbase2_msgs/msg/detail/motor_vels__type_support.c
[2.790s] -- Installing: /home/the-hassan-shahzad/ros2_ws/src/openbase2/install/openbase2_msgs/lib/libopenbase2_msgs__rosidl_typesupport_introspection_c.so
[2.790s] -- Set runtime path of "/home/the-hassan-shahzad/ros2_ws/src/openbase2/install/openbase2_msgs/lib/libopenbase2_msgs__rosidl_typesupport_introspection_c.so" to ""
[2.790s] -- Installing: /home/the-hassan-shahzad/ros2_ws/src/openbase2/install/openbase2_msgs/lib/libopenbase2_msgs__rosidl_typesupport_c.so
[2.790s] -- Set runtime path of "/home/the-hassan-shahzad/ros2_ws/src/openbase2/install/openbase2_msgs/lib/libopenbase2_msgs__rosidl_typesupport_c.so" to ""
[2.790s] -- Up-to-date: /home/the-hassan-shahzad/ros2_ws/src/openbase2/install/openbase2_msgs/include/openbase2_msgs/openbase2_msgs
[2.790s] -- Up-to-date: /home/the-hassan-shahzad/ros2_ws/src/openbase2/install/openbase2_msgs/include/openbase2_msgs/openbase2_msgs/msg
[2.790s] -- Installing: /home/the-hassan-shahzad/ros2_ws/src/openbase2/install/openbase2_msgs/include/openbase2_msgs/openbase2_msgs/msg/motor_vels.hpp
[2.790s] -- Up-to-date: /home/the-hassan-shahzad/ros2_ws/src/openbase2/install/openbase2_msgs/include/openbase2_msgs/openbase2_msgs/msg/detail
[2.790s] -- Installing: /home/the-hassan-shahzad/ros2_ws/src/openbase2/install/openbase2_msgs/include/openbase2_msgs/openbase2_msgs/msg/detail/encoder_data__builder.hpp
[2.790s] -- Installing: /home/the-hassan-shahzad/ros2_ws/src/openbase2/install/openbase2_msgs/include/openbase2_msgs/openbase2_msgs/msg/detail/encoder_data__traits.hpp
[2.790s] -- Installing: /home/the-hassan-shahzad/ros2_ws/src/openbase2/install/openbase2_msgs/include/openbase2_msgs/openbase2_msgs/msg/detail/motor_vels__builder.hpp
[2.790s] -- Installing: /home/the-hassan-shahzad/ros2_ws/src/openbase2/install/openbase2_msgs/include/openbase2_msgs/openbase2_msgs/msg/detail/encoder_data__struct.hpp
[2.790s] -- Installing: /home/the-hassan-shahzad/ros2_ws/src/openbase2/install/openbase2_msgs/include/openbase2_msgs/openbase2_msgs/msg/detail/motor_vels__traits.hpp
[2.790s] -- Installing: /home/the-hassan-shahzad/ros2_ws/src/openbase2/install/openbase2_msgs/include/openbase2_msgs/openbase2_msgs/msg/detail/motor_vels__struct.hpp
[2.790s] -- Installing: /home/the-hassan-shahzad/ros2_ws/src/openbase2/install/openbase2_msgs/include/openbase2_msgs/openbase2_msgs/msg/encoder_data.hpp
[2.790s] -- Up-to-date: /home/the-hassan-shahzad/ros2_ws/src/openbase2/install/openbase2_msgs/include/openbase2_msgs/openbase2_msgs
[2.790s] -- Up-to-date: /home/the-hassan-shahzad/ros2_ws/src/openbase2/install/openbase2_msgs/include/openbase2_msgs/openbase2_msgs/msg
[2.790s] -- Up-to-date: /home/the-hassan-shahzad/ros2_ws/src/openbase2/install/openbase2_msgs/include/openbase2_msgs/openbase2_msgs/msg/detail
[2.790s] -- Installing: /home/the-hassan-shahzad/ros2_ws/src/openbase2/install/openbase2_msgs/include/openbase2_msgs/openbase2_msgs/msg/detail/motor_vels__rosidl_typesupport_fastrtps_cpp.hpp
[2.791s] -- Installing: /home/the-hassan-shahzad/ros2_ws/src/openbase2/install/openbase2_msgs/include/openbase2_msgs/openbase2_msgs/msg/detail/encoder_data__rosidl_typesupport_fastrtps_cpp.hpp
[2.791s] -- Installing: /home/the-hassan-shahzad/ros2_ws/src/openbase2/install/openbase2_msgs/include/openbase2_msgs/openbase2_msgs/msg/detail/dds_fastrtps
[2.791s] -- Installing: /home/the-hassan-shahzad/ros2_ws/src/openbase2/install/openbase2_msgs/include/openbase2_msgs/openbase2_msgs/msg/rosidl_typesupport_fastrtps_cpp__visibility_control.h
[2.791s] -- Installing: /home/the-hassan-shahzad/ros2_ws/src/openbase2/install/openbase2_msgs/lib/libopenbase2_msgs__rosidl_typesupport_fastrtps_cpp.so
[2.791s] -- Set runtime path of "/home/the-hassan-shahzad/ros2_ws/src/openbase2/install/openbase2_msgs/lib/libopenbase2_msgs__rosidl_typesupport_fastrtps_cpp.so" to ""
[2.791s] -- Up-to-date: /home/the-hassan-shahzad/ros2_ws/src/openbase2/install/openbase2_msgs/include/openbase2_msgs/openbase2_msgs
[2.791s] -- Up-to-date: /home/the-hassan-shahzad/ros2_ws/src/openbase2/install/openbase2_msgs/include/openbase2_msgs/openbase2_msgs/msg
[2.791s] -- Up-to-date: /home/the-hassan-shahzad/ros2_ws/src/openbase2/install/openbase2_msgs/include/openbase2_msgs/openbase2_msgs/msg/detail
[2.791s] -- Installing: /home/the-hassan-shahzad/ros2_ws/src/openbase2/install/openbase2_msgs/include/openbase2_msgs/openbase2_msgs/msg/detail/motor_vels__rosidl_typesupport_introspection_cpp.hpp
[2.791s] -- Installing: /home/the-hassan-shahzad/ros2_ws/src/openbase2/install/openbase2_msgs/include/openbase2_msgs/openbase2_msgs/msg/detail/motor_vels__type_support.cpp
[2.791s] -- Installing: /home/the-hassan-shahzad/ros2_ws/src/openbase2/install/openbase2_msgs/include/openbase2_msgs/openbase2_msgs/msg/detail/encoder_data__type_support.cpp
[2.791s] -- Installing: /home/the-hassan-shahzad/ros2_ws/src/openbase2/install/openbase2_msgs/include/openbase2_msgs/openbase2_msgs/msg/detail/encoder_data__rosidl_typesupport_introspection_cpp.hpp
[2.791s] -- Installing: /home/the-hassan-shahzad/ros2_ws/src/openbase2/install/openbase2_msgs/lib/libopenbase2_msgs__rosidl_typesupport_introspection_cpp.so
[2.791s] -- Set runtime path of "/home/the-hassan-shahzad/ros2_ws/src/openbase2/install/openbase2_msgs/lib/libopenbase2_msgs__rosidl_typesupport_introspection_cpp.so" to ""
[2.791s] -- Installing: /home/the-hassan-shahzad/ros2_ws/src/openbase2/install/openbase2_msgs/lib/libopenbase2_msgs__rosidl_typesupport_cpp.so
[2.791s] -- Set runtime path of "/home/the-hassan-shahzad/ros2_ws/src/openbase2/install/openbase2_msgs/lib/libopenbase2_msgs__rosidl_typesupport_cpp.so" to ""
[2.791s] -- Installing: /home/the-hassan-shahzad/ros2_ws/src/openbase2/install/openbase2_msgs/share/openbase2_msgs/environment/pythonpath.sh
[2.791s] -- Installing: /home/the-hassan-shahzad/ros2_ws/src/openbase2/install/openbase2_msgs/share/openbase2_msgs/environment/pythonpath.dsv
[2.791s] -- Installing: /home/the-hassan-shahzad/ros2_ws/src/openbase2/install/openbase2_msgs/local/lib/python3.10/dist-packages/openbase2_msgs-0.0.0-py3.10.egg-info
[2.791s] -- Installing: /home/the-hassan-shahzad/ros2_ws/src/openbase2/install/openbase2_msgs/local/lib/python3.10/dist-packages/openbase2_msgs-0.0.0-py3.10.egg-info/SOURCES.txt
[2.791s] -- Installing: /home/the-hassan-shahzad/ros2_ws/src/openbase2/install/openbase2_msgs/local/lib/python3.10/dist-packages/openbase2_msgs-0.0.0-py3.10.egg-info/PKG-INFO
[2.791s] -- Installing: /home/the-hassan-shahzad/ros2_ws/src/openbase2/install/openbase2_msgs/local/lib/python3.10/dist-packages/openbase2_msgs-0.0.0-py3.10.egg-info/dependency_links.txt
[2.791s] -- Installing: /home/the-hassan-shahzad/ros2_ws/src/openbase2/install/openbase2_msgs/local/lib/python3.10/dist-packages/openbase2_msgs-0.0.0-py3.10.egg-info/top_level.txt
[2.791s] -- Installing: /home/the-hassan-shahzad/ros2_ws/src/openbase2/install/openbase2_msgs/local/lib/python3.10/dist-packages/openbase2_msgs
[2.791s] -- Installing: /home/the-hassan-shahzad/ros2_ws/src/openbase2/install/openbase2_msgs/local/lib/python3.10/dist-packages/openbase2_msgs/openbase2_msgs_s__rosidl_typesupport_fastrtps_c.cpython-310-x86_64-linux-gnu.so
[2.791s] -- Installing: /home/the-hassan-shahzad/ros2_ws/src/openbase2/install/openbase2_msgs/local/lib/python3.10/dist-packages/openbase2_msgs/_openbase2_msgs_s.ep.rosidl_typesupport_fastrtps_c.c
[2.791s] -- Installing: /home/the-hassan-shahzad/ros2_ws/src/openbase2/install/openbase2_msgs/local/lib/python3.10/dist-packages/openbase2_msgs/_openbase2_msgs_s.ep.rosidl_typesupport_introspection_c.c
[2.792s] -- Installing: /home/the-hassan-shahzad/ros2_ws/src/openbase2/install/openbase2_msgs/local/lib/python3.10/dist-packages/openbase2_msgs/openbase2_msgs_s__rosidl_typesupport_introspection_c.cpython-310-x86_64-linux-gnu.so
[2.792s] -- Installing: /home/the-hassan-shahzad/ros2_ws/src/openbase2/install/openbase2_msgs/local/lib/python3.10/dist-packages/openbase2_msgs/__init__.py
[2.792s] -- Installing: /home/the-hassan-shahzad/ros2_ws/src/openbase2/install/openbase2_msgs/local/lib/python3.10/dist-packages/openbase2_msgs/libopenbase2_msgs__rosidl_generator_py.so
[2.792s] -- Installing: /home/the-hassan-shahzad/ros2_ws/src/openbase2/install/openbase2_msgs/local/lib/python3.10/dist-packages/openbase2_msgs/_openbase2_msgs_s.ep.rosidl_typesupport_c.c
[2.792s] -- Installing: /home/the-hassan-shahzad/ros2_ws/src/openbase2/install/openbase2_msgs/local/lib/python3.10/dist-packages/openbase2_msgs/msg
[2.792s] -- Installing: /home/the-hassan-shahzad/ros2_ws/src/openbase2/install/openbase2_msgs/local/lib/python3.10/dist-packages/openbase2_msgs/msg/_motor_vels_s.c
[2.792s] -- Installing: /home/the-hassan-shahzad/ros2_ws/src/openbase2/install/openbase2_msgs/local/lib/python3.10/dist-packages/openbase2_msgs/msg/_encoder_data_s.c
[2.792s] -- Installing: /home/the-hassan-shahzad/ros2_ws/src/openbase2/install/openbase2_msgs/local/lib/python3.10/dist-packages/openbase2_msgs/msg/_encoder_data.py
[2.792s] -- Installing: /home/the-hassan-shahzad/ros2_ws/src/openbase2/install/openbase2_msgs/local/lib/python3.10/dist-packages/openbase2_msgs/msg/__init__.py
[2.792s] -- Installing: /home/the-hassan-shahzad/ros2_ws/src/openbase2/install/openbase2_msgs/local/lib/python3.10/dist-packages/openbase2_msgs/msg/_motor_vels.py
[2.792s] -- Installing: /home/the-hassan-shahzad/ros2_ws/src/openbase2/install/openbase2_msgs/local/lib/python3.10/dist-packages/openbase2_msgs/openbase2_msgs_s__rosidl_typesupport_c.cpython-310-x86_64-linux-gnu.so
[2.825s] Listing '/home/the-hassan-shahzad/ros2_ws/src/openbase2/install/openbase2_msgs/local/lib/python3.10/dist-packages/openbase2_msgs'...
[2.825s] Compiling '/home/the-hassan-shahzad/ros2_ws/src/openbase2/install/openbase2_msgs/local/lib/python3.10/dist-packages/openbase2_msgs/__init__.py'...
[2.825s] Listing '/home/the-hassan-shahzad/ros2_ws/src/openbase2/install/openbase2_msgs/local/lib/python3.10/dist-packages/openbase2_msgs/msg'...
[2.825s] Compiling '/home/the-hassan-shahzad/ros2_ws/src/openbase2/install/openbase2_msgs/local/lib/python3.10/dist-packages/openbase2_msgs/msg/__init__.py'...
[2.825s] Compiling '/home/the-hassan-shahzad/ros2_ws/src/openbase2/install/openbase2_msgs/local/lib/python3.10/dist-packages/openbase2_msgs/msg/_encoder_data.py'...
[2.825s] Compiling '/home/the-hassan-shahzad/ros2_ws/src/openbase2/install/openbase2_msgs/local/lib/python3.10/dist-packages/openbase2_msgs/msg/_motor_vels.py'...
[2.828s] -- Installing: /home/the-hassan-shahzad/ros2_ws/src/openbase2/install/openbase2_msgs/local/lib/python3.10/dist-packages/openbase2_msgs/openbase2_msgs_s__rosidl_typesupport_fastrtps_c.cpython-310-x86_64-linux-gnu.so
[2.828s] -- Set runtime path of "/home/the-hassan-shahzad/ros2_ws/src/openbase2/install/openbase2_msgs/local/lib/python3.10/dist-packages/openbase2_msgs/openbase2_msgs_s__rosidl_typesupport_fastrtps_c.cpython-310-x86_64-linux-gnu.so" to ""
[2.828s] -- Installing: /home/the-hassan-shahzad/ros2_ws/src/openbase2/install/openbase2_msgs/local/lib/python3.10/dist-packages/openbase2_msgs/openbase2_msgs_s__rosidl_typesupport_introspection_c.cpython-310-x86_64-linux-gnu.so
[2.828s] -- Set runtime path of "/home/the-hassan-shahzad/ros2_ws/src/openbase2/install/openbase2_msgs/local/lib/python3.10/dist-packages/openbase2_msgs/openbase2_msgs_s__rosidl_typesupport_introspection_c.cpython-310-x86_64-linux-gnu.so" to ""
[2.829s] -- Installing: /home/the-hassan-shahzad/ros2_ws/src/openbase2/install/openbase2_msgs/local/lib/python3.10/dist-packages/openbase2_msgs/openbase2_msgs_s__rosidl_typesupport_c.cpython-310-x86_64-linux-gnu.so
[2.829s] -- Set runtime path of "/home/the-hassan-shahzad/ros2_ws/src/openbase2/install/openbase2_msgs/local/lib/python3.10/dist-packages/openbase2_msgs/openbase2_msgs_s__rosidl_typesupport_c.cpython-310-x86_64-linux-gnu.so" to ""
[2.829s] -- Installing: /home/the-hassan-shahzad/ros2_ws/src/openbase2/install/openbase2_msgs/lib/libopenbase2_msgs__rosidl_generator_py.so
[2.829s] -- Set runtime path of "/home/the-hassan-shahzad/ros2_ws/src/openbase2/install/openbase2_msgs/lib/libopenbase2_msgs__rosidl_generator_py.so" to ""
[2.829s] -- Installing: /home/the-hassan-shahzad/ros2_ws/src/openbase2/install/openbase2_msgs/share/openbase2_msgs/msg/MotorVels.idl
[2.829s] -- Installing: /home/the-hassan-shahzad/ros2_ws/src/openbase2/install/openbase2_msgs/share/openbase2_msgs/msg/EncoderData.idl
[2.829s] -- Installing: /home/the-hassan-shahzad/ros2_ws/src/openbase2/install/openbase2_msgs/share/openbase2_msgs/msg/MotorVels.msg
[2.829s] -- Installing: /home/the-hassan-shahzad/ros2_ws/src/openbase2/install/openbase2_msgs/share/openbase2_msgs/msg/EncoderData.msg
[2.829s] -- Installing: /home/the-hassan-shahzad/ros2_ws/src/openbase2/install/openbase2_msgs/share/ament_index/resource_index/package_run_dependencies/openbase2_msgs
[2.829s] -- Installing: /home/the-hassan-shahzad/ros2_ws/src/openbase2/install/openbase2_msgs/share/ament_index/resource_index/parent_prefix_path/openbase2_msgs
[2.829s] -- Installing: /home/the-hassan-shahzad/ros2_ws/src/openbase2/install/openbase2_msgs/share/openbase2_msgs/environment/ament_prefix_path.sh
[2.829s] -- Installing: /home/the-hassan-shahzad/ros2_ws/src/openbase2/install/openbase2_msgs/share/openbase2_msgs/environment/ament_prefix_path.dsv
[2.829s] -- Installing: /home/the-hassan-shahzad/ros2_ws/src/openbase2/install/openbase2_msgs/share/openbase2_msgs/environment/path.sh
[2.829s] -- Installing: /home/the-hassan-shahzad/ros2_ws/src/openbase2/install/openbase2_msgs/share/openbase2_msgs/environment/path.dsv
[2.829s] -- Installing: /home/the-hassan-shahzad/ros2_ws/src/openbase2/install/openbase2_msgs/share/openbase2_msgs/local_setup.bash
[2.829s] -- Installing: /home/the-hassan-shahzad/ros2_ws/src/openbase2/install/openbase2_msgs/share/openbase2_msgs/local_setup.sh
[2.830s] -- Installing: /home/the-hassan-shahzad/ros2_ws/src/openbase2/install/openbase2_msgs/share/openbase2_msgs/local_setup.zsh
[2.830s] -- Installing: /home/the-hassan-shahzad/ros2_ws/src/openbase2/install/openbase2_msgs/share/openbase2_msgs/local_setup.dsv
[2.830s] -- Installing: /home/the-hassan-shahzad/ros2_ws/src/openbase2/install/openbase2_msgs/share/openbase2_msgs/package.dsv
[2.830s] -- Installing: /home/the-hassan-shahzad/ros2_ws/src/openbase2/install/openbase2_msgs/share/ament_index/resource_index/packages/openbase2_msgs
[2.830s] -- Installing: /home/the-hassan-shahzad/ros2_ws/src/openbase2/install/openbase2_msgs/share/openbase2_msgs/cmake/export_openbase2_msgs__rosidl_generator_cExport.cmake
[2.830s] -- Installing: /home/the-hassan-shahzad/ros2_ws/src/openbase2/install/openbase2_msgs/share/openbase2_msgs/cmake/export_openbase2_msgs__rosidl_generator_cExport-noconfig.cmake
[2.830s] -- Installing: /home/the-hassan-shahzad/ros2_ws/src/openbase2/install/openbase2_msgs/share/openbase2_msgs/cmake/export_openbase2_msgs__rosidl_typesupport_fastrtps_cExport.cmake
[2.830s] -- Installing: /home/the-hassan-shahzad/ros2_ws/src/openbase2/install/openbase2_msgs/share/openbase2_msgs/cmake/export_openbase2_msgs__rosidl_typesupport_fastrtps_cExport-noconfig.cmake
[2.830s] -- Installing: /home/the-hassan-shahzad/ros2_ws/src/openbase2/install/openbase2_msgs/share/openbase2_msgs/cmake/openbase2_msgs__rosidl_typesupport_introspection_cExport.cmake
[2.830s] -- Installing: /home/the-hassan-shahzad/ros2_ws/src/openbase2/install/openbase2_msgs/share/openbase2_msgs/cmake/openbase2_msgs__rosidl_typesupport_introspection_cExport-noconfig.cmake
[2.830s] -- Installing: /home/the-hassan-shahzad/ros2_ws/src/openbase2/install/openbase2_msgs/share/openbase2_msgs/cmake/openbase2_msgs__rosidl_typesupport_cExport.cmake
[2.830s] -- Installing: /home/the-hassan-shahzad/ros2_ws/src/openbase2/install/openbase2_msgs/share/openbase2_msgs/cmake/openbase2_msgs__rosidl_typesupport_cExport-noconfig.cmake
[2.830s] -- Installing: /home/the-hassan-shahzad/ros2_ws/src/openbase2/install/openbase2_msgs/share/openbase2_msgs/cmake/export_openbase2_msgs__rosidl_generator_cppExport.cmake
[2.830s] -- Installing: /home/the-hassan-shahzad/ros2_ws/src/openbase2/install/openbase2_msgs/share/openbase2_msgs/cmake/export_openbase2_msgs__rosidl_typesupport_fastrtps_cppExport.cmake
[2.830s] -- Installing: /home/the-hassan-shahzad/ros2_ws/src/openbase2/install/openbase2_msgs/share/openbase2_msgs/cmake/export_openbase2_msgs__rosidl_typesupport_fastrtps_cppExport-noconfig.cmake
[2.830s] -- Installing: /home/the-hassan-shahzad/ros2_ws/src/openbase2/install/openbase2_msgs/share/openbase2_msgs/cmake/openbase2_msgs__rosidl_typesupport_introspection_cppExport.cmake
[2.830s] -- Installing: /home/the-hassan-shahzad/ros2_ws/src/openbase2/install/openbase2_msgs/share/openbase2_msgs/cmake/openbase2_msgs__rosidl_typesupport_introspection_cppExport-noconfig.cmake
[2.830s] -- Installing: /home/the-hassan-shahzad/ros2_ws/src/openbase2/install/openbase2_msgs/share/openbase2_msgs/cmake/openbase2_msgs__rosidl_typesupport_cppExport.cmake
[2.831s] -- Installing: /home/the-hassan-shahzad/ros2_ws/src/openbase2/install/openbase2_msgs/share/openbase2_msgs/cmake/openbase2_msgs__rosidl_typesupport_cppExport-noconfig.cmake
[2.831s] -- Installing: /home/the-hassan-shahzad/ros2_ws/src/openbase2/install/openbase2_msgs/share/openbase2_msgs/cmake/export_openbase2_msgs__rosidl_generator_pyExport.cmake
[2.831s] -- Installing: /home/the-hassan-shahzad/ros2_ws/src/openbase2/install/openbase2_msgs/share/openbase2_msgs/cmake/export_openbase2_msgs__rosidl_generator_pyExport-noconfig.cmake
[2.831s] -- Installing: /home/the-hassan-shahzad/ros2_ws/src/openbase2/install/openbase2_msgs/share/openbase2_msgs/cmake/rosidl_cmake-extras.cmake
[2.831s] -- Installing: /home/the-hassan-shahzad/ros2_ws/src/openbase2/install/openbase2_msgs/share/openbase2_msgs/cmake/ament_cmake_export_include_directories-extras.cmake
[2.831s] -- Installing: /home/the-hassan-shahzad/ros2_ws/src/openbase2/install/openbase2_msgs/share/openbase2_msgs/cmake/ament_cmake_export_libraries-extras.cmake
[2.831s] -- Installing: /home/the-hassan-shahzad/ros2_ws/src/openbase2/install/openbase2_msgs/share/openbase2_msgs/cmake/ament_cmake_export_targets-extras.cmake
[2.831s] -- Installing: /home/the-hassan-shahzad/ros2_ws/src/openbase2/install/openbase2_msgs/share/openbase2_msgs/cmake/rosidl_cmake_export_typesupport_targets-extras.cmake
[2.831s] -- Installing: /home/the-hassan-shahzad/ros2_ws/src/openbase2/install/openbase2_msgs/share/openbase2_msgs/cmake/ament_cmake_export_dependencies-extras.cmake
[2.831s] -- Installing: /home/the-hassan-shahzad/ros2_ws/src/openbase2/install/openbase2_msgs/share/openbase2_msgs/cmake/rosidl_cmake_export_typesupport_libraries-extras.cmake
[2.831s] -- Installing: /home/the-hassan-shahzad/ros2_ws/src/openbase2/install/openbase2_msgs/share/openbase2_msgs/cmake/openbase2_msgsConfig.cmake
[2.831s] -- Installing: /home/the-hassan-shahzad/ros2_ws/src/openbase2/install/openbase2_msgs/share/openbase2_msgs/cmake/openbase2_msgsConfig-version.cmake
[2.831s] -- Installing: /home/the-hassan-shahzad/ros2_ws/src/openbase2/install/openbase2_msgs/share/openbase2_msgs/package.xml
[2.833s] Invoked command in '/home/the-hassan-shahzad/ros2_ws/src/openbase2/build/openbase2_msgs' returned '0': CMAKE_PREFIX_PATH=/home/the-hassan-shahzad/ros2_ws/install/realsense2_description:/home/the-hassan-shahzad/ros2_ws/install/realsense2_camera:/home/the-hassan-shahzad/ros2_ws/install/realsense2_camera_msgs:/home/the-hassan-shahzad/ros2_ws/install/tello_msg:/home/the-hassan-shahzad/ros2_ws/install/tello_control:/home/the-hassan-shahzad/ros2_ws/install/simple_robot_arm_bringup:/home/the-hassan-shahzad/ros2_ws/install/serial_motor_demo_msgs:/home/the-hassan-shahzad/ros2_ws/install/sbus_serial:/home/the-hassan-shahzad/ros2_ws/install/z24_description:/home/the-hassan-shahzad/ros2_ws/install/true_a24_description:/home/the-hassan-shahzad/ros2_ws/install/tello:/home/the-hassan-shahzad/ros2_ws/install/simple_robot_arm_description:/home/the-hassan-shahzad/ros2_ws/install/serial_motor_demo:/home/the-hassan-shahzad/ros2_ws/install/rosshow:/home/the-hassan-shahzad/ros2_ws/install/rosboard:/home/the-hassan-shahzad/ros2_ws/install/radioROS:/home/the-hassan-shahzad/ros2_ws/install/pybullet_main_description:/home/the-hassan-shahzad/ros2_ws/install/openbase2_scripts:/home/the-hassan-shahzad/ros2_ws/install/m24_description:/home/the-hassan-shahzad/ros2_ws/install/bno055:/home/the-hassan-shahzad/ros2_ws/install/BiStable_scripts:/home/the-hassan-shahzad/ros2_ws/install/a24_scripts:/home/the-hassan-shahzad/ros2_ws/install/a24_description:/home/the-hassan-shahzad/ros2_ws/install/Versa4_description:/home/the-hassan-shahzad/ros2_ws/install/RoboPipe:/home/the-hassan-shahzad/ros2_ws/install/BiStable_description:/opt/ros/humble:/home/the-hassan-shahzad/ros2_ws/install/openbase2_msgs:/home/the-hassan-shahzad/ros2_ws/install/openbase2_description:/home/the-hassan-shahzad/ros2_ws/install/my_bot:/home/the-hassan-shahzad/ros2_ws/install/bistable_bringup:/home/the-hassan-shahzad/ros2_ws/install/micro_ros_agent:/home/the-hassan-shahzad/ros2_ws/install/bistable_interfaces:/home/the-hassan-shahzad/ros2_ws/install/a24_bringup /usr/bin/cmake --install /home/the-hassan-shahzad/ros2_ws/src/openbase2/build/openbase2_msgs
