[0.079s] DEBUG:colcon:Command line arguments: ['/usr/bin/colcon', 'build']
[0.079s] DEBUG:colcon:Parsed command line arguments: Namespace(log_base=None, log_level=None, verb_name='build', build_base='build', install_base='install', merge_install=False, symlink_install=False, test_result_base=None, continue_on_error=False, executor='parallel', parallel_workers=16, event_handlers=None, ignore_user_meta=False, metas=['./colcon.meta'], base_paths=['.'], packages_ignore=None, packages_ignore_regex=None, paths=None, packages_up_to=None, packages_up_to_regex=None, packages_above=None, packages_above_and_dependencies=None, packages_above_depth=None, packages_select_by_dep=None, packages_skip_by_dep=None, packages_skip_up_to=None, packages_select_build_failed=False, packages_skip_build_finished=False, packages_select_test_failures=False, packages_skip_test_passed=False, packages_select=None, packages_skip=None, packages_select_regex=None, packages_skip_regex=None, packages_start=None, packages_end=None, allow_overriding=[], cmake_args=None, cmake_target=None, cmake_target_skip_unavailable=False, cmake_clean_cache=False, cmake_clean_first=False, cmake_force_configure=False, ament_cmake_args=None, catkin_cmake_args=None, catkin_skip_building_tests=False, mixin_files=None, mixin=None, verb_parser=<colcon_mixin.mixin.mixin_argument.MixinArgumentDecorator object at 0x70fbe9c66950>, verb_extension=<colcon_core.verb.build.BuildVerb object at 0x70fbe9c65f30>, main=<bound method BuildVerb.main of <colcon_core.verb.build.BuildVerb object at 0x70fbe9c65f30>>, mixin_verb=('build',))
[0.213s] Level 1:colcon.colcon_core.package_discovery:discover_packages(colcon_meta) check parameters
[0.213s] Level 1:colcon.colcon_core.package_discovery:discover_packages(recursive) check parameters
[0.213s] Level 1:colcon.colcon_core.package_discovery:discover_packages(ignore) check parameters
[0.213s] Level 1:colcon.colcon_core.package_discovery:discover_packages(path) check parameters
[0.213s] Level 1:colcon.colcon_core.package_discovery:discover_packages(colcon_meta) discover
[0.213s] Level 1:colcon.colcon_core.package_discovery:discover_packages(recursive) discover
[0.213s] INFO:colcon.colcon_core.package_discovery:Crawling recursively for packages in '/home/the-hassan-shahzad/ros2_ws/src/openbase2'
[0.213s] Level 1:colcon.colcon_core.package_identification:_identify(.) by extensions ['ignore', 'ignore_ament_install']
[0.213s] Level 1:colcon.colcon_core.package_identification:_identify(.) by extension 'ignore'
[0.213s] Level 1:colcon.colcon_core.package_identification:_identify(.) by extension 'ignore_ament_install'
[0.213s] Level 1:colcon.colcon_core.package_identification:_identify(.) by extensions ['colcon_pkg']
[0.213s] Level 1:colcon.colcon_core.package_identification:_identify(.) by extension 'colcon_pkg'
[0.213s] Level 1:colcon.colcon_core.package_identification:_identify(.) by extensions ['colcon_meta']
[0.213s] Level 1:colcon.colcon_core.package_identification:_identify(.) by extension 'colcon_meta'
[0.213s] Level 1:colcon.colcon_core.package_identification:_identify(.) by extensions ['ros']
[0.213s] Level 1:colcon.colcon_core.package_identification:_identify(.) by extension 'ros'
[0.225s] Level 1:colcon.colcon_core.package_identification:_identify(.) by extensions ['cmake', 'python']
[0.225s] Level 1:colcon.colcon_core.package_identification:_identify(.) by extension 'cmake'
[0.225s] Level 1:colcon.colcon_core.package_identification:_identify(.) by extension 'python'
[0.225s] Level 1:colcon.colcon_core.package_identification:_identify(.) by extensions ['python_setup_py']
[0.225s] Level 1:colcon.colcon_core.package_identification:_identify(.) by extension 'python_setup_py'
[0.226s] Level 1:colcon.colcon_core.package_identification:_identify(build) by extensions ['ignore', 'ignore_ament_install']
[0.226s] Level 1:colcon.colcon_core.package_identification:_identify(build) by extension 'ignore'
[0.226s] Level 1:colcon.colcon_core.package_identification:_identify(build) ignored
[0.226s] Level 1:colcon.colcon_core.package_identification:_identify(install) by extensions ['ignore', 'ignore_ament_install']
[0.226s] Level 1:colcon.colcon_core.package_identification:_identify(install) by extension 'ignore'
[0.226s] Level 1:colcon.colcon_core.package_identification:_identify(install) ignored
[0.226s] Level 1:colcon.colcon_core.package_identification:_identify(log) by extensions ['ignore', 'ignore_ament_install']
[0.226s] Level 1:colcon.colcon_core.package_identification:_identify(log) by extension 'ignore'
[0.226s] Level 1:colcon.colcon_core.package_identification:_identify(log) ignored
[0.226s] Level 1:colcon.colcon_core.package_identification:_identify(openbase2_bringup) by extensions ['ignore', 'ignore_ament_install']
[0.226s] Level 1:colcon.colcon_core.package_identification:_identify(openbase2_bringup) by extension 'ignore'
[0.226s] Level 1:colcon.colcon_core.package_identification:_identify(openbase2_bringup) by extension 'ignore_ament_install'
[0.226s] Level 1:colcon.colcon_core.package_identification:_identify(openbase2_bringup) by extensions ['colcon_pkg']
[0.226s] Level 1:colcon.colcon_core.package_identification:_identify(openbase2_bringup) by extension 'colcon_pkg'
[0.226s] Level 1:colcon.colcon_core.package_identification:_identify(openbase2_bringup) by extensions ['colcon_meta']
[0.226s] Level 1:colcon.colcon_core.package_identification:_identify(openbase2_bringup) by extension 'colcon_meta'
[0.226s] Level 1:colcon.colcon_core.package_identification:_identify(openbase2_bringup) by extensions ['ros']
[0.226s] Level 1:colcon.colcon_core.package_identification:_identify(openbase2_bringup) by extension 'ros'
[0.228s] DEBUG:colcon.colcon_core.package_identification:Package 'openbase2_bringup' with type 'ros.ament_python' and name 'openbase2_bringup'
[0.228s] Level 1:colcon.colcon_core.package_identification:_identify(openbase2_description) by extensions ['ignore', 'ignore_ament_install']
[0.228s] Level 1:colcon.colcon_core.package_identification:_identify(openbase2_description) by extension 'ignore'
[0.228s] Level 1:colcon.colcon_core.package_identification:_identify(openbase2_description) by extension 'ignore_ament_install'
[0.228s] Level 1:colcon.colcon_core.package_identification:_identify(openbase2_description) by extensions ['colcon_pkg']
[0.228s] Level 1:colcon.colcon_core.package_identification:_identify(openbase2_description) by extension 'colcon_pkg'
[0.228s] Level 1:colcon.colcon_core.package_identification:_identify(openbase2_description) by extensions ['colcon_meta']
[0.228s] Level 1:colcon.colcon_core.package_identification:_identify(openbase2_description) by extension 'colcon_meta'
[0.228s] Level 1:colcon.colcon_core.package_identification:_identify(openbase2_description) by extensions ['ros']
[0.228s] Level 1:colcon.colcon_core.package_identification:_identify(openbase2_description) by extension 'ros'
[0.228s] DEBUG:colcon.colcon_core.package_identification:Package 'openbase2_description' with type 'ros.ament_cmake' and name 'openbase2_description'
[0.228s] Level 1:colcon.colcon_core.package_identification:_identify(openbase2_msgs) by extensions ['ignore', 'ignore_ament_install']
[0.228s] Level 1:colcon.colcon_core.package_identification:_identify(openbase2_msgs) by extension 'ignore'
[0.228s] Level 1:colcon.colcon_core.package_identification:_identify(openbase2_msgs) by extension 'ignore_ament_install'
[0.228s] Level 1:colcon.colcon_core.package_identification:_identify(openbase2_msgs) by extensions ['colcon_pkg']
[0.228s] Level 1:colcon.colcon_core.package_identification:_identify(openbase2_msgs) by extension 'colcon_pkg'
[0.228s] Level 1:colcon.colcon_core.package_identification:_identify(openbase2_msgs) by extensions ['colcon_meta']
[0.228s] Level 1:colcon.colcon_core.package_identification:_identify(openbase2_msgs) by extension 'colcon_meta'
[0.228s] Level 1:colcon.colcon_core.package_identification:_identify(openbase2_msgs) by extensions ['ros']
[0.228s] Level 1:colcon.colcon_core.package_identification:_identify(openbase2_msgs) by extension 'ros'
[0.229s] DEBUG:colcon.colcon_core.package_identification:Package 'openbase2_msgs' with type 'ros.ament_cmake' and name 'openbase2_msgs'
[0.229s] Level 1:colcon.colcon_core.package_identification:_identify(openbase2_scripts) by extensions ['ignore', 'ignore_ament_install']
[0.229s] Level 1:colcon.colcon_core.package_identification:_identify(openbase2_scripts) by extension 'ignore'
[0.229s] Level 1:colcon.colcon_core.package_identification:_identify(openbase2_scripts) by extension 'ignore_ament_install'
[0.229s] Level 1:colcon.colcon_core.package_identification:_identify(openbase2_scripts) by extensions ['colcon_pkg']
[0.229s] Level 1:colcon.colcon_core.package_identification:_identify(openbase2_scripts) by extension 'colcon_pkg'
[0.229s] Level 1:colcon.colcon_core.package_identification:_identify(openbase2_scripts) by extensions ['colcon_meta']
[0.229s] Level 1:colcon.colcon_core.package_identification:_identify(openbase2_scripts) by extension 'colcon_meta'
[0.229s] Level 1:colcon.colcon_core.package_identification:_identify(openbase2_scripts) by extensions ['ros']
[0.229s] Level 1:colcon.colcon_core.package_identification:_identify(openbase2_scripts) by extension 'ros'
[0.229s] DEBUG:colcon.colcon_core.package_identification:Package 'openbase2_scripts' with type 'ros.ament_python' and name 'openbase2_scripts'
[0.229s] Level 1:colcon.colcon_core.package_discovery:discover_packages(recursive) using defaults
[0.229s] Level 1:colcon.colcon_core.package_discovery:discover_packages(ignore) discover
[0.229s] Level 1:colcon.colcon_core.package_discovery:discover_packages(ignore) using defaults
[0.229s] Level 1:colcon.colcon_core.package_discovery:discover_packages(path) discover
[0.229s] Level 1:colcon.colcon_core.package_discovery:discover_packages(path) using defaults
[0.243s] Level 1:colcon.colcon_core.package_discovery:discover_packages(prefix_path) check parameters
[0.244s] Level 1:colcon.colcon_core.package_discovery:discover_packages(prefix_path) discover
[0.245s] DEBUG:colcon.colcon_installed_package_information.package_discovery:Found 33 installed packages in /home/the-hassan-shahzad/ros2_ws/install
[0.246s] DEBUG:colcon.colcon_installed_package_information.package_discovery:Found 436 installed packages in /opt/ros/humble
[0.248s] Level 1:colcon.colcon_core.package_discovery:discover_packages(prefix_path) using defaults
[0.278s] Level 5:colcon.colcon_core.verb:set package 'openbase2_bringup' build argument 'cmake_args' from command line to 'None'
[0.278s] Level 5:colcon.colcon_core.verb:set package 'openbase2_bringup' build argument 'cmake_target' from command line to 'None'
[0.278s] Level 5:colcon.colcon_core.verb:set package 'openbase2_bringup' build argument 'cmake_target_skip_unavailable' from command line to 'False'
[0.278s] Level 5:colcon.colcon_core.verb:set package 'openbase2_bringup' build argument 'cmake_clean_cache' from command line to 'False'
[0.278s] Level 5:colcon.colcon_core.verb:set package 'openbase2_bringup' build argument 'cmake_clean_first' from command line to 'False'
[0.278s] Level 5:colcon.colcon_core.verb:set package 'openbase2_bringup' build argument 'cmake_force_configure' from command line to 'False'
[0.278s] Level 5:colcon.colcon_core.verb:set package 'openbase2_bringup' build argument 'ament_cmake_args' from command line to 'None'
[0.278s] Level 5:colcon.colcon_core.verb:set package 'openbase2_bringup' build argument 'catkin_cmake_args' from command line to 'None'
[0.278s] Level 5:colcon.colcon_core.verb:set package 'openbase2_bringup' build argument 'catkin_skip_building_tests' from command line to 'False'
[0.278s] DEBUG:colcon.colcon_core.verb:Building package 'openbase2_bringup' with the following arguments: {'ament_cmake_args': None, 'build_base': '/home/the-hassan-shahzad/ros2_ws/src/openbase2/build/openbase2_bringup', 'catkin_cmake_args': None, 'catkin_skip_building_tests': False, 'cmake_args': None, 'cmake_clean_cache': False, 'cmake_clean_first': False, 'cmake_force_configure': False, 'cmake_target': None, 'cmake_target_skip_unavailable': False, 'install_base': '/home/the-hassan-shahzad/ros2_ws/src/openbase2/install/openbase2_bringup', 'merge_install': False, 'path': '/home/the-hassan-shahzad/ros2_ws/src/openbase2/openbase2_bringup', 'symlink_install': False, 'test_result_base': None}
[0.279s] Level 5:colcon.colcon_core.verb:set package 'openbase2_description' build argument 'cmake_args' from command line to 'None'
[0.279s] Level 5:colcon.colcon_core.verb:set package 'openbase2_description' build argument 'cmake_target' from command line to 'None'
[0.279s] Level 5:colcon.colcon_core.verb:set package 'openbase2_description' build argument 'cmake_target_skip_unavailable' from command line to 'False'
[0.279s] Level 5:colcon.colcon_core.verb:set package 'openbase2_description' build argument 'cmake_clean_cache' from command line to 'False'
[0.279s] Level 5:colcon.colcon_core.verb:set package 'openbase2_description' build argument 'cmake_clean_first' from command line to 'False'
[0.279s] Level 5:colcon.colcon_core.verb:set package 'openbase2_description' build argument 'cmake_force_configure' from command line to 'False'
[0.279s] Level 5:colcon.colcon_core.verb:set package 'openbase2_description' build argument 'ament_cmake_args' from command line to 'None'
[0.279s] Level 5:colcon.colcon_core.verb:set package 'openbase2_description' build argument 'catkin_cmake_args' from command line to 'None'
[0.279s] Level 5:colcon.colcon_core.verb:set package 'openbase2_description' build argument 'catkin_skip_building_tests' from command line to 'False'
[0.279s] DEBUG:colcon.colcon_core.verb:Building package 'openbase2_description' with the following arguments: {'ament_cmake_args': None, 'build_base': '/home/the-hassan-shahzad/ros2_ws/src/openbase2/build/openbase2_description', 'catkin_cmake_args': None, 'catkin_skip_building_tests': False, 'cmake_args': None, 'cmake_clean_cache': False, 'cmake_clean_first': False, 'cmake_force_configure': False, 'cmake_target': None, 'cmake_target_skip_unavailable': False, 'install_base': '/home/the-hassan-shahzad/ros2_ws/src/openbase2/install/openbase2_description', 'merge_install': False, 'path': '/home/the-hassan-shahzad/ros2_ws/src/openbase2/openbase2_description', 'symlink_install': False, 'test_result_base': None}
[0.279s] Level 5:colcon.colcon_core.verb:set package 'openbase2_msgs' build argument 'cmake_args' from command line to 'None'
[0.279s] Level 5:colcon.colcon_core.verb:set package 'openbase2_msgs' build argument 'cmake_target' from command line to 'None'
[0.279s] Level 5:colcon.colcon_core.verb:set package 'openbase2_msgs' build argument 'cmake_target_skip_unavailable' from command line to 'False'
[0.279s] Level 5:colcon.colcon_core.verb:set package 'openbase2_msgs' build argument 'cmake_clean_cache' from command line to 'False'
[0.279s] Level 5:colcon.colcon_core.verb:set package 'openbase2_msgs' build argument 'cmake_clean_first' from command line to 'False'
[0.279s] Level 5:colcon.colcon_core.verb:set package 'openbase2_msgs' build argument 'cmake_force_configure' from command line to 'False'
[0.279s] Level 5:colcon.colcon_core.verb:set package 'openbase2_msgs' build argument 'ament_cmake_args' from command line to 'None'
[0.279s] Level 5:colcon.colcon_core.verb:set package 'openbase2_msgs' build argument 'catkin_cmake_args' from command line to 'None'
[0.279s] Level 5:colcon.colcon_core.verb:set package 'openbase2_msgs' build argument 'catkin_skip_building_tests' from command line to 'False'
[0.279s] DEBUG:colcon.colcon_core.verb:Building package 'openbase2_msgs' with the following arguments: {'ament_cmake_args': None, 'build_base': '/home/the-hassan-shahzad/ros2_ws/src/openbase2/build/openbase2_msgs', 'catkin_cmake_args': None, 'catkin_skip_building_tests': False, 'cmake_args': None, 'cmake_clean_cache': False, 'cmake_clean_first': False, 'cmake_force_configure': False, 'cmake_target': None, 'cmake_target_skip_unavailable': False, 'install_base': '/home/the-hassan-shahzad/ros2_ws/src/openbase2/install/openbase2_msgs', 'merge_install': False, 'path': '/home/the-hassan-shahzad/ros2_ws/src/openbase2/openbase2_msgs', 'symlink_install': False, 'test_result_base': None}
[0.279s] Level 5:colcon.colcon_core.verb:set package 'openbase2_scripts' build argument 'cmake_args' from command line to 'None'
[0.279s] Level 5:colcon.colcon_core.verb:set package 'openbase2_scripts' build argument 'cmake_target' from command line to 'None'
[0.279s] Level 5:colcon.colcon_core.verb:set package 'openbase2_scripts' build argument 'cmake_target_skip_unavailable' from command line to 'False'
[0.279s] Level 5:colcon.colcon_core.verb:set package 'openbase2_scripts' build argument 'cmake_clean_cache' from command line to 'False'
[0.279s] Level 5:colcon.colcon_core.verb:set package 'openbase2_scripts' build argument 'cmake_clean_first' from command line to 'False'
[0.279s] Level 5:colcon.colcon_core.verb:set package 'openbase2_scripts' build argument 'cmake_force_configure' from command line to 'False'
[0.279s] Level 5:colcon.colcon_core.verb:set package 'openbase2_scripts' build argument 'ament_cmake_args' from command line to 'None'
[0.279s] Level 5:colcon.colcon_core.verb:set package 'openbase2_scripts' build argument 'catkin_cmake_args' from command line to 'None'
[0.279s] Level 5:colcon.colcon_core.verb:set package 'openbase2_scripts' build argument 'catkin_skip_building_tests' from command line to 'False'
[0.279s] DEBUG:colcon.colcon_core.verb:Building package 'openbase2_scripts' with the following arguments: {'ament_cmake_args': None, 'build_base': '/home/the-hassan-shahzad/ros2_ws/src/openbase2/build/openbase2_scripts', 'catkin_cmake_args': None, 'catkin_skip_building_tests': False, 'cmake_args': None, 'cmake_clean_cache': False, 'cmake_clean_first': False, 'cmake_force_configure': False, 'cmake_target': None, 'cmake_target_skip_unavailable': False, 'install_base': '/home/the-hassan-shahzad/ros2_ws/src/openbase2/install/openbase2_scripts', 'merge_install': False, 'path': '/home/the-hassan-shahzad/ros2_ws/src/openbase2/openbase2_scripts', 'symlink_install': False, 'test_result_base': None}
[0.280s] INFO:colcon.colcon_core.executor:Executing jobs using 'parallel' executor
[0.280s] DEBUG:colcon.colcon_parallel_executor.executor.parallel:run_until_complete
[0.281s] INFO:colcon.colcon_ros.task.ament_python.build:Building ROS package in '/home/the-hassan-shahzad/ros2_ws/src/openbase2/openbase2_bringup' with build type 'ament_python'
[0.281s] Level 1:colcon.colcon_core.shell:create_environment_hook('openbase2_bringup', 'ament_prefix_path')
[0.282s] INFO:colcon.colcon_core.plugin_system:Skipping extension 'colcon_core.shell.bat': Not used on non-Windows systems
[0.282s] INFO:colcon.colcon_core.shell:Creating environment hook '/home/the-hassan-shahzad/ros2_ws/src/openbase2/install/openbase2_bringup/share/openbase2_bringup/hook/ament_prefix_path.ps1'
[0.283s] INFO:colcon.colcon_core.shell:Creating environment descriptor '/home/the-hassan-shahzad/ros2_ws/src/openbase2/install/openbase2_bringup/share/openbase2_bringup/hook/ament_prefix_path.dsv'
[0.283s] INFO:colcon.colcon_core.shell:Creating environment hook '/home/the-hassan-shahzad/ros2_ws/src/openbase2/install/openbase2_bringup/share/openbase2_bringup/hook/ament_prefix_path.sh'
[0.283s] INFO:colcon.colcon_core.shell:Skip shell extension 'powershell' for command environment: Not usable outside of PowerShell
[0.283s] DEBUG:colcon.colcon_core.shell:Skip shell extension 'dsv' for command environment
[0.286s] INFO:colcon.colcon_ros.task.ament_cmake.build:Building ROS package in '/home/the-hassan-shahzad/ros2_ws/src/openbase2/openbase2_description' with build type 'ament_cmake'
[0.287s] INFO:colcon.colcon_cmake.task.cmake.build:Building CMake package in '/home/the-hassan-shahzad/ros2_ws/src/openbase2/openbase2_description'
[0.287s] INFO:colcon.colcon_core.shell:Skip shell extension 'powershell' for command environment: Not usable outside of PowerShell
[0.287s] DEBUG:colcon.colcon_core.shell:Skip shell extension 'dsv' for command environment
[0.290s] INFO:colcon.colcon_ros.task.ament_cmake.build:Building ROS package in '/home/the-hassan-shahzad/ros2_ws/src/openbase2/openbase2_msgs' with build type 'ament_cmake'
[0.290s] INFO:colcon.colcon_cmake.task.cmake.build:Building CMake package in '/home/the-hassan-shahzad/ros2_ws/src/openbase2/openbase2_msgs'
[0.290s] INFO:colcon.colcon_core.shell:Skip shell extension 'powershell' for command environment: Not usable outside of PowerShell
[0.290s] DEBUG:colcon.colcon_core.shell:Skip shell extension 'dsv' for command environment
[0.293s] INFO:colcon.colcon_ros.task.ament_python.build:Building ROS package in '/home/the-hassan-shahzad/ros2_ws/src/openbase2/openbase2_scripts' with build type 'ament_python'
[0.293s] Level 1:colcon.colcon_core.shell:create_environment_hook('openbase2_scripts', 'ament_prefix_path')
[0.293s] INFO:colcon.colcon_core.shell:Creating environment hook '/home/the-hassan-shahzad/ros2_ws/src/openbase2/install/openbase2_scripts/share/openbase2_scripts/hook/ament_prefix_path.ps1'
[0.293s] INFO:colcon.colcon_core.shell:Creating environment descriptor '/home/the-hassan-shahzad/ros2_ws/src/openbase2/install/openbase2_scripts/share/openbase2_scripts/hook/ament_prefix_path.dsv'
[0.294s] INFO:colcon.colcon_core.shell:Creating environment hook '/home/the-hassan-shahzad/ros2_ws/src/openbase2/install/openbase2_scripts/share/openbase2_scripts/hook/ament_prefix_path.sh'
[0.294s] INFO:colcon.colcon_core.shell:Skip shell extension 'powershell' for command environment: Not usable outside of PowerShell
[0.294s] DEBUG:colcon.colcon_core.shell:Skip shell extension 'dsv' for command environment
[0.498s] INFO:colcon.colcon_core.task.python.build:Building Python package in '/home/the-hassan-shahzad/ros2_ws/src/openbase2/openbase2_bringup'
[0.498s] INFO:colcon.colcon_core.shell:Skip shell extension 'powershell' for command environment: Not usable outside of PowerShell
[0.498s] DEBUG:colcon.colcon_core.shell:Skip shell extension 'dsv' for command environment
[0.505s] DEBUG:colcon.colcon_core.event_handler.log_command:Invoking command in '/home/the-hassan-shahzad/ros2_ws/src/openbase2/build/openbase2_description': CMAKE_PREFIX_PATH=/home/the-hassan-shahzad/ros2_ws/install/realsense2_description:/home/the-hassan-shahzad/ros2_ws/install/realsense2_camera:/home/the-hassan-shahzad/ros2_ws/install/realsense2_camera_msgs:/home/the-hassan-shahzad/ros2_ws/install/tello_msg:/home/the-hassan-shahzad/ros2_ws/install/tello_control:/home/the-hassan-shahzad/ros2_ws/install/simple_robot_arm_bringup:/home/the-hassan-shahzad/ros2_ws/install/serial_motor_demo_msgs:/home/the-hassan-shahzad/ros2_ws/install/sbus_serial:/home/the-hassan-shahzad/ros2_ws/install/z24_description:/home/the-hassan-shahzad/ros2_ws/install/true_a24_description:/home/the-hassan-shahzad/ros2_ws/install/tello:/home/the-hassan-shahzad/ros2_ws/install/simple_robot_arm_description:/home/the-hassan-shahzad/ros2_ws/install/serial_motor_demo:/home/the-hassan-shahzad/ros2_ws/install/rosshow:/home/the-hassan-shahzad/ros2_ws/install/rosboard:/home/the-hassan-shahzad/ros2_ws/install/radioROS:/home/the-hassan-shahzad/ros2_ws/install/pybullet_main_description:/home/the-hassan-shahzad/ros2_ws/install/openbase2_scripts:/home/the-hassan-shahzad/ros2_ws/install/m24_description:/home/the-hassan-shahzad/ros2_ws/install/bno055:/home/the-hassan-shahzad/ros2_ws/install/BiStable_scripts:/home/the-hassan-shahzad/ros2_ws/install/a24_scripts:/home/the-hassan-shahzad/ros2_ws/install/a24_description:/home/the-hassan-shahzad/ros2_ws/install/Versa4_description:/home/the-hassan-shahzad/ros2_ws/install/RoboPipe:/home/the-hassan-shahzad/ros2_ws/install/BiStable_description:/opt/ros/humble:/home/the-hassan-shahzad/ros2_ws/install/openbase2_msgs:/home/the-hassan-shahzad/ros2_ws/install/openbase2_description:/home/the-hassan-shahzad/ros2_ws/install/my_bot:/home/the-hassan-shahzad/ros2_ws/install/bistable_bringup:/home/the-hassan-shahzad/ros2_ws/install/micro_ros_agent:/home/the-hassan-shahzad/ros2_ws/install/bistable_interfaces:/home/the-hassan-shahzad/ros2_ws/install/a24_bringup /usr/bin/cmake --build /home/the-hassan-shahzad/ros2_ws/src/openbase2/build/openbase2_description -- -j16 -l16
[0.509s] DEBUG:colcon.colcon_core.event_handler.log_command:Invoking command in '/home/the-hassan-shahzad/ros2_ws/src/openbase2/build/openbase2_msgs': CMAKE_PREFIX_PATH=/home/the-hassan-shahzad/ros2_ws/install/realsense2_description:/home/the-hassan-shahzad/ros2_ws/install/realsense2_camera:/home/the-hassan-shahzad/ros2_ws/install/realsense2_camera_msgs:/home/the-hassan-shahzad/ros2_ws/install/tello_msg:/home/the-hassan-shahzad/ros2_ws/install/tello_control:/home/the-hassan-shahzad/ros2_ws/install/simple_robot_arm_bringup:/home/the-hassan-shahzad/ros2_ws/install/serial_motor_demo_msgs:/home/the-hassan-shahzad/ros2_ws/install/sbus_serial:/home/the-hassan-shahzad/ros2_ws/install/z24_description:/home/the-hassan-shahzad/ros2_ws/install/true_a24_description:/home/the-hassan-shahzad/ros2_ws/install/tello:/home/the-hassan-shahzad/ros2_ws/install/simple_robot_arm_description:/home/the-hassan-shahzad/ros2_ws/install/serial_motor_demo:/home/the-hassan-shahzad/ros2_ws/install/rosshow:/home/the-hassan-shahzad/ros2_ws/install/rosboard:/home/the-hassan-shahzad/ros2_ws/install/radioROS:/home/the-hassan-shahzad/ros2_ws/install/pybullet_main_description:/home/the-hassan-shahzad/ros2_ws/install/openbase2_scripts:/home/the-hassan-shahzad/ros2_ws/install/m24_description:/home/the-hassan-shahzad/ros2_ws/install/bno055:/home/the-hassan-shahzad/ros2_ws/install/BiStable_scripts:/home/the-hassan-shahzad/ros2_ws/install/a24_scripts:/home/the-hassan-shahzad/ros2_ws/install/a24_description:/home/the-hassan-shahzad/ros2_ws/install/Versa4_description:/home/the-hassan-shahzad/ros2_ws/install/RoboPipe:/home/the-hassan-shahzad/ros2_ws/install/BiStable_description:/opt/ros/humble:/home/the-hassan-shahzad/ros2_ws/install/openbase2_msgs:/home/the-hassan-shahzad/ros2_ws/install/openbase2_description:/home/the-hassan-shahzad/ros2_ws/install/my_bot:/home/the-hassan-shahzad/ros2_ws/install/bistable_bringup:/home/the-hassan-shahzad/ros2_ws/install/micro_ros_agent:/home/the-hassan-shahzad/ros2_ws/install/bistable_interfaces:/home/the-hassan-shahzad/ros2_ws/install/a24_bringup /usr/bin/cmake --build /home/the-hassan-shahzad/ros2_ws/src/openbase2/build/openbase2_msgs -- -j16 -l16
[0.712s] INFO:colcon.colcon_core.task.python.build:Building Python package in '/home/the-hassan-shahzad/ros2_ws/src/openbase2/openbase2_scripts'
[0.713s] INFO:colcon.colcon_core.shell:Skip shell extension 'powershell' for command environment: Not usable outside of PowerShell
[0.713s] DEBUG:colcon.colcon_core.shell:Skip shell extension 'dsv' for command environment
[0.722s] DEBUG:colcon.colcon_core.event_handler.log_command:Invoked command in '/home/the-hassan-shahzad/ros2_ws/src/openbase2/build/openbase2_description' returned '0': CMAKE_PREFIX_PATH=/home/the-hassan-shahzad/ros2_ws/install/realsense2_description:/home/the-hassan-shahzad/ros2_ws/install/realsense2_camera:/home/the-hassan-shahzad/ros2_ws/install/realsense2_camera_msgs:/home/the-hassan-shahzad/ros2_ws/install/tello_msg:/home/the-hassan-shahzad/ros2_ws/install/tello_control:/home/the-hassan-shahzad/ros2_ws/install/simple_robot_arm_bringup:/home/the-hassan-shahzad/ros2_ws/install/serial_motor_demo_msgs:/home/the-hassan-shahzad/ros2_ws/install/sbus_serial:/home/the-hassan-shahzad/ros2_ws/install/z24_description:/home/the-hassan-shahzad/ros2_ws/install/true_a24_description:/home/the-hassan-shahzad/ros2_ws/install/tello:/home/the-hassan-shahzad/ros2_ws/install/simple_robot_arm_description:/home/the-hassan-shahzad/ros2_ws/install/serial_motor_demo:/home/the-hassan-shahzad/ros2_ws/install/rosshow:/home/the-hassan-shahzad/ros2_ws/install/rosboard:/home/the-hassan-shahzad/ros2_ws/install/radioROS:/home/the-hassan-shahzad/ros2_ws/install/pybullet_main_description:/home/the-hassan-shahzad/ros2_ws/install/openbase2_scripts:/home/the-hassan-shahzad/ros2_ws/install/m24_description:/home/the-hassan-shahzad/ros2_ws/install/bno055:/home/the-hassan-shahzad/ros2_ws/install/BiStable_scripts:/home/the-hassan-shahzad/ros2_ws/install/a24_scripts:/home/the-hassan-shahzad/ros2_ws/install/a24_description:/home/the-hassan-shahzad/ros2_ws/install/Versa4_description:/home/the-hassan-shahzad/ros2_ws/install/RoboPipe:/home/the-hassan-shahzad/ros2_ws/install/BiStable_description:/opt/ros/humble:/home/the-hassan-shahzad/ros2_ws/install/openbase2_msgs:/home/the-hassan-shahzad/ros2_ws/install/openbase2_description:/home/the-hassan-shahzad/ros2_ws/install/my_bot:/home/the-hassan-shahzad/ros2_ws/install/bistable_bringup:/home/the-hassan-shahzad/ros2_ws/install/micro_ros_agent:/home/the-hassan-shahzad/ros2_ws/install/bistable_interfaces:/home/the-hassan-shahzad/ros2_ws/install/a24_bringup /usr/bin/cmake --build /home/the-hassan-shahzad/ros2_ws/src/openbase2/build/openbase2_description -- -j16 -l16
[0.742s] DEBUG:colcon.colcon_core.event_handler.log_command:Invoking command in '/home/the-hassan-shahzad/ros2_ws/src/openbase2/build/openbase2_description': CMAKE_PREFIX_PATH=/home/the-hassan-shahzad/ros2_ws/install/realsense2_description:/home/the-hassan-shahzad/ros2_ws/install/realsense2_camera:/home/the-hassan-shahzad/ros2_ws/install/realsense2_camera_msgs:/home/the-hassan-shahzad/ros2_ws/install/tello_msg:/home/the-hassan-shahzad/ros2_ws/install/tello_control:/home/the-hassan-shahzad/ros2_ws/install/simple_robot_arm_bringup:/home/the-hassan-shahzad/ros2_ws/install/serial_motor_demo_msgs:/home/the-hassan-shahzad/ros2_ws/install/sbus_serial:/home/the-hassan-shahzad/ros2_ws/install/z24_description:/home/the-hassan-shahzad/ros2_ws/install/true_a24_description:/home/the-hassan-shahzad/ros2_ws/install/tello:/home/the-hassan-shahzad/ros2_ws/install/simple_robot_arm_description:/home/the-hassan-shahzad/ros2_ws/install/serial_motor_demo:/home/the-hassan-shahzad/ros2_ws/install/rosshow:/home/the-hassan-shahzad/ros2_ws/install/rosboard:/home/the-hassan-shahzad/ros2_ws/install/radioROS:/home/the-hassan-shahzad/ros2_ws/install/pybullet_main_description:/home/the-hassan-shahzad/ros2_ws/install/openbase2_scripts:/home/the-hassan-shahzad/ros2_ws/install/m24_description:/home/the-hassan-shahzad/ros2_ws/install/bno055:/home/the-hassan-shahzad/ros2_ws/install/BiStable_scripts:/home/the-hassan-shahzad/ros2_ws/install/a24_scripts:/home/the-hassan-shahzad/ros2_ws/install/a24_description:/home/the-hassan-shahzad/ros2_ws/install/Versa4_description:/home/the-hassan-shahzad/ros2_ws/install/RoboPipe:/home/the-hassan-shahzad/ros2_ws/install/BiStable_description:/opt/ros/humble:/home/the-hassan-shahzad/ros2_ws/install/openbase2_msgs:/home/the-hassan-shahzad/ros2_ws/install/openbase2_description:/home/the-hassan-shahzad/ros2_ws/install/my_bot:/home/the-hassan-shahzad/ros2_ws/install/bistable_bringup:/home/the-hassan-shahzad/ros2_ws/install/micro_ros_agent:/home/the-hassan-shahzad/ros2_ws/install/bistable_interfaces:/home/the-hassan-shahzad/ros2_ws/install/a24_bringup /usr/bin/cmake --install /home/the-hassan-shahzad/ros2_ws/src/openbase2/build/openbase2_description
[0.771s] DEBUG:colcon.colcon_core.event_handler.log_command:Invoked command in '/home/the-hassan-shahzad/ros2_ws/src/openbase2/build/openbase2_msgs' returned '0': CMAKE_PREFIX_PATH=/home/the-hassan-shahzad/ros2_ws/install/realsense2_description:/home/the-hassan-shahzad/ros2_ws/install/realsense2_camera:/home/the-hassan-shahzad/ros2_ws/install/realsense2_camera_msgs:/home/the-hassan-shahzad/ros2_ws/install/tello_msg:/home/the-hassan-shahzad/ros2_ws/install/tello_control:/home/the-hassan-shahzad/ros2_ws/install/simple_robot_arm_bringup:/home/the-hassan-shahzad/ros2_ws/install/serial_motor_demo_msgs:/home/the-hassan-shahzad/ros2_ws/install/sbus_serial:/home/the-hassan-shahzad/ros2_ws/install/z24_description:/home/the-hassan-shahzad/ros2_ws/install/true_a24_description:/home/the-hassan-shahzad/ros2_ws/install/tello:/home/the-hassan-shahzad/ros2_ws/install/simple_robot_arm_description:/home/the-hassan-shahzad/ros2_ws/install/serial_motor_demo:/home/the-hassan-shahzad/ros2_ws/install/rosshow:/home/the-hassan-shahzad/ros2_ws/install/rosboard:/home/the-hassan-shahzad/ros2_ws/install/radioROS:/home/the-hassan-shahzad/ros2_ws/install/pybullet_main_description:/home/the-hassan-shahzad/ros2_ws/install/openbase2_scripts:/home/the-hassan-shahzad/ros2_ws/install/m24_description:/home/the-hassan-shahzad/ros2_ws/install/bno055:/home/the-hassan-shahzad/ros2_ws/install/BiStable_scripts:/home/the-hassan-shahzad/ros2_ws/install/a24_scripts:/home/the-hassan-shahzad/ros2_ws/install/a24_description:/home/the-hassan-shahzad/ros2_ws/install/Versa4_description:/home/the-hassan-shahzad/ros2_ws/install/RoboPipe:/home/the-hassan-shahzad/ros2_ws/install/BiStable_description:/opt/ros/humble:/home/the-hassan-shahzad/ros2_ws/install/openbase2_msgs:/home/the-hassan-shahzad/ros2_ws/install/openbase2_description:/home/the-hassan-shahzad/ros2_ws/install/my_bot:/home/the-hassan-shahzad/ros2_ws/install/bistable_bringup:/home/the-hassan-shahzad/ros2_ws/install/micro_ros_agent:/home/the-hassan-shahzad/ros2_ws/install/bistable_interfaces:/home/the-hassan-shahzad/ros2_ws/install/a24_bringup /usr/bin/cmake --build /home/the-hassan-shahzad/ros2_ws/src/openbase2/build/openbase2_msgs -- -j16 -l16
[0.786s] Level 1:colcon.colcon_core.environment:create_environment_scripts_only(openbase2_description)
[0.787s] DEBUG:colcon.colcon_core.event_handler.log_command:Invoked command in '/home/the-hassan-shahzad/ros2_ws/src/openbase2/build/openbase2_description' returned '0': CMAKE_PREFIX_PATH=/home/the-hassan-shahzad/ros2_ws/install/realsense2_description:/home/the-hassan-shahzad/ros2_ws/install/realsense2_camera:/home/the-hassan-shahzad/ros2_ws/install/realsense2_camera_msgs:/home/the-hassan-shahzad/ros2_ws/install/tello_msg:/home/the-hassan-shahzad/ros2_ws/install/tello_control:/home/the-hassan-shahzad/ros2_ws/install/simple_robot_arm_bringup:/home/the-hassan-shahzad/ros2_ws/install/serial_motor_demo_msgs:/home/the-hassan-shahzad/ros2_ws/install/sbus_serial:/home/the-hassan-shahzad/ros2_ws/install/z24_description:/home/the-hassan-shahzad/ros2_ws/install/true_a24_description:/home/the-hassan-shahzad/ros2_ws/install/tello:/home/the-hassan-shahzad/ros2_ws/install/simple_robot_arm_description:/home/the-hassan-shahzad/ros2_ws/install/serial_motor_demo:/home/the-hassan-shahzad/ros2_ws/install/rosshow:/home/the-hassan-shahzad/ros2_ws/install/rosboard:/home/the-hassan-shahzad/ros2_ws/install/radioROS:/home/the-hassan-shahzad/ros2_ws/install/pybullet_main_description:/home/the-hassan-shahzad/ros2_ws/install/openbase2_scripts:/home/the-hassan-shahzad/ros2_ws/install/m24_description:/home/the-hassan-shahzad/ros2_ws/install/bno055:/home/the-hassan-shahzad/ros2_ws/install/BiStable_scripts:/home/the-hassan-shahzad/ros2_ws/install/a24_scripts:/home/the-hassan-shahzad/ros2_ws/install/a24_description:/home/the-hassan-shahzad/ros2_ws/install/Versa4_description:/home/the-hassan-shahzad/ros2_ws/install/RoboPipe:/home/the-hassan-shahzad/ros2_ws/install/BiStable_description:/opt/ros/humble:/home/the-hassan-shahzad/ros2_ws/install/openbase2_msgs:/home/the-hassan-shahzad/ros2_ws/install/openbase2_description:/home/the-hassan-shahzad/ros2_ws/install/my_bot:/home/the-hassan-shahzad/ros2_ws/install/bistable_bringup:/home/the-hassan-shahzad/ros2_ws/install/micro_ros_agent:/home/the-hassan-shahzad/ros2_ws/install/bistable_interfaces:/home/the-hassan-shahzad/ros2_ws/install/a24_bringup /usr/bin/cmake --install /home/the-hassan-shahzad/ros2_ws/src/openbase2/build/openbase2_description
[0.789s] Level 1:colcon.colcon_core.environment:checking '/home/the-hassan-shahzad/ros2_ws/src/openbase2/install/openbase2_description' for CMake module files
[0.789s] Level 1:colcon.colcon_core.environment:checking '/home/the-hassan-shahzad/ros2_ws/src/openbase2/install/openbase2_description' for CMake config files
[0.789s] Level 1:colcon.colcon_core.shell:create_environment_hook('openbase2_description', 'cmake_prefix_path')
[0.790s] INFO:colcon.colcon_core.shell:Creating environment hook '/home/the-hassan-shahzad/ros2_ws/src/openbase2/install/openbase2_description/share/openbase2_description/hook/cmake_prefix_path.ps1'
[0.790s] INFO:colcon.colcon_core.shell:Creating environment descriptor '/home/the-hassan-shahzad/ros2_ws/src/openbase2/install/openbase2_description/share/openbase2_description/hook/cmake_prefix_path.dsv'
[0.790s] INFO:colcon.colcon_core.shell:Creating environment hook '/home/the-hassan-shahzad/ros2_ws/src/openbase2/install/openbase2_description/share/openbase2_description/hook/cmake_prefix_path.sh'
[0.791s] Level 1:colcon.colcon_core.environment:checking '/home/the-hassan-shahzad/ros2_ws/src/openbase2/install/openbase2_description/bin'
[0.791s] Level 1:colcon.colcon_core.environment:checking '/home/the-hassan-shahzad/ros2_ws/src/openbase2/install/openbase2_description/lib/pkgconfig/openbase2_description.pc'
[0.791s] Level 1:colcon.colcon_core.environment:checking '/home/the-hassan-shahzad/ros2_ws/src/openbase2/install/openbase2_description/lib/python3.10/site-packages'
[0.791s] Level 1:colcon.colcon_core.environment:checking '/home/the-hassan-shahzad/ros2_ws/src/openbase2/install/openbase2_description/bin'
[0.791s] INFO:colcon.colcon_core.shell:Creating package script '/home/the-hassan-shahzad/ros2_ws/src/openbase2/install/openbase2_description/share/openbase2_description/package.ps1'
[0.791s] INFO:colcon.colcon_core.shell:Creating package descriptor '/home/the-hassan-shahzad/ros2_ws/src/openbase2/install/openbase2_description/share/openbase2_description/package.dsv'
[0.792s] INFO:colcon.colcon_core.shell:Creating package script '/home/the-hassan-shahzad/ros2_ws/src/openbase2/install/openbase2_description/share/openbase2_description/package.sh'
[0.792s] INFO:colcon.colcon_core.shell:Creating package script '/home/the-hassan-shahzad/ros2_ws/src/openbase2/install/openbase2_description/share/openbase2_description/package.bash'
[0.793s] INFO:colcon.colcon_core.shell:Creating package script '/home/the-hassan-shahzad/ros2_ws/src/openbase2/install/openbase2_description/share/openbase2_description/package.zsh'
[0.793s] Level 1:colcon.colcon_core.environment:create_file_with_runtime_dependencies(/home/the-hassan-shahzad/ros2_ws/src/openbase2/install/openbase2_description/share/colcon-core/packages/openbase2_description)
[0.808s] Level 1:colcon.colcon_core.environment:create_environment_scripts_only(openbase2_description)
[0.809s] Level 1:colcon.colcon_core.environment:checking '/home/the-hassan-shahzad/ros2_ws/src/openbase2/install/openbase2_description' for CMake module files
[0.809s] Level 1:colcon.colcon_core.environment:checking '/home/the-hassan-shahzad/ros2_ws/src/openbase2/install/openbase2_description' for CMake config files
[0.809s] Level 1:colcon.colcon_core.shell:create_environment_hook('openbase2_description', 'cmake_prefix_path')
[0.810s] INFO:colcon.colcon_core.shell:Creating environment hook '/home/the-hassan-shahzad/ros2_ws/src/openbase2/install/openbase2_description/share/openbase2_description/hook/cmake_prefix_path.ps1'
[0.810s] INFO:colcon.colcon_core.shell:Creating environment descriptor '/home/the-hassan-shahzad/ros2_ws/src/openbase2/install/openbase2_description/share/openbase2_description/hook/cmake_prefix_path.dsv'
[0.810s] INFO:colcon.colcon_core.shell:Creating environment hook '/home/the-hassan-shahzad/ros2_ws/src/openbase2/install/openbase2_description/share/openbase2_description/hook/cmake_prefix_path.sh'
[0.811s] Level 1:colcon.colcon_core.environment:checking '/home/the-hassan-shahzad/ros2_ws/src/openbase2/install/openbase2_description/bin'
[0.811s] Level 1:colcon.colcon_core.environment:checking '/home/the-hassan-shahzad/ros2_ws/src/openbase2/install/openbase2_description/lib/pkgconfig/openbase2_description.pc'
[0.811s] Level 1:colcon.colcon_core.environment:checking '/home/the-hassan-shahzad/ros2_ws/src/openbase2/install/openbase2_description/lib/python3.10/site-packages'
[0.812s] Level 1:colcon.colcon_core.environment:checking '/home/the-hassan-shahzad/ros2_ws/src/openbase2/install/openbase2_description/bin'
[0.812s] INFO:colcon.colcon_core.shell:Creating package script '/home/the-hassan-shahzad/ros2_ws/src/openbase2/install/openbase2_description/share/openbase2_description/package.ps1'
[0.812s] INFO:colcon.colcon_core.shell:Creating package descriptor '/home/the-hassan-shahzad/ros2_ws/src/openbase2/install/openbase2_description/share/openbase2_description/package.dsv'
[0.813s] INFO:colcon.colcon_core.shell:Creating package script '/home/the-hassan-shahzad/ros2_ws/src/openbase2/install/openbase2_description/share/openbase2_description/package.sh'
[0.813s] INFO:colcon.colcon_core.shell:Creating package script '/home/the-hassan-shahzad/ros2_ws/src/openbase2/install/openbase2_description/share/openbase2_description/package.bash'
[0.813s] INFO:colcon.colcon_core.shell:Creating package script '/home/the-hassan-shahzad/ros2_ws/src/openbase2/install/openbase2_description/share/openbase2_description/package.zsh'
[0.813s] Level 1:colcon.colcon_core.environment:create_file_with_runtime_dependencies(/home/the-hassan-shahzad/ros2_ws/src/openbase2/install/openbase2_description/share/colcon-core/packages/openbase2_description)
[0.825s] DEBUG:colcon.colcon_core.event_handler.log_command:Invoking command in '/home/the-hassan-shahzad/ros2_ws/src/openbase2/build/openbase2_msgs': CMAKE_PREFIX_PATH=/home/the-hassan-shahzad/ros2_ws/install/realsense2_description:/home/the-hassan-shahzad/ros2_ws/install/realsense2_camera:/home/the-hassan-shahzad/ros2_ws/install/realsense2_camera_msgs:/home/the-hassan-shahzad/ros2_ws/install/tello_msg:/home/the-hassan-shahzad/ros2_ws/install/tello_control:/home/the-hassan-shahzad/ros2_ws/install/simple_robot_arm_bringup:/home/the-hassan-shahzad/ros2_ws/install/serial_motor_demo_msgs:/home/the-hassan-shahzad/ros2_ws/install/sbus_serial:/home/the-hassan-shahzad/ros2_ws/install/z24_description:/home/the-hassan-shahzad/ros2_ws/install/true_a24_description:/home/the-hassan-shahzad/ros2_ws/install/tello:/home/the-hassan-shahzad/ros2_ws/install/simple_robot_arm_description:/home/the-hassan-shahzad/ros2_ws/install/serial_motor_demo:/home/the-hassan-shahzad/ros2_ws/install/rosshow:/home/the-hassan-shahzad/ros2_ws/install/rosboard:/home/the-hassan-shahzad/ros2_ws/install/radioROS:/home/the-hassan-shahzad/ros2_ws/install/pybullet_main_description:/home/the-hassan-shahzad/ros2_ws/install/openbase2_scripts:/home/the-hassan-shahzad/ros2_ws/install/m24_description:/home/the-hassan-shahzad/ros2_ws/install/bno055:/home/the-hassan-shahzad/ros2_ws/install/BiStable_scripts:/home/the-hassan-shahzad/ros2_ws/install/a24_scripts:/home/the-hassan-shahzad/ros2_ws/install/a24_description:/home/the-hassan-shahzad/ros2_ws/install/Versa4_description:/home/the-hassan-shahzad/ros2_ws/install/RoboPipe:/home/the-hassan-shahzad/ros2_ws/install/BiStable_description:/opt/ros/humble:/home/the-hassan-shahzad/ros2_ws/install/openbase2_msgs:/home/the-hassan-shahzad/ros2_ws/install/openbase2_description:/home/the-hassan-shahzad/ros2_ws/install/my_bot:/home/the-hassan-shahzad/ros2_ws/install/bistable_bringup:/home/the-hassan-shahzad/ros2_ws/install/micro_ros_agent:/home/the-hassan-shahzad/ros2_ws/install/bistable_interfaces:/home/the-hassan-shahzad/ros2_ws/install/a24_bringup /usr/bin/cmake --install /home/the-hassan-shahzad/ros2_ws/src/openbase2/build/openbase2_msgs
[0.870s] Level 1:colcon.colcon_core.environment:create_environment_scripts_only(openbase2_msgs)
[0.871s] Level 1:colcon.colcon_core.environment:checking '/home/the-hassan-shahzad/ros2_ws/src/openbase2/install/openbase2_msgs' for CMake module files
[0.871s] DEBUG:colcon.colcon_core.event_handler.log_command:Invoked command in '/home/the-hassan-shahzad/ros2_ws/src/openbase2/build/openbase2_msgs' returned '0': CMAKE_PREFIX_PATH=/home/the-hassan-shahzad/ros2_ws/install/realsense2_description:/home/the-hassan-shahzad/ros2_ws/install/realsense2_camera:/home/the-hassan-shahzad/ros2_ws/install/realsense2_camera_msgs:/home/the-hassan-shahzad/ros2_ws/install/tello_msg:/home/the-hassan-shahzad/ros2_ws/install/tello_control:/home/the-hassan-shahzad/ros2_ws/install/simple_robot_arm_bringup:/home/the-hassan-shahzad/ros2_ws/install/serial_motor_demo_msgs:/home/the-hassan-shahzad/ros2_ws/install/sbus_serial:/home/the-hassan-shahzad/ros2_ws/install/z24_description:/home/the-hassan-shahzad/ros2_ws/install/true_a24_description:/home/the-hassan-shahzad/ros2_ws/install/tello:/home/the-hassan-shahzad/ros2_ws/install/simple_robot_arm_description:/home/the-hassan-shahzad/ros2_ws/install/serial_motor_demo:/home/the-hassan-shahzad/ros2_ws/install/rosshow:/home/the-hassan-shahzad/ros2_ws/install/rosboard:/home/the-hassan-shahzad/ros2_ws/install/radioROS:/home/the-hassan-shahzad/ros2_ws/install/pybullet_main_description:/home/the-hassan-shahzad/ros2_ws/install/openbase2_scripts:/home/the-hassan-shahzad/ros2_ws/install/m24_description:/home/the-hassan-shahzad/ros2_ws/install/bno055:/home/the-hassan-shahzad/ros2_ws/install/BiStable_scripts:/home/the-hassan-shahzad/ros2_ws/install/a24_scripts:/home/the-hassan-shahzad/ros2_ws/install/a24_description:/home/the-hassan-shahzad/ros2_ws/install/Versa4_description:/home/the-hassan-shahzad/ros2_ws/install/RoboPipe:/home/the-hassan-shahzad/ros2_ws/install/BiStable_description:/opt/ros/humble:/home/the-hassan-shahzad/ros2_ws/install/openbase2_msgs:/home/the-hassan-shahzad/ros2_ws/install/openbase2_description:/home/the-hassan-shahzad/ros2_ws/install/my_bot:/home/the-hassan-shahzad/ros2_ws/install/bistable_bringup:/home/the-hassan-shahzad/ros2_ws/install/micro_ros_agent:/home/the-hassan-shahzad/ros2_ws/install/bistable_interfaces:/home/the-hassan-shahzad/ros2_ws/install/a24_bringup /usr/bin/cmake --install /home/the-hassan-shahzad/ros2_ws/src/openbase2/build/openbase2_msgs
[0.872s] Level 1:colcon.colcon_core.environment:checking '/home/the-hassan-shahzad/ros2_ws/src/openbase2/install/openbase2_msgs' for CMake config files
[0.872s] Level 1:colcon.colcon_core.shell:create_environment_hook('openbase2_msgs', 'cmake_prefix_path')
[0.872s] INFO:colcon.colcon_core.shell:Creating environment hook '/home/the-hassan-shahzad/ros2_ws/src/openbase2/install/openbase2_msgs/share/openbase2_msgs/hook/cmake_prefix_path.ps1'
[0.873s] INFO:colcon.colcon_core.shell:Creating environment descriptor '/home/the-hassan-shahzad/ros2_ws/src/openbase2/install/openbase2_msgs/share/openbase2_msgs/hook/cmake_prefix_path.dsv'
[0.873s] INFO:colcon.colcon_core.shell:Creating environment hook '/home/the-hassan-shahzad/ros2_ws/src/openbase2/install/openbase2_msgs/share/openbase2_msgs/hook/cmake_prefix_path.sh'
[0.874s] Level 1:colcon.colcon_core.environment:checking '/home/the-hassan-shahzad/ros2_ws/src/openbase2/install/openbase2_msgs/lib'
[0.874s] Level 1:colcon.colcon_core.shell:create_environment_hook('openbase2_msgs', 'ld_library_path_lib')
[0.874s] INFO:colcon.colcon_core.shell:Creating environment hook '/home/the-hassan-shahzad/ros2_ws/src/openbase2/install/openbase2_msgs/share/openbase2_msgs/hook/ld_library_path_lib.ps1'
[0.875s] INFO:colcon.colcon_core.shell:Creating environment descriptor '/home/the-hassan-shahzad/ros2_ws/src/openbase2/install/openbase2_msgs/share/openbase2_msgs/hook/ld_library_path_lib.dsv'
[0.875s] INFO:colcon.colcon_core.shell:Creating environment hook '/home/the-hassan-shahzad/ros2_ws/src/openbase2/install/openbase2_msgs/share/openbase2_msgs/hook/ld_library_path_lib.sh'
[0.875s] Level 1:colcon.colcon_core.environment:checking '/home/the-hassan-shahzad/ros2_ws/src/openbase2/install/openbase2_msgs/bin'
[0.875s] Level 1:colcon.colcon_core.environment:checking '/home/the-hassan-shahzad/ros2_ws/src/openbase2/install/openbase2_msgs/lib/pkgconfig/openbase2_msgs.pc'
[0.876s] Level 1:colcon.colcon_core.environment:checking '/home/the-hassan-shahzad/ros2_ws/src/openbase2/install/openbase2_msgs/lib/python3.10/site-packages'
[0.876s] Level 1:colcon.colcon_core.environment:checking '/home/the-hassan-shahzad/ros2_ws/src/openbase2/install/openbase2_msgs/bin'
[0.876s] INFO:colcon.colcon_core.shell:Creating package script '/home/the-hassan-shahzad/ros2_ws/src/openbase2/install/openbase2_msgs/share/openbase2_msgs/package.ps1'
[0.877s] INFO:colcon.colcon_core.shell:Creating package descriptor '/home/the-hassan-shahzad/ros2_ws/src/openbase2/install/openbase2_msgs/share/openbase2_msgs/package.dsv'
[0.877s] INFO:colcon.colcon_core.shell:Creating package script '/home/the-hassan-shahzad/ros2_ws/src/openbase2/install/openbase2_msgs/share/openbase2_msgs/package.sh'
[0.877s] INFO:colcon.colcon_core.shell:Creating package script '/home/the-hassan-shahzad/ros2_ws/src/openbase2/install/openbase2_msgs/share/openbase2_msgs/package.bash'
[0.877s] INFO:colcon.colcon_core.shell:Creating package script '/home/the-hassan-shahzad/ros2_ws/src/openbase2/install/openbase2_msgs/share/openbase2_msgs/package.zsh'
[0.877s] Level 1:colcon.colcon_core.environment:create_file_with_runtime_dependencies(/home/the-hassan-shahzad/ros2_ws/src/openbase2/install/openbase2_msgs/share/colcon-core/packages/openbase2_msgs)
[0.931s] Level 1:colcon.colcon_core.environment:create_environment_scripts_only(openbase2_msgs)
[0.931s] Level 1:colcon.colcon_core.environment:checking '/home/the-hassan-shahzad/ros2_ws/src/openbase2/install/openbase2_msgs' for CMake module files
[0.932s] Level 1:colcon.colcon_core.environment:checking '/home/the-hassan-shahzad/ros2_ws/src/openbase2/install/openbase2_msgs' for CMake config files
[0.932s] Level 1:colcon.colcon_core.shell:create_environment_hook('openbase2_msgs', 'cmake_prefix_path')
[0.932s] INFO:colcon.colcon_core.shell:Creating environment hook '/home/the-hassan-shahzad/ros2_ws/src/openbase2/install/openbase2_msgs/share/openbase2_msgs/hook/cmake_prefix_path.ps1'
[0.933s] INFO:colcon.colcon_core.shell:Creating environment descriptor '/home/the-hassan-shahzad/ros2_ws/src/openbase2/install/openbase2_msgs/share/openbase2_msgs/hook/cmake_prefix_path.dsv'
[0.933s] INFO:colcon.colcon_core.shell:Creating environment hook '/home/the-hassan-shahzad/ros2_ws/src/openbase2/install/openbase2_msgs/share/openbase2_msgs/hook/cmake_prefix_path.sh'
[0.933s] Level 1:colcon.colcon_core.environment:checking '/home/the-hassan-shahzad/ros2_ws/src/openbase2/install/openbase2_msgs/lib'
[0.933s] Level 1:colcon.colcon_core.shell:create_environment_hook('openbase2_msgs', 'ld_library_path_lib')
[0.933s] INFO:colcon.colcon_core.shell:Creating environment hook '/home/the-hassan-shahzad/ros2_ws/src/openbase2/install/openbase2_msgs/share/openbase2_msgs/hook/ld_library_path_lib.ps1'
[0.933s] INFO:colcon.colcon_core.shell:Creating environment descriptor '/home/the-hassan-shahzad/ros2_ws/src/openbase2/install/openbase2_msgs/share/openbase2_msgs/hook/ld_library_path_lib.dsv'
[0.934s] INFO:colcon.colcon_core.shell:Creating environment hook '/home/the-hassan-shahzad/ros2_ws/src/openbase2/install/openbase2_msgs/share/openbase2_msgs/hook/ld_library_path_lib.sh'
[0.934s] Level 1:colcon.colcon_core.environment:checking '/home/the-hassan-shahzad/ros2_ws/src/openbase2/install/openbase2_msgs/bin'
[0.934s] Level 1:colcon.colcon_core.environment:checking '/home/the-hassan-shahzad/ros2_ws/src/openbase2/install/openbase2_msgs/lib/pkgconfig/openbase2_msgs.pc'
[0.934s] Level 1:colcon.colcon_core.environment:checking '/home/the-hassan-shahzad/ros2_ws/src/openbase2/install/openbase2_msgs/lib/python3.10/site-packages'
[0.934s] Level 1:colcon.colcon_core.environment:checking '/home/the-hassan-shahzad/ros2_ws/src/openbase2/install/openbase2_msgs/bin'
[0.934s] INFO:colcon.colcon_core.shell:Creating package script '/home/the-hassan-shahzad/ros2_ws/src/openbase2/install/openbase2_msgs/share/openbase2_msgs/package.ps1'
[0.935s] INFO:colcon.colcon_core.shell:Creating package descriptor '/home/the-hassan-shahzad/ros2_ws/src/openbase2/install/openbase2_msgs/share/openbase2_msgs/package.dsv'
[0.935s] INFO:colcon.colcon_core.shell:Creating package script '/home/the-hassan-shahzad/ros2_ws/src/openbase2/install/openbase2_msgs/share/openbase2_msgs/package.sh'
[0.935s] INFO:colcon.colcon_core.shell:Creating package script '/home/the-hassan-shahzad/ros2_ws/src/openbase2/install/openbase2_msgs/share/openbase2_msgs/package.bash'
[0.935s] INFO:colcon.colcon_core.shell:Creating package script '/home/the-hassan-shahzad/ros2_ws/src/openbase2/install/openbase2_msgs/share/openbase2_msgs/package.zsh'
[0.935s] Level 1:colcon.colcon_core.environment:create_file_with_runtime_dependencies(/home/the-hassan-shahzad/ros2_ws/src/openbase2/install/openbase2_msgs/share/colcon-core/packages/openbase2_msgs)
[1.020s] DEBUG:colcon.colcon_core.event_handler.log_command:Invoking command in '/home/the-hassan-shahzad/ros2_ws/src/openbase2/openbase2_bringup': PYTHONPATH=/home/the-hassan-shahzad/ros2_ws/src/openbase2/build/openbase2_bringup/prefix_override:/home/the-hassan-shahzad/ros2_ws/src/openbase2/install/openbase2_bringup/lib/python3.10/site-packages:${PYTHONPATH} /usr/bin/python3 -W ignore:setup.py install is deprecated setup.py egg_info --egg-base ../build/openbase2_bringup build --build-base /home/the-hassan-shahzad/ros2_ws/src/openbase2/build/openbase2_bringup/build install --record /home/the-hassan-shahzad/ros2_ws/src/openbase2/build/openbase2_bringup/install.log --single-version-externally-managed install_data
[1.026s] DEBUG:colcon.colcon_core.event_handler.log_command:Invoking command in '/home/the-hassan-shahzad/ros2_ws/src/openbase2/openbase2_scripts': PYTHONPATH=/home/the-hassan-shahzad/ros2_ws/src/openbase2/build/openbase2_scripts/prefix_override:/home/the-hassan-shahzad/ros2_ws/src/openbase2/install/openbase2_scripts/lib/python3.10/site-packages:${PYTHONPATH} /usr/bin/python3 -W ignore:setup.py install is deprecated setup.py egg_info --egg-base ../build/openbase2_scripts build --build-base /home/the-hassan-shahzad/ros2_ws/src/openbase2/build/openbase2_scripts/build install --record /home/the-hassan-shahzad/ros2_ws/src/openbase2/build/openbase2_scripts/install.log --single-version-externally-managed install_data
[1.242s] Level 1:colcon.colcon_core.environment:checking '/home/the-hassan-shahzad/ros2_ws/src/openbase2/install/openbase2_bringup' for CMake module files
[1.242s] DEBUG:colcon.colcon_core.event_handler.log_command:Invoked command in '/home/the-hassan-shahzad/ros2_ws/src/openbase2/openbase2_bringup' returned '0': PYTHONPATH=/home/the-hassan-shahzad/ros2_ws/src/openbase2/build/openbase2_bringup/prefix_override:/home/the-hassan-shahzad/ros2_ws/src/openbase2/install/openbase2_bringup/lib/python3.10/site-packages:${PYTHONPATH} /usr/bin/python3 -W ignore:setup.py install is deprecated setup.py egg_info --egg-base ../build/openbase2_bringup build --build-base /home/the-hassan-shahzad/ros2_ws/src/openbase2/build/openbase2_bringup/build install --record /home/the-hassan-shahzad/ros2_ws/src/openbase2/build/openbase2_bringup/install.log --single-version-externally-managed install_data
[1.242s] Level 1:colcon.colcon_core.environment:checking '/home/the-hassan-shahzad/ros2_ws/src/openbase2/install/openbase2_bringup' for CMake config files
[1.242s] Level 1:colcon.colcon_core.environment:checking '/home/the-hassan-shahzad/ros2_ws/src/openbase2/install/openbase2_bringup/lib'
[1.242s] Level 1:colcon.colcon_core.environment:checking '/home/the-hassan-shahzad/ros2_ws/src/openbase2/install/openbase2_bringup/bin'
[1.242s] Level 1:colcon.colcon_core.environment:checking '/home/the-hassan-shahzad/ros2_ws/src/openbase2/install/openbase2_bringup/lib/pkgconfig/openbase2_bringup.pc'
[1.243s] Level 1:colcon.colcon_core.environment:checking '/home/the-hassan-shahzad/ros2_ws/src/openbase2/install/openbase2_bringup/lib/python3.10/site-packages'
[1.243s] Level 1:colcon.colcon_core.shell:create_environment_hook('openbase2_bringup', 'pythonpath')
[1.243s] INFO:colcon.colcon_core.shell:Creating environment hook '/home/the-hassan-shahzad/ros2_ws/src/openbase2/install/openbase2_bringup/share/openbase2_bringup/hook/pythonpath.ps1'
[1.243s] INFO:colcon.colcon_core.shell:Creating environment descriptor '/home/the-hassan-shahzad/ros2_ws/src/openbase2/install/openbase2_bringup/share/openbase2_bringup/hook/pythonpath.dsv'
[1.243s] INFO:colcon.colcon_core.shell:Creating environment hook '/home/the-hassan-shahzad/ros2_ws/src/openbase2/install/openbase2_bringup/share/openbase2_bringup/hook/pythonpath.sh'
[1.244s] Level 1:colcon.colcon_core.environment:checking '/home/the-hassan-shahzad/ros2_ws/src/openbase2/install/openbase2_bringup/bin'
[1.244s] Level 1:colcon.colcon_core.environment:create_environment_scripts_only(openbase2_bringup)
[1.244s] INFO:colcon.colcon_core.shell:Creating package script '/home/the-hassan-shahzad/ros2_ws/src/openbase2/install/openbase2_bringup/share/openbase2_bringup/package.ps1'
[1.244s] INFO:colcon.colcon_core.shell:Creating package descriptor '/home/the-hassan-shahzad/ros2_ws/src/openbase2/install/openbase2_bringup/share/openbase2_bringup/package.dsv'
[1.244s] INFO:colcon.colcon_core.shell:Creating package script '/home/the-hassan-shahzad/ros2_ws/src/openbase2/install/openbase2_bringup/share/openbase2_bringup/package.sh'
[1.244s] INFO:colcon.colcon_core.shell:Creating package script '/home/the-hassan-shahzad/ros2_ws/src/openbase2/install/openbase2_bringup/share/openbase2_bringup/package.bash'
[1.245s] INFO:colcon.colcon_core.shell:Creating package script '/home/the-hassan-shahzad/ros2_ws/src/openbase2/install/openbase2_bringup/share/openbase2_bringup/package.zsh'
[1.245s] Level 1:colcon.colcon_core.environment:create_file_with_runtime_dependencies(/home/the-hassan-shahzad/ros2_ws/src/openbase2/install/openbase2_bringup/share/colcon-core/packages/openbase2_bringup)
[1.246s] Level 1:colcon.colcon_core.environment:checking '/home/the-hassan-shahzad/ros2_ws/src/openbase2/install/openbase2_scripts' for CMake module files
[1.246s] DEBUG:colcon.colcon_core.event_handler.log_command:Invoked command in '/home/the-hassan-shahzad/ros2_ws/src/openbase2/openbase2_scripts' returned '0': PYTHONPATH=/home/the-hassan-shahzad/ros2_ws/src/openbase2/build/openbase2_scripts/prefix_override:/home/the-hassan-shahzad/ros2_ws/src/openbase2/install/openbase2_scripts/lib/python3.10/site-packages:${PYTHONPATH} /usr/bin/python3 -W ignore:setup.py install is deprecated setup.py egg_info --egg-base ../build/openbase2_scripts build --build-base /home/the-hassan-shahzad/ros2_ws/src/openbase2/build/openbase2_scripts/build install --record /home/the-hassan-shahzad/ros2_ws/src/openbase2/build/openbase2_scripts/install.log --single-version-externally-managed install_data
[1.246s] Level 1:colcon.colcon_core.environment:checking '/home/the-hassan-shahzad/ros2_ws/src/openbase2/install/openbase2_scripts' for CMake config files
[1.246s] Level 1:colcon.colcon_core.environment:checking '/home/the-hassan-shahzad/ros2_ws/src/openbase2/install/openbase2_scripts/lib'
[1.247s] Level 1:colcon.colcon_core.environment:checking '/home/the-hassan-shahzad/ros2_ws/src/openbase2/install/openbase2_scripts/bin'
[1.247s] Level 1:colcon.colcon_core.environment:checking '/home/the-hassan-shahzad/ros2_ws/src/openbase2/install/openbase2_scripts/lib/pkgconfig/openbase2_scripts.pc'
[1.247s] Level 1:colcon.colcon_core.environment:checking '/home/the-hassan-shahzad/ros2_ws/src/openbase2/install/openbase2_scripts/lib/python3.10/site-packages'
[1.247s] Level 1:colcon.colcon_core.shell:create_environment_hook('openbase2_scripts', 'pythonpath')
[1.247s] INFO:colcon.colcon_core.shell:Creating environment hook '/home/the-hassan-shahzad/ros2_ws/src/openbase2/install/openbase2_scripts/share/openbase2_scripts/hook/pythonpath.ps1'
[1.247s] INFO:colcon.colcon_core.shell:Creating environment descriptor '/home/the-hassan-shahzad/ros2_ws/src/openbase2/install/openbase2_scripts/share/openbase2_scripts/hook/pythonpath.dsv'
[1.247s] INFO:colcon.colcon_core.shell:Creating environment hook '/home/the-hassan-shahzad/ros2_ws/src/openbase2/install/openbase2_scripts/share/openbase2_scripts/hook/pythonpath.sh'
[1.247s] Level 1:colcon.colcon_core.environment:checking '/home/the-hassan-shahzad/ros2_ws/src/openbase2/install/openbase2_scripts/bin'
[1.248s] Level 1:colcon.colcon_core.environment:create_environment_scripts_only(openbase2_scripts)
[1.248s] INFO:colcon.colcon_core.shell:Creating package script '/home/the-hassan-shahzad/ros2_ws/src/openbase2/install/openbase2_scripts/share/openbase2_scripts/package.ps1'
[1.248s] INFO:colcon.colcon_core.shell:Creating package descriptor '/home/the-hassan-shahzad/ros2_ws/src/openbase2/install/openbase2_scripts/share/openbase2_scripts/package.dsv'
[1.248s] INFO:colcon.colcon_core.shell:Creating package script '/home/the-hassan-shahzad/ros2_ws/src/openbase2/install/openbase2_scripts/share/openbase2_scripts/package.sh'
[1.248s] INFO:colcon.colcon_core.shell:Creating package script '/home/the-hassan-shahzad/ros2_ws/src/openbase2/install/openbase2_scripts/share/openbase2_scripts/package.bash'
[1.249s] INFO:colcon.colcon_core.shell:Creating package script '/home/the-hassan-shahzad/ros2_ws/src/openbase2/install/openbase2_scripts/share/openbase2_scripts/package.zsh'
[1.249s] Level 1:colcon.colcon_core.environment:create_file_with_runtime_dependencies(/home/the-hassan-shahzad/ros2_ws/src/openbase2/install/openbase2_scripts/share/colcon-core/packages/openbase2_scripts)
[1.249s] DEBUG:colcon.colcon_parallel_executor.executor.parallel:closing loop
[1.249s] DEBUG:colcon.colcon_parallel_executor.executor.parallel:loop closed
[1.249s] DEBUG:colcon.colcon_parallel_executor.executor.parallel:run_until_complete finished with '0'
[1.249s] DEBUG:colcon.colcon_core.event_reactor:joining thread
[1.253s] INFO:colcon.colcon_core.plugin_system:Skipping extension 'colcon_notification.desktop_notification.terminal_notifier': Not used on non-Darwin systems
[1.253s] INFO:colcon.colcon_core.plugin_system:Skipping extension 'colcon_notification.desktop_notification.win32': Not used on non-Windows systems
[1.253s] INFO:colcon.colcon_notification.desktop_notification:Sending desktop notification using 'notify2'
[1.260s] DEBUG:colcon.colcon_core.event_reactor:joined thread
[1.261s] INFO:colcon.colcon_core.shell:Creating prefix script '/home/the-hassan-shahzad/ros2_ws/src/openbase2/install/local_setup.ps1'
[1.261s] INFO:colcon.colcon_core.shell:Creating prefix util module '/home/the-hassan-shahzad/ros2_ws/src/openbase2/install/_local_setup_util_ps1.py'
[1.262s] INFO:colcon.colcon_core.shell:Creating prefix chain script '/home/the-hassan-shahzad/ros2_ws/src/openbase2/install/setup.ps1'
[1.263s] INFO:colcon.colcon_core.shell:Creating prefix script '/home/the-hassan-shahzad/ros2_ws/src/openbase2/install/local_setup.sh'
[1.263s] INFO:colcon.colcon_core.shell:Creating prefix util module '/home/the-hassan-shahzad/ros2_ws/src/openbase2/install/_local_setup_util_sh.py'
[1.264s] INFO:colcon.colcon_core.shell:Creating prefix chain script '/home/the-hassan-shahzad/ros2_ws/src/openbase2/install/setup.sh'
[1.265s] INFO:colcon.colcon_core.shell:Creating prefix script '/home/the-hassan-shahzad/ros2_ws/src/openbase2/install/local_setup.bash'
[1.265s] INFO:colcon.colcon_core.shell:Creating prefix chain script '/home/the-hassan-shahzad/ros2_ws/src/openbase2/install/setup.bash'
[1.266s] INFO:colcon.colcon_core.shell:Creating prefix script '/home/the-hassan-shahzad/ros2_ws/src/openbase2/install/local_setup.zsh'
[1.266s] INFO:colcon.colcon_core.shell:Creating prefix chain script '/home/the-hassan-shahzad/ros2_ws/src/openbase2/install/setup.zsh'
