[0.078s] DEBUG:colcon:Command line arguments: ['/usr/bin/colcon', 'build']
[0.078s] DEBUG:colcon:Parsed command line arguments: Namespace(log_base=None, log_level=None, verb_name='build', build_base='build', install_base='install', merge_install=False, symlink_install=False, test_result_base=None, continue_on_error=False, executor='parallel', parallel_workers=16, event_handlers=None, ignore_user_meta=False, metas=['./colcon.meta'], base_paths=['.'], packages_ignore=None, packages_ignore_regex=None, paths=None, packages_up_to=None, packages_up_to_regex=None, packages_above=None, packages_above_and_dependencies=None, packages_above_depth=None, packages_select_by_dep=None, packages_skip_by_dep=None, packages_skip_up_to=None, packages_select_build_failed=False, packages_skip_build_finished=False, packages_select_test_failures=False, packages_skip_test_passed=False, packages_select=None, packages_skip=None, packages_select_regex=None, packages_skip_regex=None, packages_start=None, packages_end=None, allow_overriding=[], cmake_args=None, cmake_target=None, cmake_target_skip_unavailable=False, cmake_clean_cache=False, cmake_clean_first=False, cmake_force_configure=False, ament_cmake_args=None, catkin_cmake_args=None, catkin_skip_building_tests=False, mixin_files=None, mixin=None, verb_parser=<colcon_mixin.mixin.mixin_argument.MixinArgumentDecorator object at 0x781b28772950>, verb_extension=<colcon_core.verb.build.BuildVerb object at 0x781b28771f30>, main=<bound method BuildVerb.main of <colcon_core.verb.build.BuildVerb object at 0x781b28771f30>>, mixin_verb=('build',))
[0.211s] Level 1:colcon.colcon_core.package_discovery:discover_packages(colcon_meta) check parameters
[0.211s] Level 1:colcon.colcon_core.package_discovery:discover_packages(recursive) check parameters
[0.211s] Level 1:colcon.colcon_core.package_discovery:discover_packages(ignore) check parameters
[0.211s] Level 1:colcon.colcon_core.package_discovery:discover_packages(path) check parameters
[0.211s] Level 1:colcon.colcon_core.package_discovery:discover_packages(colcon_meta) discover
[0.211s] Level 1:colcon.colcon_core.package_discovery:discover_packages(recursive) discover
[0.211s] INFO:colcon.colcon_core.package_discovery:Crawling recursively for packages in '/home/the-hassan-shahzad/ros2_ws/src/openbase2'
[0.211s] Level 1:colcon.colcon_core.package_identification:_identify(.) by extensions ['ignore', 'ignore_ament_install']
[0.211s] Level 1:colcon.colcon_core.package_identification:_identify(.) by extension 'ignore'
[0.211s] Level 1:colcon.colcon_core.package_identification:_identify(.) by extension 'ignore_ament_install'
[0.211s] Level 1:colcon.colcon_core.package_identification:_identify(.) by extensions ['colcon_pkg']
[0.211s] Level 1:colcon.colcon_core.package_identification:_identify(.) by extension 'colcon_pkg'
[0.211s] Level 1:colcon.colcon_core.package_identification:_identify(.) by extensions ['colcon_meta']
[0.211s] Level 1:colcon.colcon_core.package_identification:_identify(.) by extension 'colcon_meta'
[0.211s] Level 1:colcon.colcon_core.package_identification:_identify(.) by extensions ['ros']
[0.211s] Level 1:colcon.colcon_core.package_identification:_identify(.) by extension 'ros'
[0.223s] Level 1:colcon.colcon_core.package_identification:_identify(.) by extensions ['cmake', 'python']
[0.223s] Level 1:colcon.colcon_core.package_identification:_identify(.) by extension 'cmake'
[0.223s] Level 1:colcon.colcon_core.package_identification:_identify(.) by extension 'python'
[0.223s] Level 1:colcon.colcon_core.package_identification:_identify(.) by extensions ['python_setup_py']
[0.223s] Level 1:colcon.colcon_core.package_identification:_identify(.) by extension 'python_setup_py'
[0.223s] Level 1:colcon.colcon_core.package_identification:_identify(build) by extensions ['ignore', 'ignore_ament_install']
[0.223s] Level 1:colcon.colcon_core.package_identification:_identify(build) by extension 'ignore'
[0.223s] Level 1:colcon.colcon_core.package_identification:_identify(build) ignored
[0.223s] Level 1:colcon.colcon_core.package_identification:_identify(install) by extensions ['ignore', 'ignore_ament_install']
[0.223s] Level 1:colcon.colcon_core.package_identification:_identify(install) by extension 'ignore'
[0.223s] Level 1:colcon.colcon_core.package_identification:_identify(install) ignored
[0.224s] Level 1:colcon.colcon_core.package_identification:_identify(log) by extensions ['ignore', 'ignore_ament_install']
[0.224s] Level 1:colcon.colcon_core.package_identification:_identify(log) by extension 'ignore'
[0.224s] Level 1:colcon.colcon_core.package_identification:_identify(log) ignored
[0.224s] Level 1:colcon.colcon_core.package_identification:_identify(openbase2_bringup) by extensions ['ignore', 'ignore_ament_install']
[0.224s] Level 1:colcon.colcon_core.package_identification:_identify(openbase2_bringup) by extension 'ignore'
[0.224s] Level 1:colcon.colcon_core.package_identification:_identify(openbase2_bringup) by extension 'ignore_ament_install'
[0.224s] Level 1:colcon.colcon_core.package_identification:_identify(openbase2_bringup) by extensions ['colcon_pkg']
[0.224s] Level 1:colcon.colcon_core.package_identification:_identify(openbase2_bringup) by extension 'colcon_pkg'
[0.224s] Level 1:colcon.colcon_core.package_identification:_identify(openbase2_bringup) by extensions ['colcon_meta']
[0.224s] Level 1:colcon.colcon_core.package_identification:_identify(openbase2_bringup) by extension 'colcon_meta'
[0.224s] Level 1:colcon.colcon_core.package_identification:_identify(openbase2_bringup) by extensions ['ros']
[0.224s] Level 1:colcon.colcon_core.package_identification:_identify(openbase2_bringup) by extension 'ros'
[0.225s] DEBUG:colcon.colcon_core.package_identification:Package 'openbase2_bringup' with type 'ros.ament_python' and name 'openbase2_bringup'
[0.225s] Level 1:colcon.colcon_core.package_identification:_identify(openbase2_description) by extensions ['ignore', 'ignore_ament_install']
[0.225s] Level 1:colcon.colcon_core.package_identification:_identify(openbase2_description) by extension 'ignore'
[0.225s] Level 1:colcon.colcon_core.package_identification:_identify(openbase2_description) by extension 'ignore_ament_install'
[0.225s] Level 1:colcon.colcon_core.package_identification:_identify(openbase2_description) by extensions ['colcon_pkg']
[0.226s] Level 1:colcon.colcon_core.package_identification:_identify(openbase2_description) by extension 'colcon_pkg'
[0.226s] Level 1:colcon.colcon_core.package_identification:_identify(openbase2_description) by extensions ['colcon_meta']
[0.226s] Level 1:colcon.colcon_core.package_identification:_identify(openbase2_description) by extension 'colcon_meta'
[0.226s] Level 1:colcon.colcon_core.package_identification:_identify(openbase2_description) by extensions ['ros']
[0.226s] Level 1:colcon.colcon_core.package_identification:_identify(openbase2_description) by extension 'ros'
[0.226s] DEBUG:colcon.colcon_core.package_identification:Package 'openbase2_description' with type 'ros.ament_cmake' and name 'openbase2_description'
[0.226s] Level 1:colcon.colcon_core.package_identification:_identify(openbase2_msgs) by extensions ['ignore', 'ignore_ament_install']
[0.226s] Level 1:colcon.colcon_core.package_identification:_identify(openbase2_msgs) by extension 'ignore'
[0.226s] Level 1:colcon.colcon_core.package_identification:_identify(openbase2_msgs) by extension 'ignore_ament_install'
[0.226s] Level 1:colcon.colcon_core.package_identification:_identify(openbase2_msgs) by extensions ['colcon_pkg']
[0.226s] Level 1:colcon.colcon_core.package_identification:_identify(openbase2_msgs) by extension 'colcon_pkg'
[0.226s] Level 1:colcon.colcon_core.package_identification:_identify(openbase2_msgs) by extensions ['colcon_meta']
[0.226s] Level 1:colcon.colcon_core.package_identification:_identify(openbase2_msgs) by extension 'colcon_meta'
[0.226s] Level 1:colcon.colcon_core.package_identification:_identify(openbase2_msgs) by extensions ['ros']
[0.226s] Level 1:colcon.colcon_core.package_identification:_identify(openbase2_msgs) by extension 'ros'
[0.226s] DEBUG:colcon.colcon_core.package_identification:Package 'openbase2_msgs' with type 'ros.ament_cmake' and name 'openbase2_msgs'
[0.226s] Level 1:colcon.colcon_core.package_identification:_identify(openbase2_scripts) by extensions ['ignore', 'ignore_ament_install']
[0.226s] Level 1:colcon.colcon_core.package_identification:_identify(openbase2_scripts) by extension 'ignore'
[0.227s] Level 1:colcon.colcon_core.package_identification:_identify(openbase2_scripts) by extension 'ignore_ament_install'
[0.227s] Level 1:colcon.colcon_core.package_identification:_identify(openbase2_scripts) by extensions ['colcon_pkg']
[0.227s] Level 1:colcon.colcon_core.package_identification:_identify(openbase2_scripts) by extension 'colcon_pkg'
[0.227s] Level 1:colcon.colcon_core.package_identification:_identify(openbase2_scripts) by extensions ['colcon_meta']
[0.227s] Level 1:colcon.colcon_core.package_identification:_identify(openbase2_scripts) by extension 'colcon_meta'
[0.227s] Level 1:colcon.colcon_core.package_identification:_identify(openbase2_scripts) by extensions ['ros']
[0.227s] Level 1:colcon.colcon_core.package_identification:_identify(openbase2_scripts) by extension 'ros'
[0.227s] DEBUG:colcon.colcon_core.package_identification:Package 'openbase2_scripts' with type 'ros.ament_python' and name 'openbase2_scripts'
[0.227s] Level 1:colcon.colcon_core.package_discovery:discover_packages(recursive) using defaults
[0.227s] Level 1:colcon.colcon_core.package_discovery:discover_packages(ignore) discover
[0.227s] Level 1:colcon.colcon_core.package_discovery:discover_packages(ignore) using defaults
[0.227s] Level 1:colcon.colcon_core.package_discovery:discover_packages(path) discover
[0.227s] Level 1:colcon.colcon_core.package_discovery:discover_packages(path) using defaults
[0.241s] Level 1:colcon.colcon_core.package_discovery:discover_packages(prefix_path) check parameters
[0.241s] Level 1:colcon.colcon_core.package_discovery:discover_packages(prefix_path) discover
[0.243s] DEBUG:colcon.colcon_installed_package_information.package_discovery:Found 33 installed packages in /home/the-hassan-shahzad/ros2_ws/install
[0.244s] DEBUG:colcon.colcon_installed_package_information.package_discovery:Found 436 installed packages in /opt/ros/humble
[0.245s] Level 1:colcon.colcon_core.package_discovery:discover_packages(prefix_path) using defaults
[0.276s] Level 5:colcon.colcon_core.verb:set package 'openbase2_bringup' build argument 'cmake_args' from command line to 'None'
[0.276s] Level 5:colcon.colcon_core.verb:set package 'openbase2_bringup' build argument 'cmake_target' from command line to 'None'
[0.276s] Level 5:colcon.colcon_core.verb:set package 'openbase2_bringup' build argument 'cmake_target_skip_unavailable' from command line to 'False'
[0.276s] Level 5:colcon.colcon_core.verb:set package 'openbase2_bringup' build argument 'cmake_clean_cache' from command line to 'False'
[0.276s] Level 5:colcon.colcon_core.verb:set package 'openbase2_bringup' build argument 'cmake_clean_first' from command line to 'False'
[0.276s] Level 5:colcon.colcon_core.verb:set package 'openbase2_bringup' build argument 'cmake_force_configure' from command line to 'False'
[0.276s] Level 5:colcon.colcon_core.verb:set package 'openbase2_bringup' build argument 'ament_cmake_args' from command line to 'None'
[0.276s] Level 5:colcon.colcon_core.verb:set package 'openbase2_bringup' build argument 'catkin_cmake_args' from command line to 'None'
[0.276s] Level 5:colcon.colcon_core.verb:set package 'openbase2_bringup' build argument 'catkin_skip_building_tests' from command line to 'False'
[0.276s] DEBUG:colcon.colcon_core.verb:Building package 'openbase2_bringup' with the following arguments: {'ament_cmake_args': None, 'build_base': '/home/the-hassan-shahzad/ros2_ws/src/openbase2/build/openbase2_bringup', 'catkin_cmake_args': None, 'catkin_skip_building_tests': False, 'cmake_args': None, 'cmake_clean_cache': False, 'cmake_clean_first': False, 'cmake_force_configure': False, 'cmake_target': None, 'cmake_target_skip_unavailable': False, 'install_base': '/home/the-hassan-shahzad/ros2_ws/src/openbase2/install/openbase2_bringup', 'merge_install': False, 'path': '/home/the-hassan-shahzad/ros2_ws/src/openbase2/openbase2_bringup', 'symlink_install': False, 'test_result_base': None}
[0.276s] Level 5:colcon.colcon_core.verb:set package 'openbase2_description' build argument 'cmake_args' from command line to 'None'
[0.276s] Level 5:colcon.colcon_core.verb:set package 'openbase2_description' build argument 'cmake_target' from command line to 'None'
[0.276s] Level 5:colcon.colcon_core.verb:set package 'openbase2_description' build argument 'cmake_target_skip_unavailable' from command line to 'False'
[0.276s] Level 5:colcon.colcon_core.verb:set package 'openbase2_description' build argument 'cmake_clean_cache' from command line to 'False'
[0.276s] Level 5:colcon.colcon_core.verb:set package 'openbase2_description' build argument 'cmake_clean_first' from command line to 'False'
[0.276s] Level 5:colcon.colcon_core.verb:set package 'openbase2_description' build argument 'cmake_force_configure' from command line to 'False'
[0.276s] Level 5:colcon.colcon_core.verb:set package 'openbase2_description' build argument 'ament_cmake_args' from command line to 'None'
[0.276s] Level 5:colcon.colcon_core.verb:set package 'openbase2_description' build argument 'catkin_cmake_args' from command line to 'None'
[0.276s] Level 5:colcon.colcon_core.verb:set package 'openbase2_description' build argument 'catkin_skip_building_tests' from command line to 'False'
[0.276s] DEBUG:colcon.colcon_core.verb:Building package 'openbase2_description' with the following arguments: {'ament_cmake_args': None, 'build_base': '/home/the-hassan-shahzad/ros2_ws/src/openbase2/build/openbase2_description', 'catkin_cmake_args': None, 'catkin_skip_building_tests': False, 'cmake_args': None, 'cmake_clean_cache': False, 'cmake_clean_first': False, 'cmake_force_configure': False, 'cmake_target': None, 'cmake_target_skip_unavailable': False, 'install_base': '/home/the-hassan-shahzad/ros2_ws/src/openbase2/install/openbase2_description', 'merge_install': False, 'path': '/home/the-hassan-shahzad/ros2_ws/src/openbase2/openbase2_description', 'symlink_install': False, 'test_result_base': None}
[0.277s] Level 5:colcon.colcon_core.verb:set package 'openbase2_msgs' build argument 'cmake_args' from command line to 'None'
[0.277s] Level 5:colcon.colcon_core.verb:set package 'openbase2_msgs' build argument 'cmake_target' from command line to 'None'
[0.277s] Level 5:colcon.colcon_core.verb:set package 'openbase2_msgs' build argument 'cmake_target_skip_unavailable' from command line to 'False'
[0.277s] Level 5:colcon.colcon_core.verb:set package 'openbase2_msgs' build argument 'cmake_clean_cache' from command line to 'False'
[0.277s] Level 5:colcon.colcon_core.verb:set package 'openbase2_msgs' build argument 'cmake_clean_first' from command line to 'False'
[0.277s] Level 5:colcon.colcon_core.verb:set package 'openbase2_msgs' build argument 'cmake_force_configure' from command line to 'False'
[0.277s] Level 5:colcon.colcon_core.verb:set package 'openbase2_msgs' build argument 'ament_cmake_args' from command line to 'None'
[0.277s] Level 5:colcon.colcon_core.verb:set package 'openbase2_msgs' build argument 'catkin_cmake_args' from command line to 'None'
[0.277s] Level 5:colcon.colcon_core.verb:set package 'openbase2_msgs' build argument 'catkin_skip_building_tests' from command line to 'False'
[0.277s] DEBUG:colcon.colcon_core.verb:Building package 'openbase2_msgs' with the following arguments: {'ament_cmake_args': None, 'build_base': '/home/the-hassan-shahzad/ros2_ws/src/openbase2/build/openbase2_msgs', 'catkin_cmake_args': None, 'catkin_skip_building_tests': False, 'cmake_args': None, 'cmake_clean_cache': False, 'cmake_clean_first': False, 'cmake_force_configure': False, 'cmake_target': None, 'cmake_target_skip_unavailable': False, 'install_base': '/home/the-hassan-shahzad/ros2_ws/src/openbase2/install/openbase2_msgs', 'merge_install': False, 'path': '/home/the-hassan-shahzad/ros2_ws/src/openbase2/openbase2_msgs', 'symlink_install': False, 'test_result_base': None}
[0.277s] Level 5:colcon.colcon_core.verb:set package 'openbase2_scripts' build argument 'cmake_args' from command line to 'None'
[0.277s] Level 5:colcon.colcon_core.verb:set package 'openbase2_scripts' build argument 'cmake_target' from command line to 'None'
[0.277s] Level 5:colcon.colcon_core.verb:set package 'openbase2_scripts' build argument 'cmake_target_skip_unavailable' from command line to 'False'
[0.277s] Level 5:colcon.colcon_core.verb:set package 'openbase2_scripts' build argument 'cmake_clean_cache' from command line to 'False'
[0.277s] Level 5:colcon.colcon_core.verb:set package 'openbase2_scripts' build argument 'cmake_clean_first' from command line to 'False'
[0.277s] Level 5:colcon.colcon_core.verb:set package 'openbase2_scripts' build argument 'cmake_force_configure' from command line to 'False'
[0.277s] Level 5:colcon.colcon_core.verb:set package 'openbase2_scripts' build argument 'ament_cmake_args' from command line to 'None'
[0.277s] Level 5:colcon.colcon_core.verb:set package 'openbase2_scripts' build argument 'catkin_cmake_args' from command line to 'None'
[0.277s] Level 5:colcon.colcon_core.verb:set package 'openbase2_scripts' build argument 'catkin_skip_building_tests' from command line to 'False'
[0.277s] DEBUG:colcon.colcon_core.verb:Building package 'openbase2_scripts' with the following arguments: {'ament_cmake_args': None, 'build_base': '/home/the-hassan-shahzad/ros2_ws/src/openbase2/build/openbase2_scripts', 'catkin_cmake_args': None, 'catkin_skip_building_tests': False, 'cmake_args': None, 'cmake_clean_cache': False, 'cmake_clean_first': False, 'cmake_force_configure': False, 'cmake_target': None, 'cmake_target_skip_unavailable': False, 'install_base': '/home/the-hassan-shahzad/ros2_ws/src/openbase2/install/openbase2_scripts', 'merge_install': False, 'path': '/home/the-hassan-shahzad/ros2_ws/src/openbase2/openbase2_scripts', 'symlink_install': False, 'test_result_base': None}
[0.277s] INFO:colcon.colcon_core.executor:Executing jobs using 'parallel' executor
[0.278s] DEBUG:colcon.colcon_parallel_executor.executor.parallel:run_until_complete
[0.278s] INFO:colcon.colcon_ros.task.ament_python.build:Building ROS package in '/home/the-hassan-shahzad/ros2_ws/src/openbase2/openbase2_bringup' with build type 'ament_python'
[0.278s] Level 1:colcon.colcon_core.shell:create_environment_hook('openbase2_bringup', 'ament_prefix_path')
[0.280s] INFO:colcon.colcon_core.plugin_system:Skipping extension 'colcon_core.shell.bat': Not used on non-Windows systems
[0.280s] INFO:colcon.colcon_core.shell:Creating environment hook '/home/the-hassan-shahzad/ros2_ws/src/openbase2/install/openbase2_bringup/share/openbase2_bringup/hook/ament_prefix_path.ps1'
[0.280s] INFO:colcon.colcon_core.shell:Creating environment descriptor '/home/the-hassan-shahzad/ros2_ws/src/openbase2/install/openbase2_bringup/share/openbase2_bringup/hook/ament_prefix_path.dsv'
[0.280s] INFO:colcon.colcon_core.shell:Creating environment hook '/home/the-hassan-shahzad/ros2_ws/src/openbase2/install/openbase2_bringup/share/openbase2_bringup/hook/ament_prefix_path.sh'
[0.281s] INFO:colcon.colcon_core.shell:Skip shell extension 'powershell' for command environment: Not usable outside of PowerShell
[0.281s] DEBUG:colcon.colcon_core.shell:Skip shell extension 'dsv' for command environment
[0.284s] INFO:colcon.colcon_ros.task.ament_cmake.build:Building ROS package in '/home/the-hassan-shahzad/ros2_ws/src/openbase2/openbase2_description' with build type 'ament_cmake'
[0.284s] INFO:colcon.colcon_cmake.task.cmake.build:Building CMake package in '/home/the-hassan-shahzad/ros2_ws/src/openbase2/openbase2_description'
[0.284s] INFO:colcon.colcon_core.shell:Skip shell extension 'powershell' for command environment: Not usable outside of PowerShell
[0.284s] DEBUG:colcon.colcon_core.shell:Skip shell extension 'dsv' for command environment
[0.287s] INFO:colcon.colcon_ros.task.ament_cmake.build:Building ROS package in '/home/the-hassan-shahzad/ros2_ws/src/openbase2/openbase2_msgs' with build type 'ament_cmake'
[0.287s] INFO:colcon.colcon_cmake.task.cmake.build:Building CMake package in '/home/the-hassan-shahzad/ros2_ws/src/openbase2/openbase2_msgs'
[0.287s] INFO:colcon.colcon_core.shell:Skip shell extension 'powershell' for command environment: Not usable outside of PowerShell
[0.287s] DEBUG:colcon.colcon_core.shell:Skip shell extension 'dsv' for command environment
[0.290s] INFO:colcon.colcon_ros.task.ament_python.build:Building ROS package in '/home/the-hassan-shahzad/ros2_ws/src/openbase2/openbase2_scripts' with build type 'ament_python'
[0.290s] Level 1:colcon.colcon_core.shell:create_environment_hook('openbase2_scripts', 'ament_prefix_path')
[0.290s] INFO:colcon.colcon_core.shell:Creating environment hook '/home/the-hassan-shahzad/ros2_ws/src/openbase2/install/openbase2_scripts/share/openbase2_scripts/hook/ament_prefix_path.ps1'
[0.291s] INFO:colcon.colcon_core.shell:Creating environment descriptor '/home/the-hassan-shahzad/ros2_ws/src/openbase2/install/openbase2_scripts/share/openbase2_scripts/hook/ament_prefix_path.dsv'
[0.291s] INFO:colcon.colcon_core.shell:Creating environment hook '/home/the-hassan-shahzad/ros2_ws/src/openbase2/install/openbase2_scripts/share/openbase2_scripts/hook/ament_prefix_path.sh'
[0.291s] INFO:colcon.colcon_core.shell:Skip shell extension 'powershell' for command environment: Not usable outside of PowerShell
[0.291s] DEBUG:colcon.colcon_core.shell:Skip shell extension 'dsv' for command environment
[0.491s] INFO:colcon.colcon_core.task.python.build:Building Python package in '/home/the-hassan-shahzad/ros2_ws/src/openbase2/openbase2_bringup'
[0.492s] INFO:colcon.colcon_core.shell:Skip shell extension 'powershell' for command environment: Not usable outside of PowerShell
[0.492s] DEBUG:colcon.colcon_core.shell:Skip shell extension 'dsv' for command environment
[0.498s] DEBUG:colcon.colcon_core.event_handler.log_command:Invoking command in '/home/the-hassan-shahzad/ros2_ws/src/openbase2/build/openbase2_description': CMAKE_PREFIX_PATH=/home/the-hassan-shahzad/ros2_ws/install/realsense2_description:/home/the-hassan-shahzad/ros2_ws/install/realsense2_camera:/home/the-hassan-shahzad/ros2_ws/install/realsense2_camera_msgs:/home/the-hassan-shahzad/ros2_ws/install/tello_msg:/home/the-hassan-shahzad/ros2_ws/install/tello_control:/home/the-hassan-shahzad/ros2_ws/install/simple_robot_arm_bringup:/home/the-hassan-shahzad/ros2_ws/install/serial_motor_demo_msgs:/home/the-hassan-shahzad/ros2_ws/install/sbus_serial:/home/the-hassan-shahzad/ros2_ws/install/z24_description:/home/the-hassan-shahzad/ros2_ws/install/true_a24_description:/home/the-hassan-shahzad/ros2_ws/install/tello:/home/the-hassan-shahzad/ros2_ws/install/simple_robot_arm_description:/home/the-hassan-shahzad/ros2_ws/install/serial_motor_demo:/home/the-hassan-shahzad/ros2_ws/install/rosshow:/home/the-hassan-shahzad/ros2_ws/install/rosboard:/home/the-hassan-shahzad/ros2_ws/install/radioROS:/home/the-hassan-shahzad/ros2_ws/install/pybullet_main_description:/home/the-hassan-shahzad/ros2_ws/install/openbase2_scripts:/home/the-hassan-shahzad/ros2_ws/install/m24_description:/home/the-hassan-shahzad/ros2_ws/install/bno055:/home/the-hassan-shahzad/ros2_ws/install/BiStable_scripts:/home/the-hassan-shahzad/ros2_ws/install/a24_scripts:/home/the-hassan-shahzad/ros2_ws/install/a24_description:/home/the-hassan-shahzad/ros2_ws/install/Versa4_description:/home/the-hassan-shahzad/ros2_ws/install/RoboPipe:/home/the-hassan-shahzad/ros2_ws/install/BiStable_description:/opt/ros/humble:/home/the-hassan-shahzad/ros2_ws/install/openbase2_msgs:/home/the-hassan-shahzad/ros2_ws/install/openbase2_description:/home/the-hassan-shahzad/ros2_ws/install/my_bot:/home/the-hassan-shahzad/ros2_ws/install/bistable_bringup:/home/the-hassan-shahzad/ros2_ws/install/micro_ros_agent:/home/the-hassan-shahzad/ros2_ws/install/bistable_interfaces:/home/the-hassan-shahzad/ros2_ws/install/a24_bringup /usr/bin/cmake /home/the-hassan-shahzad/ros2_ws/src/openbase2/openbase2_description -DCMAKE_INSTALL_PREFIX=/home/the-hassan-shahzad/ros2_ws/src/openbase2/install/openbase2_description
[0.501s] DEBUG:colcon.colcon_core.event_handler.log_command:Invoking command in '/home/the-hassan-shahzad/ros2_ws/src/openbase2/build/openbase2_msgs': CMAKE_PREFIX_PATH=/home/the-hassan-shahzad/ros2_ws/install/realsense2_description:/home/the-hassan-shahzad/ros2_ws/install/realsense2_camera:/home/the-hassan-shahzad/ros2_ws/install/realsense2_camera_msgs:/home/the-hassan-shahzad/ros2_ws/install/tello_msg:/home/the-hassan-shahzad/ros2_ws/install/tello_control:/home/the-hassan-shahzad/ros2_ws/install/simple_robot_arm_bringup:/home/the-hassan-shahzad/ros2_ws/install/serial_motor_demo_msgs:/home/the-hassan-shahzad/ros2_ws/install/sbus_serial:/home/the-hassan-shahzad/ros2_ws/install/z24_description:/home/the-hassan-shahzad/ros2_ws/install/true_a24_description:/home/the-hassan-shahzad/ros2_ws/install/tello:/home/the-hassan-shahzad/ros2_ws/install/simple_robot_arm_description:/home/the-hassan-shahzad/ros2_ws/install/serial_motor_demo:/home/the-hassan-shahzad/ros2_ws/install/rosshow:/home/the-hassan-shahzad/ros2_ws/install/rosboard:/home/the-hassan-shahzad/ros2_ws/install/radioROS:/home/the-hassan-shahzad/ros2_ws/install/pybullet_main_description:/home/the-hassan-shahzad/ros2_ws/install/openbase2_scripts:/home/the-hassan-shahzad/ros2_ws/install/m24_description:/home/the-hassan-shahzad/ros2_ws/install/bno055:/home/the-hassan-shahzad/ros2_ws/install/BiStable_scripts:/home/the-hassan-shahzad/ros2_ws/install/a24_scripts:/home/the-hassan-shahzad/ros2_ws/install/a24_description:/home/the-hassan-shahzad/ros2_ws/install/Versa4_description:/home/the-hassan-shahzad/ros2_ws/install/RoboPipe:/home/the-hassan-shahzad/ros2_ws/install/BiStable_description:/opt/ros/humble:/home/the-hassan-shahzad/ros2_ws/install/openbase2_msgs:/home/the-hassan-shahzad/ros2_ws/install/openbase2_description:/home/the-hassan-shahzad/ros2_ws/install/my_bot:/home/the-hassan-shahzad/ros2_ws/install/bistable_bringup:/home/the-hassan-shahzad/ros2_ws/install/micro_ros_agent:/home/the-hassan-shahzad/ros2_ws/install/bistable_interfaces:/home/the-hassan-shahzad/ros2_ws/install/a24_bringup /usr/bin/cmake /home/the-hassan-shahzad/ros2_ws/src/openbase2/openbase2_msgs -DCMAKE_INSTALL_PREFIX=/home/the-hassan-shahzad/ros2_ws/src/openbase2/install/openbase2_msgs
[0.706s] INFO:colcon.colcon_core.task.python.build:Building Python package in '/home/the-hassan-shahzad/ros2_ws/src/openbase2/openbase2_scripts'
[0.706s] INFO:colcon.colcon_core.shell:Skip shell extension 'powershell' for command environment: Not usable outside of PowerShell
[0.706s] DEBUG:colcon.colcon_core.shell:Skip shell extension 'dsv' for command environment
[1.001s] DEBUG:colcon.colcon_core.event_handler.log_command:Invoked command in '/home/the-hassan-shahzad/ros2_ws/src/openbase2/build/openbase2_description' returned '0': CMAKE_PREFIX_PATH=/home/the-hassan-shahzad/ros2_ws/install/realsense2_description:/home/the-hassan-shahzad/ros2_ws/install/realsense2_camera:/home/the-hassan-shahzad/ros2_ws/install/realsense2_camera_msgs:/home/the-hassan-shahzad/ros2_ws/install/tello_msg:/home/the-hassan-shahzad/ros2_ws/install/tello_control:/home/the-hassan-shahzad/ros2_ws/install/simple_robot_arm_bringup:/home/the-hassan-shahzad/ros2_ws/install/serial_motor_demo_msgs:/home/the-hassan-shahzad/ros2_ws/install/sbus_serial:/home/the-hassan-shahzad/ros2_ws/install/z24_description:/home/the-hassan-shahzad/ros2_ws/install/true_a24_description:/home/the-hassan-shahzad/ros2_ws/install/tello:/home/the-hassan-shahzad/ros2_ws/install/simple_robot_arm_description:/home/the-hassan-shahzad/ros2_ws/install/serial_motor_demo:/home/the-hassan-shahzad/ros2_ws/install/rosshow:/home/the-hassan-shahzad/ros2_ws/install/rosboard:/home/the-hassan-shahzad/ros2_ws/install/radioROS:/home/the-hassan-shahzad/ros2_ws/install/pybullet_main_description:/home/the-hassan-shahzad/ros2_ws/install/openbase2_scripts:/home/the-hassan-shahzad/ros2_ws/install/m24_description:/home/the-hassan-shahzad/ros2_ws/install/bno055:/home/the-hassan-shahzad/ros2_ws/install/BiStable_scripts:/home/the-hassan-shahzad/ros2_ws/install/a24_scripts:/home/the-hassan-shahzad/ros2_ws/install/a24_description:/home/the-hassan-shahzad/ros2_ws/install/Versa4_description:/home/the-hassan-shahzad/ros2_ws/install/RoboPipe:/home/the-hassan-shahzad/ros2_ws/install/BiStable_description:/opt/ros/humble:/home/the-hassan-shahzad/ros2_ws/install/openbase2_msgs:/home/the-hassan-shahzad/ros2_ws/install/openbase2_description:/home/the-hassan-shahzad/ros2_ws/install/my_bot:/home/the-hassan-shahzad/ros2_ws/install/bistable_bringup:/home/the-hassan-shahzad/ros2_ws/install/micro_ros_agent:/home/the-hassan-shahzad/ros2_ws/install/bistable_interfaces:/home/the-hassan-shahzad/ros2_ws/install/a24_bringup /usr/bin/cmake /home/the-hassan-shahzad/ros2_ws/src/openbase2/openbase2_description -DCMAKE_INSTALL_PREFIX=/home/the-hassan-shahzad/ros2_ws/src/openbase2/install/openbase2_description
[1.001s] DEBUG:colcon.colcon_core.event_handler.log_command:Invoking command in '/home/the-hassan-shahzad/ros2_ws/src/openbase2/build/openbase2_description': CMAKE_PREFIX_PATH=/home/the-hassan-shahzad/ros2_ws/install/realsense2_description:/home/the-hassan-shahzad/ros2_ws/install/realsense2_camera:/home/the-hassan-shahzad/ros2_ws/install/realsense2_camera_msgs:/home/the-hassan-shahzad/ros2_ws/install/tello_msg:/home/the-hassan-shahzad/ros2_ws/install/tello_control:/home/the-hassan-shahzad/ros2_ws/install/simple_robot_arm_bringup:/home/the-hassan-shahzad/ros2_ws/install/serial_motor_demo_msgs:/home/the-hassan-shahzad/ros2_ws/install/sbus_serial:/home/the-hassan-shahzad/ros2_ws/install/z24_description:/home/the-hassan-shahzad/ros2_ws/install/true_a24_description:/home/the-hassan-shahzad/ros2_ws/install/tello:/home/the-hassan-shahzad/ros2_ws/install/simple_robot_arm_description:/home/the-hassan-shahzad/ros2_ws/install/serial_motor_demo:/home/the-hassan-shahzad/ros2_ws/install/rosshow:/home/the-hassan-shahzad/ros2_ws/install/rosboard:/home/the-hassan-shahzad/ros2_ws/install/radioROS:/home/the-hassan-shahzad/ros2_ws/install/pybullet_main_description:/home/the-hassan-shahzad/ros2_ws/install/openbase2_scripts:/home/the-hassan-shahzad/ros2_ws/install/m24_description:/home/the-hassan-shahzad/ros2_ws/install/bno055:/home/the-hassan-shahzad/ros2_ws/install/BiStable_scripts:/home/the-hassan-shahzad/ros2_ws/install/a24_scripts:/home/the-hassan-shahzad/ros2_ws/install/a24_description:/home/the-hassan-shahzad/ros2_ws/install/Versa4_description:/home/the-hassan-shahzad/ros2_ws/install/RoboPipe:/home/the-hassan-shahzad/ros2_ws/install/BiStable_description:/opt/ros/humble:/home/the-hassan-shahzad/ros2_ws/install/openbase2_msgs:/home/the-hassan-shahzad/ros2_ws/install/openbase2_description:/home/the-hassan-shahzad/ros2_ws/install/my_bot:/home/the-hassan-shahzad/ros2_ws/install/bistable_bringup:/home/the-hassan-shahzad/ros2_ws/install/micro_ros_agent:/home/the-hassan-shahzad/ros2_ws/install/bistable_interfaces:/home/the-hassan-shahzad/ros2_ws/install/a24_bringup /usr/bin/cmake --build /home/the-hassan-shahzad/ros2_ws/src/openbase2/build/openbase2_description -- -j16 -l16
[1.015s] DEBUG:colcon.colcon_core.event_handler.log_command:Invoking command in '/home/the-hassan-shahzad/ros2_ws/src/openbase2/openbase2_bringup': PYTHONPATH=/home/the-hassan-shahzad/ros2_ws/src/openbase2/build/openbase2_bringup/prefix_override:/home/the-hassan-shahzad/ros2_ws/src/openbase2/install/openbase2_bringup/lib/python3.10/site-packages:${PYTHONPATH} /usr/bin/python3 -W ignore:setup.py install is deprecated setup.py egg_info --egg-base ../build/openbase2_bringup build --build-base /home/the-hassan-shahzad/ros2_ws/src/openbase2/build/openbase2_bringup/build install --record /home/the-hassan-shahzad/ros2_ws/src/openbase2/build/openbase2_bringup/install.log --single-version-externally-managed install_data
[1.017s] DEBUG:colcon.colcon_core.event_handler.log_command:Invoking command in '/home/the-hassan-shahzad/ros2_ws/src/openbase2/openbase2_scripts': PYTHONPATH=/home/the-hassan-shahzad/ros2_ws/src/openbase2/build/openbase2_scripts/prefix_override:/home/the-hassan-shahzad/ros2_ws/src/openbase2/install/openbase2_scripts/lib/python3.10/site-packages:${PYTHONPATH} /usr/bin/python3 -W ignore:setup.py install is deprecated setup.py egg_info --egg-base ../build/openbase2_scripts build --build-base /home/the-hassan-shahzad/ros2_ws/src/openbase2/build/openbase2_scripts/build install --record /home/the-hassan-shahzad/ros2_ws/src/openbase2/build/openbase2_scripts/install.log --single-version-externally-managed install_data
[1.031s] DEBUG:colcon.colcon_core.event_handler.log_command:Invoked command in '/home/the-hassan-shahzad/ros2_ws/src/openbase2/build/openbase2_description' returned '0': CMAKE_PREFIX_PATH=/home/the-hassan-shahzad/ros2_ws/install/realsense2_description:/home/the-hassan-shahzad/ros2_ws/install/realsense2_camera:/home/the-hassan-shahzad/ros2_ws/install/realsense2_camera_msgs:/home/the-hassan-shahzad/ros2_ws/install/tello_msg:/home/the-hassan-shahzad/ros2_ws/install/tello_control:/home/the-hassan-shahzad/ros2_ws/install/simple_robot_arm_bringup:/home/the-hassan-shahzad/ros2_ws/install/serial_motor_demo_msgs:/home/the-hassan-shahzad/ros2_ws/install/sbus_serial:/home/the-hassan-shahzad/ros2_ws/install/z24_description:/home/the-hassan-shahzad/ros2_ws/install/true_a24_description:/home/the-hassan-shahzad/ros2_ws/install/tello:/home/the-hassan-shahzad/ros2_ws/install/simple_robot_arm_description:/home/the-hassan-shahzad/ros2_ws/install/serial_motor_demo:/home/the-hassan-shahzad/ros2_ws/install/rosshow:/home/the-hassan-shahzad/ros2_ws/install/rosboard:/home/the-hassan-shahzad/ros2_ws/install/radioROS:/home/the-hassan-shahzad/ros2_ws/install/pybullet_main_description:/home/the-hassan-shahzad/ros2_ws/install/openbase2_scripts:/home/the-hassan-shahzad/ros2_ws/install/m24_description:/home/the-hassan-shahzad/ros2_ws/install/bno055:/home/the-hassan-shahzad/ros2_ws/install/BiStable_scripts:/home/the-hassan-shahzad/ros2_ws/install/a24_scripts:/home/the-hassan-shahzad/ros2_ws/install/a24_description:/home/the-hassan-shahzad/ros2_ws/install/Versa4_description:/home/the-hassan-shahzad/ros2_ws/install/RoboPipe:/home/the-hassan-shahzad/ros2_ws/install/BiStable_description:/opt/ros/humble:/home/the-hassan-shahzad/ros2_ws/install/openbase2_msgs:/home/the-hassan-shahzad/ros2_ws/install/openbase2_description:/home/the-hassan-shahzad/ros2_ws/install/my_bot:/home/the-hassan-shahzad/ros2_ws/install/bistable_bringup:/home/the-hassan-shahzad/ros2_ws/install/micro_ros_agent:/home/the-hassan-shahzad/ros2_ws/install/bistable_interfaces:/home/the-hassan-shahzad/ros2_ws/install/a24_bringup /usr/bin/cmake --build /home/the-hassan-shahzad/ros2_ws/src/openbase2/build/openbase2_description -- -j16 -l16
[1.053s] DEBUG:colcon.colcon_core.event_handler.log_command:Invoking command in '/home/the-hassan-shahzad/ros2_ws/src/openbase2/build/openbase2_description': CMAKE_PREFIX_PATH=/home/the-hassan-shahzad/ros2_ws/install/realsense2_description:/home/the-hassan-shahzad/ros2_ws/install/realsense2_camera:/home/the-hassan-shahzad/ros2_ws/install/realsense2_camera_msgs:/home/the-hassan-shahzad/ros2_ws/install/tello_msg:/home/the-hassan-shahzad/ros2_ws/install/tello_control:/home/the-hassan-shahzad/ros2_ws/install/simple_robot_arm_bringup:/home/the-hassan-shahzad/ros2_ws/install/serial_motor_demo_msgs:/home/the-hassan-shahzad/ros2_ws/install/sbus_serial:/home/the-hassan-shahzad/ros2_ws/install/z24_description:/home/the-hassan-shahzad/ros2_ws/install/true_a24_description:/home/the-hassan-shahzad/ros2_ws/install/tello:/home/the-hassan-shahzad/ros2_ws/install/simple_robot_arm_description:/home/the-hassan-shahzad/ros2_ws/install/serial_motor_demo:/home/the-hassan-shahzad/ros2_ws/install/rosshow:/home/the-hassan-shahzad/ros2_ws/install/rosboard:/home/the-hassan-shahzad/ros2_ws/install/radioROS:/home/the-hassan-shahzad/ros2_ws/install/pybullet_main_description:/home/the-hassan-shahzad/ros2_ws/install/openbase2_scripts:/home/the-hassan-shahzad/ros2_ws/install/m24_description:/home/the-hassan-shahzad/ros2_ws/install/bno055:/home/the-hassan-shahzad/ros2_ws/install/BiStable_scripts:/home/the-hassan-shahzad/ros2_ws/install/a24_scripts:/home/the-hassan-shahzad/ros2_ws/install/a24_description:/home/the-hassan-shahzad/ros2_ws/install/Versa4_description:/home/the-hassan-shahzad/ros2_ws/install/RoboPipe:/home/the-hassan-shahzad/ros2_ws/install/BiStable_description:/opt/ros/humble:/home/the-hassan-shahzad/ros2_ws/install/openbase2_msgs:/home/the-hassan-shahzad/ros2_ws/install/openbase2_description:/home/the-hassan-shahzad/ros2_ws/install/my_bot:/home/the-hassan-shahzad/ros2_ws/install/bistable_bringup:/home/the-hassan-shahzad/ros2_ws/install/micro_ros_agent:/home/the-hassan-shahzad/ros2_ws/install/bistable_interfaces:/home/the-hassan-shahzad/ros2_ws/install/a24_bringup /usr/bin/cmake --install /home/the-hassan-shahzad/ros2_ws/src/openbase2/build/openbase2_description
[1.082s] Level 1:colcon.colcon_core.environment:create_environment_scripts_only(openbase2_description)
[1.083s] DEBUG:colcon.colcon_core.event_handler.log_command:Invoked command in '/home/the-hassan-shahzad/ros2_ws/src/openbase2/build/openbase2_description' returned '0': CMAKE_PREFIX_PATH=/home/the-hassan-shahzad/ros2_ws/install/realsense2_description:/home/the-hassan-shahzad/ros2_ws/install/realsense2_camera:/home/the-hassan-shahzad/ros2_ws/install/realsense2_camera_msgs:/home/the-hassan-shahzad/ros2_ws/install/tello_msg:/home/the-hassan-shahzad/ros2_ws/install/tello_control:/home/the-hassan-shahzad/ros2_ws/install/simple_robot_arm_bringup:/home/the-hassan-shahzad/ros2_ws/install/serial_motor_demo_msgs:/home/the-hassan-shahzad/ros2_ws/install/sbus_serial:/home/the-hassan-shahzad/ros2_ws/install/z24_description:/home/the-hassan-shahzad/ros2_ws/install/true_a24_description:/home/the-hassan-shahzad/ros2_ws/install/tello:/home/the-hassan-shahzad/ros2_ws/install/simple_robot_arm_description:/home/the-hassan-shahzad/ros2_ws/install/serial_motor_demo:/home/the-hassan-shahzad/ros2_ws/install/rosshow:/home/the-hassan-shahzad/ros2_ws/install/rosboard:/home/the-hassan-shahzad/ros2_ws/install/radioROS:/home/the-hassan-shahzad/ros2_ws/install/pybullet_main_description:/home/the-hassan-shahzad/ros2_ws/install/openbase2_scripts:/home/the-hassan-shahzad/ros2_ws/install/m24_description:/home/the-hassan-shahzad/ros2_ws/install/bno055:/home/the-hassan-shahzad/ros2_ws/install/BiStable_scripts:/home/the-hassan-shahzad/ros2_ws/install/a24_scripts:/home/the-hassan-shahzad/ros2_ws/install/a24_description:/home/the-hassan-shahzad/ros2_ws/install/Versa4_description:/home/the-hassan-shahzad/ros2_ws/install/RoboPipe:/home/the-hassan-shahzad/ros2_ws/install/BiStable_description:/opt/ros/humble:/home/the-hassan-shahzad/ros2_ws/install/openbase2_msgs:/home/the-hassan-shahzad/ros2_ws/install/openbase2_description:/home/the-hassan-shahzad/ros2_ws/install/my_bot:/home/the-hassan-shahzad/ros2_ws/install/bistable_bringup:/home/the-hassan-shahzad/ros2_ws/install/micro_ros_agent:/home/the-hassan-shahzad/ros2_ws/install/bistable_interfaces:/home/the-hassan-shahzad/ros2_ws/install/a24_bringup /usr/bin/cmake --install /home/the-hassan-shahzad/ros2_ws/src/openbase2/build/openbase2_description
[1.086s] Level 1:colcon.colcon_core.environment:checking '/home/the-hassan-shahzad/ros2_ws/src/openbase2/install/openbase2_description' for CMake module files
[1.086s] Level 1:colcon.colcon_core.environment:checking '/home/the-hassan-shahzad/ros2_ws/src/openbase2/install/openbase2_description' for CMake config files
[1.086s] Level 1:colcon.colcon_core.shell:create_environment_hook('openbase2_description', 'cmake_prefix_path')
[1.087s] INFO:colcon.colcon_core.shell:Creating environment hook '/home/the-hassan-shahzad/ros2_ws/src/openbase2/install/openbase2_description/share/openbase2_description/hook/cmake_prefix_path.ps1'
[1.087s] INFO:colcon.colcon_core.shell:Creating environment descriptor '/home/the-hassan-shahzad/ros2_ws/src/openbase2/install/openbase2_description/share/openbase2_description/hook/cmake_prefix_path.dsv'
[1.087s] INFO:colcon.colcon_core.shell:Creating environment hook '/home/the-hassan-shahzad/ros2_ws/src/openbase2/install/openbase2_description/share/openbase2_description/hook/cmake_prefix_path.sh'
[1.088s] Level 1:colcon.colcon_core.environment:checking '/home/the-hassan-shahzad/ros2_ws/src/openbase2/install/openbase2_description/bin'
[1.088s] Level 1:colcon.colcon_core.environment:checking '/home/the-hassan-shahzad/ros2_ws/src/openbase2/install/openbase2_description/lib/pkgconfig/openbase2_description.pc'
[1.088s] Level 1:colcon.colcon_core.environment:checking '/home/the-hassan-shahzad/ros2_ws/src/openbase2/install/openbase2_description/lib/python3.10/site-packages'
[1.089s] Level 1:colcon.colcon_core.environment:checking '/home/the-hassan-shahzad/ros2_ws/src/openbase2/install/openbase2_description/bin'
[1.089s] INFO:colcon.colcon_core.shell:Creating package script '/home/the-hassan-shahzad/ros2_ws/src/openbase2/install/openbase2_description/share/openbase2_description/package.ps1'
[1.090s] INFO:colcon.colcon_core.shell:Creating package descriptor '/home/the-hassan-shahzad/ros2_ws/src/openbase2/install/openbase2_description/share/openbase2_description/package.dsv'
[1.090s] INFO:colcon.colcon_core.shell:Creating package script '/home/the-hassan-shahzad/ros2_ws/src/openbase2/install/openbase2_description/share/openbase2_description/package.sh'
[1.091s] INFO:colcon.colcon_core.shell:Creating package script '/home/the-hassan-shahzad/ros2_ws/src/openbase2/install/openbase2_description/share/openbase2_description/package.bash'
[1.092s] INFO:colcon.colcon_core.shell:Creating package script '/home/the-hassan-shahzad/ros2_ws/src/openbase2/install/openbase2_description/share/openbase2_description/package.zsh'
[1.092s] Level 1:colcon.colcon_core.environment:create_file_with_runtime_dependencies(/home/the-hassan-shahzad/ros2_ws/src/openbase2/install/openbase2_description/share/colcon-core/packages/openbase2_description)
[1.108s] Level 1:colcon.colcon_core.environment:create_environment_scripts_only(openbase2_description)
[1.108s] Level 1:colcon.colcon_core.environment:checking '/home/the-hassan-shahzad/ros2_ws/src/openbase2/install/openbase2_description' for CMake module files
[1.108s] Level 1:colcon.colcon_core.environment:checking '/home/the-hassan-shahzad/ros2_ws/src/openbase2/install/openbase2_description' for CMake config files
[1.108s] Level 1:colcon.colcon_core.shell:create_environment_hook('openbase2_description', 'cmake_prefix_path')
[1.109s] INFO:colcon.colcon_core.shell:Creating environment hook '/home/the-hassan-shahzad/ros2_ws/src/openbase2/install/openbase2_description/share/openbase2_description/hook/cmake_prefix_path.ps1'
[1.109s] INFO:colcon.colcon_core.shell:Creating environment descriptor '/home/the-hassan-shahzad/ros2_ws/src/openbase2/install/openbase2_description/share/openbase2_description/hook/cmake_prefix_path.dsv'
[1.109s] INFO:colcon.colcon_core.shell:Creating environment hook '/home/the-hassan-shahzad/ros2_ws/src/openbase2/install/openbase2_description/share/openbase2_description/hook/cmake_prefix_path.sh'
[1.109s] Level 1:colcon.colcon_core.environment:checking '/home/the-hassan-shahzad/ros2_ws/src/openbase2/install/openbase2_description/bin'
[1.109s] Level 1:colcon.colcon_core.environment:checking '/home/the-hassan-shahzad/ros2_ws/src/openbase2/install/openbase2_description/lib/pkgconfig/openbase2_description.pc'
[1.110s] Level 1:colcon.colcon_core.environment:checking '/home/the-hassan-shahzad/ros2_ws/src/openbase2/install/openbase2_description/lib/python3.10/site-packages'
[1.110s] Level 1:colcon.colcon_core.environment:checking '/home/the-hassan-shahzad/ros2_ws/src/openbase2/install/openbase2_description/bin'
[1.110s] INFO:colcon.colcon_core.shell:Creating package script '/home/the-hassan-shahzad/ros2_ws/src/openbase2/install/openbase2_description/share/openbase2_description/package.ps1'
[1.110s] INFO:colcon.colcon_core.shell:Creating package descriptor '/home/the-hassan-shahzad/ros2_ws/src/openbase2/install/openbase2_description/share/openbase2_description/package.dsv'
[1.110s] INFO:colcon.colcon_core.shell:Creating package script '/home/the-hassan-shahzad/ros2_ws/src/openbase2/install/openbase2_description/share/openbase2_description/package.sh'
[1.111s] INFO:colcon.colcon_core.shell:Creating package script '/home/the-hassan-shahzad/ros2_ws/src/openbase2/install/openbase2_description/share/openbase2_description/package.bash'
[1.111s] INFO:colcon.colcon_core.shell:Creating package script '/home/the-hassan-shahzad/ros2_ws/src/openbase2/install/openbase2_description/share/openbase2_description/package.zsh'
[1.111s] Level 1:colcon.colcon_core.environment:create_file_with_runtime_dependencies(/home/the-hassan-shahzad/ros2_ws/src/openbase2/install/openbase2_description/share/colcon-core/packages/openbase2_description)
[1.236s] Level 1:colcon.colcon_core.environment:checking '/home/the-hassan-shahzad/ros2_ws/src/openbase2/install/openbase2_bringup' for CMake module files
[1.237s] DEBUG:colcon.colcon_core.event_handler.log_command:Invoked command in '/home/the-hassan-shahzad/ros2_ws/src/openbase2/openbase2_bringup' returned '0': PYTHONPATH=/home/the-hassan-shahzad/ros2_ws/src/openbase2/build/openbase2_bringup/prefix_override:/home/the-hassan-shahzad/ros2_ws/src/openbase2/install/openbase2_bringup/lib/python3.10/site-packages:${PYTHONPATH} /usr/bin/python3 -W ignore:setup.py install is deprecated setup.py egg_info --egg-base ../build/openbase2_bringup build --build-base /home/the-hassan-shahzad/ros2_ws/src/openbase2/build/openbase2_bringup/build install --record /home/the-hassan-shahzad/ros2_ws/src/openbase2/build/openbase2_bringup/install.log --single-version-externally-managed install_data
[1.237s] Level 1:colcon.colcon_core.environment:checking '/home/the-hassan-shahzad/ros2_ws/src/openbase2/install/openbase2_bringup' for CMake config files
[1.238s] Level 1:colcon.colcon_core.environment:checking '/home/the-hassan-shahzad/ros2_ws/src/openbase2/install/openbase2_bringup/lib'
[1.238s] Level 1:colcon.colcon_core.environment:checking '/home/the-hassan-shahzad/ros2_ws/src/openbase2/install/openbase2_bringup/bin'
[1.238s] Level 1:colcon.colcon_core.environment:checking '/home/the-hassan-shahzad/ros2_ws/src/openbase2/install/openbase2_bringup/lib/pkgconfig/openbase2_bringup.pc'
[1.238s] Level 1:colcon.colcon_core.environment:checking '/home/the-hassan-shahzad/ros2_ws/src/openbase2/install/openbase2_bringup/lib/python3.10/site-packages'
[1.238s] Level 1:colcon.colcon_core.shell:create_environment_hook('openbase2_bringup', 'pythonpath')
[1.238s] INFO:colcon.colcon_core.shell:Creating environment hook '/home/the-hassan-shahzad/ros2_ws/src/openbase2/install/openbase2_bringup/share/openbase2_bringup/hook/pythonpath.ps1'
[1.238s] INFO:colcon.colcon_core.shell:Creating environment descriptor '/home/the-hassan-shahzad/ros2_ws/src/openbase2/install/openbase2_bringup/share/openbase2_bringup/hook/pythonpath.dsv'
[1.239s] INFO:colcon.colcon_core.shell:Creating environment hook '/home/the-hassan-shahzad/ros2_ws/src/openbase2/install/openbase2_bringup/share/openbase2_bringup/hook/pythonpath.sh'
[1.239s] Level 1:colcon.colcon_core.environment:checking '/home/the-hassan-shahzad/ros2_ws/src/openbase2/install/openbase2_bringup/bin'
[1.239s] Level 1:colcon.colcon_core.environment:create_environment_scripts_only(openbase2_bringup)
[1.239s] INFO:colcon.colcon_core.shell:Creating package script '/home/the-hassan-shahzad/ros2_ws/src/openbase2/install/openbase2_bringup/share/openbase2_bringup/package.ps1'
[1.239s] INFO:colcon.colcon_core.shell:Creating package descriptor '/home/the-hassan-shahzad/ros2_ws/src/openbase2/install/openbase2_bringup/share/openbase2_bringup/package.dsv'
[1.240s] INFO:colcon.colcon_core.shell:Creating package script '/home/the-hassan-shahzad/ros2_ws/src/openbase2/install/openbase2_bringup/share/openbase2_bringup/package.sh'
[1.240s] INFO:colcon.colcon_core.shell:Creating package script '/home/the-hassan-shahzad/ros2_ws/src/openbase2/install/openbase2_bringup/share/openbase2_bringup/package.bash'
[1.240s] INFO:colcon.colcon_core.shell:Creating package script '/home/the-hassan-shahzad/ros2_ws/src/openbase2/install/openbase2_bringup/share/openbase2_bringup/package.zsh'
[1.240s] Level 1:colcon.colcon_core.environment:create_file_with_runtime_dependencies(/home/the-hassan-shahzad/ros2_ws/src/openbase2/install/openbase2_bringup/share/colcon-core/packages/openbase2_bringup)
[1.246s] Level 1:colcon.colcon_core.environment:checking '/home/the-hassan-shahzad/ros2_ws/src/openbase2/install/openbase2_scripts' for CMake module files
[1.246s] DEBUG:colcon.colcon_core.event_handler.log_command:Invoked command in '/home/the-hassan-shahzad/ros2_ws/src/openbase2/openbase2_scripts' returned '0': PYTHONPATH=/home/the-hassan-shahzad/ros2_ws/src/openbase2/build/openbase2_scripts/prefix_override:/home/the-hassan-shahzad/ros2_ws/src/openbase2/install/openbase2_scripts/lib/python3.10/site-packages:${PYTHONPATH} /usr/bin/python3 -W ignore:setup.py install is deprecated setup.py egg_info --egg-base ../build/openbase2_scripts build --build-base /home/the-hassan-shahzad/ros2_ws/src/openbase2/build/openbase2_scripts/build install --record /home/the-hassan-shahzad/ros2_ws/src/openbase2/build/openbase2_scripts/install.log --single-version-externally-managed install_data
[1.247s] Level 1:colcon.colcon_core.environment:checking '/home/the-hassan-shahzad/ros2_ws/src/openbase2/install/openbase2_scripts' for CMake config files
[1.247s] Level 1:colcon.colcon_core.environment:checking '/home/the-hassan-shahzad/ros2_ws/src/openbase2/install/openbase2_scripts/lib'
[1.247s] Level 1:colcon.colcon_core.environment:checking '/home/the-hassan-shahzad/ros2_ws/src/openbase2/install/openbase2_scripts/bin'
[1.247s] Level 1:colcon.colcon_core.environment:checking '/home/the-hassan-shahzad/ros2_ws/src/openbase2/install/openbase2_scripts/lib/pkgconfig/openbase2_scripts.pc'
[1.247s] Level 1:colcon.colcon_core.environment:checking '/home/the-hassan-shahzad/ros2_ws/src/openbase2/install/openbase2_scripts/lib/python3.10/site-packages'
[1.247s] Level 1:colcon.colcon_core.shell:create_environment_hook('openbase2_scripts', 'pythonpath')
[1.247s] INFO:colcon.colcon_core.shell:Creating environment hook '/home/the-hassan-shahzad/ros2_ws/src/openbase2/install/openbase2_scripts/share/openbase2_scripts/hook/pythonpath.ps1'
[1.248s] INFO:colcon.colcon_core.shell:Creating environment descriptor '/home/the-hassan-shahzad/ros2_ws/src/openbase2/install/openbase2_scripts/share/openbase2_scripts/hook/pythonpath.dsv'
[1.248s] INFO:colcon.colcon_core.shell:Creating environment hook '/home/the-hassan-shahzad/ros2_ws/src/openbase2/install/openbase2_scripts/share/openbase2_scripts/hook/pythonpath.sh'
[1.248s] Level 1:colcon.colcon_core.environment:checking '/home/the-hassan-shahzad/ros2_ws/src/openbase2/install/openbase2_scripts/bin'
[1.248s] Level 1:colcon.colcon_core.environment:create_environment_scripts_only(openbase2_scripts)
[1.248s] INFO:colcon.colcon_core.shell:Creating package script '/home/the-hassan-shahzad/ros2_ws/src/openbase2/install/openbase2_scripts/share/openbase2_scripts/package.ps1'
[1.249s] INFO:colcon.colcon_core.shell:Creating package descriptor '/home/the-hassan-shahzad/ros2_ws/src/openbase2/install/openbase2_scripts/share/openbase2_scripts/package.dsv'
[1.249s] INFO:colcon.colcon_core.shell:Creating package script '/home/the-hassan-shahzad/ros2_ws/src/openbase2/install/openbase2_scripts/share/openbase2_scripts/package.sh'
[1.249s] INFO:colcon.colcon_core.shell:Creating package script '/home/the-hassan-shahzad/ros2_ws/src/openbase2/install/openbase2_scripts/share/openbase2_scripts/package.bash'
[1.249s] INFO:colcon.colcon_core.shell:Creating package script '/home/the-hassan-shahzad/ros2_ws/src/openbase2/install/openbase2_scripts/share/openbase2_scripts/package.zsh'
[1.249s] Level 1:colcon.colcon_core.environment:create_file_with_runtime_dependencies(/home/the-hassan-shahzad/ros2_ws/src/openbase2/install/openbase2_scripts/share/colcon-core/packages/openbase2_scripts)
[1.691s] DEBUG:colcon.colcon_core.event_handler.log_command:Invoked command in '/home/the-hassan-shahzad/ros2_ws/src/openbase2/build/openbase2_msgs' returned '0': CMAKE_PREFIX_PATH=/home/the-hassan-shahzad/ros2_ws/install/realsense2_description:/home/the-hassan-shahzad/ros2_ws/install/realsense2_camera:/home/the-hassan-shahzad/ros2_ws/install/realsense2_camera_msgs:/home/the-hassan-shahzad/ros2_ws/install/tello_msg:/home/the-hassan-shahzad/ros2_ws/install/tello_control:/home/the-hassan-shahzad/ros2_ws/install/simple_robot_arm_bringup:/home/the-hassan-shahzad/ros2_ws/install/serial_motor_demo_msgs:/home/the-hassan-shahzad/ros2_ws/install/sbus_serial:/home/the-hassan-shahzad/ros2_ws/install/z24_description:/home/the-hassan-shahzad/ros2_ws/install/true_a24_description:/home/the-hassan-shahzad/ros2_ws/install/tello:/home/the-hassan-shahzad/ros2_ws/install/simple_robot_arm_description:/home/the-hassan-shahzad/ros2_ws/install/serial_motor_demo:/home/the-hassan-shahzad/ros2_ws/install/rosshow:/home/the-hassan-shahzad/ros2_ws/install/rosboard:/home/the-hassan-shahzad/ros2_ws/install/radioROS:/home/the-hassan-shahzad/ros2_ws/install/pybullet_main_description:/home/the-hassan-shahzad/ros2_ws/install/openbase2_scripts:/home/the-hassan-shahzad/ros2_ws/install/m24_description:/home/the-hassan-shahzad/ros2_ws/install/bno055:/home/the-hassan-shahzad/ros2_ws/install/BiStable_scripts:/home/the-hassan-shahzad/ros2_ws/install/a24_scripts:/home/the-hassan-shahzad/ros2_ws/install/a24_description:/home/the-hassan-shahzad/ros2_ws/install/Versa4_description:/home/the-hassan-shahzad/ros2_ws/install/RoboPipe:/home/the-hassan-shahzad/ros2_ws/install/BiStable_description:/opt/ros/humble:/home/the-hassan-shahzad/ros2_ws/install/openbase2_msgs:/home/the-hassan-shahzad/ros2_ws/install/openbase2_description:/home/the-hassan-shahzad/ros2_ws/install/my_bot:/home/the-hassan-shahzad/ros2_ws/install/bistable_bringup:/home/the-hassan-shahzad/ros2_ws/install/micro_ros_agent:/home/the-hassan-shahzad/ros2_ws/install/bistable_interfaces:/home/the-hassan-shahzad/ros2_ws/install/a24_bringup /usr/bin/cmake /home/the-hassan-shahzad/ros2_ws/src/openbase2/openbase2_msgs -DCMAKE_INSTALL_PREFIX=/home/the-hassan-shahzad/ros2_ws/src/openbase2/install/openbase2_msgs
[1.692s] DEBUG:colcon.colcon_core.event_handler.log_command:Invoking command in '/home/the-hassan-shahzad/ros2_ws/src/openbase2/build/openbase2_msgs': CMAKE_PREFIX_PATH=/home/the-hassan-shahzad/ros2_ws/install/realsense2_description:/home/the-hassan-shahzad/ros2_ws/install/realsense2_camera:/home/the-hassan-shahzad/ros2_ws/install/realsense2_camera_msgs:/home/the-hassan-shahzad/ros2_ws/install/tello_msg:/home/the-hassan-shahzad/ros2_ws/install/tello_control:/home/the-hassan-shahzad/ros2_ws/install/simple_robot_arm_bringup:/home/the-hassan-shahzad/ros2_ws/install/serial_motor_demo_msgs:/home/the-hassan-shahzad/ros2_ws/install/sbus_serial:/home/the-hassan-shahzad/ros2_ws/install/z24_description:/home/the-hassan-shahzad/ros2_ws/install/true_a24_description:/home/the-hassan-shahzad/ros2_ws/install/tello:/home/the-hassan-shahzad/ros2_ws/install/simple_robot_arm_description:/home/the-hassan-shahzad/ros2_ws/install/serial_motor_demo:/home/the-hassan-shahzad/ros2_ws/install/rosshow:/home/the-hassan-shahzad/ros2_ws/install/rosboard:/home/the-hassan-shahzad/ros2_ws/install/radioROS:/home/the-hassan-shahzad/ros2_ws/install/pybullet_main_description:/home/the-hassan-shahzad/ros2_ws/install/openbase2_scripts:/home/the-hassan-shahzad/ros2_ws/install/m24_description:/home/the-hassan-shahzad/ros2_ws/install/bno055:/home/the-hassan-shahzad/ros2_ws/install/BiStable_scripts:/home/the-hassan-shahzad/ros2_ws/install/a24_scripts:/home/the-hassan-shahzad/ros2_ws/install/a24_description:/home/the-hassan-shahzad/ros2_ws/install/Versa4_description:/home/the-hassan-shahzad/ros2_ws/install/RoboPipe:/home/the-hassan-shahzad/ros2_ws/install/BiStable_description:/opt/ros/humble:/home/the-hassan-shahzad/ros2_ws/install/openbase2_msgs:/home/the-hassan-shahzad/ros2_ws/install/openbase2_description:/home/the-hassan-shahzad/ros2_ws/install/my_bot:/home/the-hassan-shahzad/ros2_ws/install/bistable_bringup:/home/the-hassan-shahzad/ros2_ws/install/micro_ros_agent:/home/the-hassan-shahzad/ros2_ws/install/bistable_interfaces:/home/the-hassan-shahzad/ros2_ws/install/a24_bringup /usr/bin/cmake --build /home/the-hassan-shahzad/ros2_ws/src/openbase2/build/openbase2_msgs -- -j16 -l16
[2.985s] DEBUG:colcon.colcon_core.event_handler.log_command:Invoked command in '/home/the-hassan-shahzad/ros2_ws/src/openbase2/build/openbase2_msgs' returned '0': CMAKE_PREFIX_PATH=/home/the-hassan-shahzad/ros2_ws/install/realsense2_description:/home/the-hassan-shahzad/ros2_ws/install/realsense2_camera:/home/the-hassan-shahzad/ros2_ws/install/realsense2_camera_msgs:/home/the-hassan-shahzad/ros2_ws/install/tello_msg:/home/the-hassan-shahzad/ros2_ws/install/tello_control:/home/the-hassan-shahzad/ros2_ws/install/simple_robot_arm_bringup:/home/the-hassan-shahzad/ros2_ws/install/serial_motor_demo_msgs:/home/the-hassan-shahzad/ros2_ws/install/sbus_serial:/home/the-hassan-shahzad/ros2_ws/install/z24_description:/home/the-hassan-shahzad/ros2_ws/install/true_a24_description:/home/the-hassan-shahzad/ros2_ws/install/tello:/home/the-hassan-shahzad/ros2_ws/install/simple_robot_arm_description:/home/the-hassan-shahzad/ros2_ws/install/serial_motor_demo:/home/the-hassan-shahzad/ros2_ws/install/rosshow:/home/the-hassan-shahzad/ros2_ws/install/rosboard:/home/the-hassan-shahzad/ros2_ws/install/radioROS:/home/the-hassan-shahzad/ros2_ws/install/pybullet_main_description:/home/the-hassan-shahzad/ros2_ws/install/openbase2_scripts:/home/the-hassan-shahzad/ros2_ws/install/m24_description:/home/the-hassan-shahzad/ros2_ws/install/bno055:/home/the-hassan-shahzad/ros2_ws/install/BiStable_scripts:/home/the-hassan-shahzad/ros2_ws/install/a24_scripts:/home/the-hassan-shahzad/ros2_ws/install/a24_description:/home/the-hassan-shahzad/ros2_ws/install/Versa4_description:/home/the-hassan-shahzad/ros2_ws/install/RoboPipe:/home/the-hassan-shahzad/ros2_ws/install/BiStable_description:/opt/ros/humble:/home/the-hassan-shahzad/ros2_ws/install/openbase2_msgs:/home/the-hassan-shahzad/ros2_ws/install/openbase2_description:/home/the-hassan-shahzad/ros2_ws/install/my_bot:/home/the-hassan-shahzad/ros2_ws/install/bistable_bringup:/home/the-hassan-shahzad/ros2_ws/install/micro_ros_agent:/home/the-hassan-shahzad/ros2_ws/install/bistable_interfaces:/home/the-hassan-shahzad/ros2_ws/install/a24_bringup /usr/bin/cmake --build /home/the-hassan-shahzad/ros2_ws/src/openbase2/build/openbase2_msgs -- -j16 -l16
[3.064s] DEBUG:colcon.colcon_core.event_handler.log_command:Invoking command in '/home/the-hassan-shahzad/ros2_ws/src/openbase2/build/openbase2_msgs': CMAKE_PREFIX_PATH=/home/the-hassan-shahzad/ros2_ws/install/realsense2_description:/home/the-hassan-shahzad/ros2_ws/install/realsense2_camera:/home/the-hassan-shahzad/ros2_ws/install/realsense2_camera_msgs:/home/the-hassan-shahzad/ros2_ws/install/tello_msg:/home/the-hassan-shahzad/ros2_ws/install/tello_control:/home/the-hassan-shahzad/ros2_ws/install/simple_robot_arm_bringup:/home/the-hassan-shahzad/ros2_ws/install/serial_motor_demo_msgs:/home/the-hassan-shahzad/ros2_ws/install/sbus_serial:/home/the-hassan-shahzad/ros2_ws/install/z24_description:/home/the-hassan-shahzad/ros2_ws/install/true_a24_description:/home/the-hassan-shahzad/ros2_ws/install/tello:/home/the-hassan-shahzad/ros2_ws/install/simple_robot_arm_description:/home/the-hassan-shahzad/ros2_ws/install/serial_motor_demo:/home/the-hassan-shahzad/ros2_ws/install/rosshow:/home/the-hassan-shahzad/ros2_ws/install/rosboard:/home/the-hassan-shahzad/ros2_ws/install/radioROS:/home/the-hassan-shahzad/ros2_ws/install/pybullet_main_description:/home/the-hassan-shahzad/ros2_ws/install/openbase2_scripts:/home/the-hassan-shahzad/ros2_ws/install/m24_description:/home/the-hassan-shahzad/ros2_ws/install/bno055:/home/the-hassan-shahzad/ros2_ws/install/BiStable_scripts:/home/the-hassan-shahzad/ros2_ws/install/a24_scripts:/home/the-hassan-shahzad/ros2_ws/install/a24_description:/home/the-hassan-shahzad/ros2_ws/install/Versa4_description:/home/the-hassan-shahzad/ros2_ws/install/RoboPipe:/home/the-hassan-shahzad/ros2_ws/install/BiStable_description:/opt/ros/humble:/home/the-hassan-shahzad/ros2_ws/install/openbase2_msgs:/home/the-hassan-shahzad/ros2_ws/install/openbase2_description:/home/the-hassan-shahzad/ros2_ws/install/my_bot:/home/the-hassan-shahzad/ros2_ws/install/bistable_bringup:/home/the-hassan-shahzad/ros2_ws/install/micro_ros_agent:/home/the-hassan-shahzad/ros2_ws/install/bistable_interfaces:/home/the-hassan-shahzad/ros2_ws/install/a24_bringup /usr/bin/cmake --install /home/the-hassan-shahzad/ros2_ws/src/openbase2/build/openbase2_msgs
[3.120s] Level 1:colcon.colcon_core.environment:create_environment_scripts_only(openbase2_msgs)
[3.120s] Level 1:colcon.colcon_core.environment:checking '/home/the-hassan-shahzad/ros2_ws/src/openbase2/install/openbase2_msgs' for CMake module files
[3.120s] DEBUG:colcon.colcon_core.event_handler.log_command:Invoked command in '/home/the-hassan-shahzad/ros2_ws/src/openbase2/build/openbase2_msgs' returned '0': CMAKE_PREFIX_PATH=/home/the-hassan-shahzad/ros2_ws/install/realsense2_description:/home/the-hassan-shahzad/ros2_ws/install/realsense2_camera:/home/the-hassan-shahzad/ros2_ws/install/realsense2_camera_msgs:/home/the-hassan-shahzad/ros2_ws/install/tello_msg:/home/the-hassan-shahzad/ros2_ws/install/tello_control:/home/the-hassan-shahzad/ros2_ws/install/simple_robot_arm_bringup:/home/the-hassan-shahzad/ros2_ws/install/serial_motor_demo_msgs:/home/the-hassan-shahzad/ros2_ws/install/sbus_serial:/home/the-hassan-shahzad/ros2_ws/install/z24_description:/home/the-hassan-shahzad/ros2_ws/install/true_a24_description:/home/the-hassan-shahzad/ros2_ws/install/tello:/home/the-hassan-shahzad/ros2_ws/install/simple_robot_arm_description:/home/the-hassan-shahzad/ros2_ws/install/serial_motor_demo:/home/the-hassan-shahzad/ros2_ws/install/rosshow:/home/the-hassan-shahzad/ros2_ws/install/rosboard:/home/the-hassan-shahzad/ros2_ws/install/radioROS:/home/the-hassan-shahzad/ros2_ws/install/pybullet_main_description:/home/the-hassan-shahzad/ros2_ws/install/openbase2_scripts:/home/the-hassan-shahzad/ros2_ws/install/m24_description:/home/the-hassan-shahzad/ros2_ws/install/bno055:/home/the-hassan-shahzad/ros2_ws/install/BiStable_scripts:/home/the-hassan-shahzad/ros2_ws/install/a24_scripts:/home/the-hassan-shahzad/ros2_ws/install/a24_description:/home/the-hassan-shahzad/ros2_ws/install/Versa4_description:/home/the-hassan-shahzad/ros2_ws/install/RoboPipe:/home/the-hassan-shahzad/ros2_ws/install/BiStable_description:/opt/ros/humble:/home/the-hassan-shahzad/ros2_ws/install/openbase2_msgs:/home/the-hassan-shahzad/ros2_ws/install/openbase2_description:/home/the-hassan-shahzad/ros2_ws/install/my_bot:/home/the-hassan-shahzad/ros2_ws/install/bistable_bringup:/home/the-hassan-shahzad/ros2_ws/install/micro_ros_agent:/home/the-hassan-shahzad/ros2_ws/install/bistable_interfaces:/home/the-hassan-shahzad/ros2_ws/install/a24_bringup /usr/bin/cmake --install /home/the-hassan-shahzad/ros2_ws/src/openbase2/build/openbase2_msgs
[3.121s] Level 1:colcon.colcon_core.environment:checking '/home/the-hassan-shahzad/ros2_ws/src/openbase2/install/openbase2_msgs' for CMake config files
[3.121s] Level 1:colcon.colcon_core.shell:create_environment_hook('openbase2_msgs', 'cmake_prefix_path')
[3.121s] INFO:colcon.colcon_core.shell:Creating environment hook '/home/the-hassan-shahzad/ros2_ws/src/openbase2/install/openbase2_msgs/share/openbase2_msgs/hook/cmake_prefix_path.ps1'
[3.121s] INFO:colcon.colcon_core.shell:Creating environment descriptor '/home/the-hassan-shahzad/ros2_ws/src/openbase2/install/openbase2_msgs/share/openbase2_msgs/hook/cmake_prefix_path.dsv'
[3.121s] INFO:colcon.colcon_core.shell:Creating environment hook '/home/the-hassan-shahzad/ros2_ws/src/openbase2/install/openbase2_msgs/share/openbase2_msgs/hook/cmake_prefix_path.sh'
[3.122s] Level 1:colcon.colcon_core.environment:checking '/home/the-hassan-shahzad/ros2_ws/src/openbase2/install/openbase2_msgs/lib'
[3.122s] Level 1:colcon.colcon_core.shell:create_environment_hook('openbase2_msgs', 'ld_library_path_lib')
[3.122s] INFO:colcon.colcon_core.shell:Creating environment hook '/home/the-hassan-shahzad/ros2_ws/src/openbase2/install/openbase2_msgs/share/openbase2_msgs/hook/ld_library_path_lib.ps1'
[3.122s] INFO:colcon.colcon_core.shell:Creating environment descriptor '/home/the-hassan-shahzad/ros2_ws/src/openbase2/install/openbase2_msgs/share/openbase2_msgs/hook/ld_library_path_lib.dsv'
[3.122s] INFO:colcon.colcon_core.shell:Creating environment hook '/home/the-hassan-shahzad/ros2_ws/src/openbase2/install/openbase2_msgs/share/openbase2_msgs/hook/ld_library_path_lib.sh'
[3.122s] Level 1:colcon.colcon_core.environment:checking '/home/the-hassan-shahzad/ros2_ws/src/openbase2/install/openbase2_msgs/bin'
[3.122s] Level 1:colcon.colcon_core.environment:checking '/home/the-hassan-shahzad/ros2_ws/src/openbase2/install/openbase2_msgs/lib/pkgconfig/openbase2_msgs.pc'
[3.122s] Level 1:colcon.colcon_core.environment:checking '/home/the-hassan-shahzad/ros2_ws/src/openbase2/install/openbase2_msgs/lib/python3.10/site-packages'
[3.122s] Level 1:colcon.colcon_core.environment:checking '/home/the-hassan-shahzad/ros2_ws/src/openbase2/install/openbase2_msgs/bin'
[3.123s] INFO:colcon.colcon_core.shell:Creating package script '/home/the-hassan-shahzad/ros2_ws/src/openbase2/install/openbase2_msgs/share/openbase2_msgs/package.ps1'
[3.123s] INFO:colcon.colcon_core.shell:Creating package descriptor '/home/the-hassan-shahzad/ros2_ws/src/openbase2/install/openbase2_msgs/share/openbase2_msgs/package.dsv'
[3.123s] INFO:colcon.colcon_core.shell:Creating package script '/home/the-hassan-shahzad/ros2_ws/src/openbase2/install/openbase2_msgs/share/openbase2_msgs/package.sh'
[3.123s] INFO:colcon.colcon_core.shell:Creating package script '/home/the-hassan-shahzad/ros2_ws/src/openbase2/install/openbase2_msgs/share/openbase2_msgs/package.bash'
[3.123s] INFO:colcon.colcon_core.shell:Creating package script '/home/the-hassan-shahzad/ros2_ws/src/openbase2/install/openbase2_msgs/share/openbase2_msgs/package.zsh'
[3.124s] Level 1:colcon.colcon_core.environment:create_file_with_runtime_dependencies(/home/the-hassan-shahzad/ros2_ws/src/openbase2/install/openbase2_msgs/share/colcon-core/packages/openbase2_msgs)
[3.213s] Level 1:colcon.colcon_core.environment:create_environment_scripts_only(openbase2_msgs)
[3.214s] Level 1:colcon.colcon_core.environment:checking '/home/the-hassan-shahzad/ros2_ws/src/openbase2/install/openbase2_msgs' for CMake module files
[3.215s] Level 1:colcon.colcon_core.environment:checking '/home/the-hassan-shahzad/ros2_ws/src/openbase2/install/openbase2_msgs' for CMake config files
[3.215s] Level 1:colcon.colcon_core.shell:create_environment_hook('openbase2_msgs', 'cmake_prefix_path')
[3.215s] INFO:colcon.colcon_core.shell:Creating environment hook '/home/the-hassan-shahzad/ros2_ws/src/openbase2/install/openbase2_msgs/share/openbase2_msgs/hook/cmake_prefix_path.ps1'
[3.216s] INFO:colcon.colcon_core.shell:Creating environment descriptor '/home/the-hassan-shahzad/ros2_ws/src/openbase2/install/openbase2_msgs/share/openbase2_msgs/hook/cmake_prefix_path.dsv'
[3.217s] INFO:colcon.colcon_core.shell:Creating environment hook '/home/the-hassan-shahzad/ros2_ws/src/openbase2/install/openbase2_msgs/share/openbase2_msgs/hook/cmake_prefix_path.sh'
[3.217s] Level 1:colcon.colcon_core.environment:checking '/home/the-hassan-shahzad/ros2_ws/src/openbase2/install/openbase2_msgs/lib'
[3.217s] Level 1:colcon.colcon_core.shell:create_environment_hook('openbase2_msgs', 'ld_library_path_lib')
[3.218s] INFO:colcon.colcon_core.shell:Creating environment hook '/home/the-hassan-shahzad/ros2_ws/src/openbase2/install/openbase2_msgs/share/openbase2_msgs/hook/ld_library_path_lib.ps1'
[3.218s] INFO:colcon.colcon_core.shell:Creating environment descriptor '/home/the-hassan-shahzad/ros2_ws/src/openbase2/install/openbase2_msgs/share/openbase2_msgs/hook/ld_library_path_lib.dsv'
[3.218s] INFO:colcon.colcon_core.shell:Creating environment hook '/home/the-hassan-shahzad/ros2_ws/src/openbase2/install/openbase2_msgs/share/openbase2_msgs/hook/ld_library_path_lib.sh'
[3.219s] Level 1:colcon.colcon_core.environment:checking '/home/the-hassan-shahzad/ros2_ws/src/openbase2/install/openbase2_msgs/bin'
[3.219s] Level 1:colcon.colcon_core.environment:checking '/home/the-hassan-shahzad/ros2_ws/src/openbase2/install/openbase2_msgs/lib/pkgconfig/openbase2_msgs.pc'
[3.219s] Level 1:colcon.colcon_core.environment:checking '/home/the-hassan-shahzad/ros2_ws/src/openbase2/install/openbase2_msgs/lib/python3.10/site-packages'
[3.219s] Level 1:colcon.colcon_core.environment:checking '/home/the-hassan-shahzad/ros2_ws/src/openbase2/install/openbase2_msgs/bin'
[3.220s] INFO:colcon.colcon_core.shell:Creating package script '/home/the-hassan-shahzad/ros2_ws/src/openbase2/install/openbase2_msgs/share/openbase2_msgs/package.ps1'
[3.220s] INFO:colcon.colcon_core.shell:Creating package descriptor '/home/the-hassan-shahzad/ros2_ws/src/openbase2/install/openbase2_msgs/share/openbase2_msgs/package.dsv'
[3.221s] INFO:colcon.colcon_core.shell:Creating package script '/home/the-hassan-shahzad/ros2_ws/src/openbase2/install/openbase2_msgs/share/openbase2_msgs/package.sh'
[3.221s] INFO:colcon.colcon_core.shell:Creating package script '/home/the-hassan-shahzad/ros2_ws/src/openbase2/install/openbase2_msgs/share/openbase2_msgs/package.bash'
[3.222s] INFO:colcon.colcon_core.shell:Creating package script '/home/the-hassan-shahzad/ros2_ws/src/openbase2/install/openbase2_msgs/share/openbase2_msgs/package.zsh'
[3.222s] Level 1:colcon.colcon_core.environment:create_file_with_runtime_dependencies(/home/the-hassan-shahzad/ros2_ws/src/openbase2/install/openbase2_msgs/share/colcon-core/packages/openbase2_msgs)
[3.222s] DEBUG:colcon.colcon_parallel_executor.executor.parallel:closing loop
[3.223s] DEBUG:colcon.colcon_parallel_executor.executor.parallel:loop closed
[3.223s] DEBUG:colcon.colcon_parallel_executor.executor.parallel:run_until_complete finished with '0'
[3.223s] DEBUG:colcon.colcon_core.event_reactor:joining thread
[3.228s] INFO:colcon.colcon_core.plugin_system:Skipping extension 'colcon_notification.desktop_notification.terminal_notifier': Not used on non-Darwin systems
[3.228s] INFO:colcon.colcon_core.plugin_system:Skipping extension 'colcon_notification.desktop_notification.win32': Not used on non-Windows systems
[3.228s] INFO:colcon.colcon_notification.desktop_notification:Sending desktop notification using 'notify2'
[3.242s] DEBUG:colcon.colcon_core.event_reactor:joined thread
[3.243s] INFO:colcon.colcon_core.shell:Creating prefix script '/home/the-hassan-shahzad/ros2_ws/src/openbase2/install/local_setup.ps1'
[3.244s] INFO:colcon.colcon_core.shell:Creating prefix util module '/home/the-hassan-shahzad/ros2_ws/src/openbase2/install/_local_setup_util_ps1.py'
[3.246s] INFO:colcon.colcon_core.shell:Creating prefix chain script '/home/the-hassan-shahzad/ros2_ws/src/openbase2/install/setup.ps1'
[3.250s] INFO:colcon.colcon_core.shell:Creating prefix script '/home/the-hassan-shahzad/ros2_ws/src/openbase2/install/local_setup.sh'
[3.250s] INFO:colcon.colcon_core.shell:Creating prefix util module '/home/the-hassan-shahzad/ros2_ws/src/openbase2/install/_local_setup_util_sh.py'
[3.251s] INFO:colcon.colcon_core.shell:Creating prefix chain script '/home/the-hassan-shahzad/ros2_ws/src/openbase2/install/setup.sh'
[3.253s] INFO:colcon.colcon_core.shell:Creating prefix script '/home/the-hassan-shahzad/ros2_ws/src/openbase2/install/local_setup.bash'
[3.254s] INFO:colcon.colcon_core.shell:Creating prefix chain script '/home/the-hassan-shahzad/ros2_ws/src/openbase2/install/setup.bash'
[3.256s] INFO:colcon.colcon_core.shell:Creating prefix script '/home/the-hassan-shahzad/ros2_ws/src/openbase2/install/local_setup.zsh'
[3.256s] INFO:colcon.colcon_core.shell:Creating prefix chain script '/home/the-hassan-shahzad/ros2_ws/src/openbase2/install/setup.zsh'
