/home/the-hassan-shahzad/ros2_ws/src/openbase2/install/openbase2_scripts/lib/python3.10/site-packages/openbase2_scripts/odom_node.py
/home/the-hassan-shahzad/ros2_ws/src/openbase2/install/openbase2_scripts/lib/python3.10/site-packages/openbase2_scripts/diff_drive.py
/home/the-hassan-shahzad/ros2_ws/src/openbase2/install/openbase2_scripts/lib/python3.10/site-packages/openbase2_scripts/__init__.py
/home/the-hassan-shahzad/ros2_ws/src/openbase2/install/openbase2_scripts/lib/python3.10/site-packages/openbase2_scripts/hardware_driver.py
/home/the-hassan-shahzad/ros2_ws/src/openbase2/install/openbase2_scripts/lib/python3.10/site-packages/openbase2_scripts/__pycache__/odom_node.cpython-310.pyc
/home/the-hassan-shahzad/ros2_ws/src/openbase2/install/openbase2_scripts/lib/python3.10/site-packages/openbase2_scripts/__pycache__/diff_drive.cpython-310.pyc
/home/the-hassan-shahzad/ros2_ws/src/openbase2/install/openbase2_scripts/lib/python3.10/site-packages/openbase2_scripts/__pycache__/__init__.cpython-310.pyc
/home/the-hassan-shahzad/ros2_ws/src/openbase2/install/openbase2_scripts/lib/python3.10/site-packages/openbase2_scripts/__pycache__/hardware_driver.cpython-310.pyc
/home/the-hassan-shahzad/ros2_ws/src/openbase2/install/openbase2_scripts/share/ament_index/resource_index/packages/openbase2_scripts
/home/the-hassan-shahzad/ros2_ws/src/openbase2/install/openbase2_scripts/share/openbase2_scripts/package.xml
/home/the-hassan-shahzad/ros2_ws/src/openbase2/install/openbase2_scripts/lib/python3.10/site-packages/openbase2_scripts-0.0.0-py3.10.egg-info/requires.txt
/home/the-hassan-shahzad/ros2_ws/src/openbase2/install/openbase2_scripts/lib/python3.10/site-packages/openbase2_scripts-0.0.0-py3.10.egg-info/SOURCES.txt
/home/the-hassan-shahzad/ros2_ws/src/openbase2/install/openbase2_scripts/lib/python3.10/site-packages/openbase2_scripts-0.0.0-py3.10.egg-info/PKG-INFO
/home/the-hassan-shahzad/ros2_ws/src/openbase2/install/openbase2_scripts/lib/python3.10/site-packages/openbase2_scripts-0.0.0-py3.10.egg-info/dependency_links.txt
/home/the-hassan-shahzad/ros2_ws/src/openbase2/install/openbase2_scripts/lib/python3.10/site-packages/openbase2_scripts-0.0.0-py3.10.egg-info/entry_points.txt
/home/the-hassan-shahzad/ros2_ws/src/openbase2/install/openbase2_scripts/lib/python3.10/site-packages/openbase2_scripts-0.0.0-py3.10.egg-info/zip-safe
/home/the-hassan-shahzad/ros2_ws/src/openbase2/install/openbase2_scripts/lib/python3.10/site-packages/openbase2_scripts-0.0.0-py3.10.egg-info/top_level.txt
/home/the-hassan-shahzad/ros2_ws/src/openbase2/install/openbase2_scripts/lib/openbase2_scripts/diff_drive_node
/home/the-hassan-shahzad/ros2_ws/src/openbase2/install/openbase2_scripts/lib/openbase2_scripts/hardware_driver
/home/the-hassan-shahzad/ros2_ws/src/openbase2/install/openbase2_scripts/lib/openbase2_scripts/odom_node
